2025-07-11 16:57:51,837 [INFO] Activator:176 - 


2025-07-11 16:57:51,843 [INFO] Activator:177 - !SESSION log4j initialized
2025-07-11 16:57:58,019 [INFO] LogOutputStream:77 - [STDOUT_REDIRECT] 
2025-07-11 16:57:59,672 [ERROR] LogOutputStream:75 - [STDERR_REDIRECT] 
2025-07-11 16:58:02,583 [INFO] LogOutputStream:77 - [STDOUT_REDIRECT] 
2025-07-11 16:58:03,581 [INFO] ApplicationProperties:184 - Using Application install path: /Applications/STM32CubeIDE.app/Contents/Eclipse/plugins/com.st.stm32cube.common.mx_6.14.0.202502271554
2025-07-11 16:58:03,598 [INFO] DbMcusXml:78 - Set database path to: /Applications/STM32CubeIDE.app/Contents/Eclipse/plugins/com.st.stm32cube.common.mx_6.14.0.202502271554//db//mcu/
2025-07-11 16:58:03,598 [INFO] ApiDb:274 - Set plugin database path to: /Applications/STM32CubeIDE.app/Contents/Eclipse/plugins/com.st.stm32cube.common.mx_6.14.0.202502271554//db//plugins/boardmanager/
2025-07-11 16:58:03,599 [WARN] ApiDb:259 - Overriding images path with different value:  => /Applications/STM32CubeIDE.app/Contents/Eclipse/plugins/com.st.stm32cube.common.mx_6.14.0.202502271554//db//plugins/mcufinder/images/
2025-07-11 16:58:03,606 [INFO] ApiDb:250 - Set database path to: /Users/pfsldo/.stmcufinder/plugins/mcufinder//mcu/
2025-07-11 16:58:03,607 [INFO] DbMcusAds:125 - Set database path to: /Users/pfsldo/.stmcufinder/plugins/mcufinder//mcu/
2025-07-11 16:58:03,609 [INFO] CrossReferenceDbSqlite:203 - Set database path to: /Users/pfsldo/.stmcufinder/plugins/mcufinder//mcu/cs/
2025-07-11 16:58:03,778 [INFO] RulesReader:64 - Compatibility file has been processed (301 Rules)
2025-07-11 16:58:03,873 [INFO] DbMcusXml:78 - Set database path to: /Applications/STM32CubeIDE.app/Contents/Eclipse/plugins/com.st.stm32cube.common.mx_6.14.0.202502271554//db//mcu/
2025-07-11 16:58:03,873 [INFO] ApiDb:274 - Set plugin database path to: /Applications/STM32CubeIDE.app/Contents/Eclipse/plugins/com.st.stm32cube.common.mx_6.14.0.202502271554//db//plugins/boardmanager/
2025-07-11 16:58:03,874 [INFO] ApiDb:261 - Set plugin images path to: /Applications/STM32CubeIDE.app/Contents/Eclipse/plugins/com.st.stm32cube.common.mx_6.14.0.202502271554//db//plugins/mcufinder/images/
2025-07-11 16:58:03,874 [WARN] DbFile:41 - Overriding database path with different value: /Users/pfsldo/.stmcufinder/plugins/mcufinder/ => /Users/pfsldo/.stmcufinder/plugins/mcufinder
2025-07-11 16:58:03,874 [INFO] ApiDb:250 - Set database path to: /Users/pfsldo/.stmcufinder/plugins/mcufinder//mcu/
2025-07-11 16:58:03,874 [WARN] DbFile:41 - Overriding database path with different value: /Users/pfsldo/.stmcufinder/plugins/mcufinder/ => /Users/pfsldo/.stmcufinder/plugins/mcufinder
2025-07-11 16:58:03,874 [INFO] DbMcusAds:125 - Set database path to: /Users/pfsldo/.stmcufinder/plugins/mcufinder//mcu/
2025-07-11 16:58:03,874 [WARN] DbFile:41 - Overriding database path with different value: /Users/pfsldo/.stmcufinder/plugins/mcufinder/ => /Users/pfsldo/.stmcufinder/plugins/mcufinder
2025-07-11 16:58:03,874 [WARN] DbFile:41 - Overriding database path with different value: /Users/pfsldo/.stmcufinder/plugins/mcufinder/ => /Users/pfsldo/.stmcufinder/plugins/mcufinder
2025-07-11 16:58:03,875 [INFO] CrossReferenceDbSqlite:203 - Set database path to: /Users/pfsldo/.stmcufinder/plugins/mcufinder//mcu/cs/
2025-07-11 16:58:03,956 [INFO] MainPanel:272 - HeapMemory: 268435456
2025-07-11 16:58:04,514 [INFO] DbMcusXml:78 - Set database path to: /Applications/STM32CubeIDE.app/Contents/Eclipse/plugins/com.st.stm32cube.common.mx_6.14.0.202502271554//db//mcu/
2025-07-11 16:58:04,514 [INFO] ApiDb:274 - Set plugin database path to: /Applications/STM32CubeIDE.app/Contents/Eclipse/plugins/com.st.stm32cube.common.mx_6.14.0.202502271554//db//plugins/boardmanager/
2025-07-11 16:58:04,514 [INFO] ApiDb:261 - Set plugin images path to: /Applications/STM32CubeIDE.app/Contents/Eclipse/plugins/com.st.stm32cube.common.mx_6.14.0.202502271554//db//plugins/mcufinder/images/
2025-07-11 16:58:04,515 [WARN] DbFile:41 - Overriding database path with different value: /Users/pfsldo/.stmcufinder/plugins/mcufinder/ => /Users/pfsldo/.stmcufinder/plugins/mcufinder
2025-07-11 16:58:04,515 [INFO] ApiDb:250 - Set database path to: /Users/pfsldo/.stmcufinder/plugins/mcufinder//mcu/
2025-07-11 16:58:04,515 [WARN] DbFile:41 - Overriding database path with different value: /Users/pfsldo/.stmcufinder/plugins/mcufinder/ => /Users/pfsldo/.stmcufinder/plugins/mcufinder
2025-07-11 16:58:04,515 [INFO] DbMcusAds:125 - Set database path to: /Users/pfsldo/.stmcufinder/plugins/mcufinder//mcu/
2025-07-11 16:58:04,515 [WARN] DbFile:41 - Overriding database path with different value: /Users/pfsldo/.stmcufinder/plugins/mcufinder/ => /Users/pfsldo/.stmcufinder/plugins/mcufinder
2025-07-11 16:58:04,515 [WARN] DbFile:41 - Overriding database path with different value: /Users/pfsldo/.stmcufinder/plugins/mcufinder/ => /Users/pfsldo/.stmcufinder/plugins/mcufinder
2025-07-11 16:58:04,515 [INFO] CrossReferenceDbSqlite:203 - Set database path to: /Users/pfsldo/.stmcufinder/plugins/mcufinder//mcu/cs/
2025-07-11 16:58:04,542 [INFO] ApplicationProperties:184 - Using Application install path: /Applications/STM32CubeIDE.app/Contents/Eclipse/plugins/com.st.stm32cube.common.mx_6.14.0.202502271554
2025-07-11 16:58:04,544 [INFO] PluginManage:196 - Search for loadable plugins [exclusion list=, ]
2025-07-11 16:58:04,547 [INFO] PluginManage:310 - Check plugin analytics
2025-07-11 16:58:04,935 [INFO] AnalyticsPlugin:253 - Accepted Software Licenses: STM32CubeMX.6.14.1
2025-07-11 16:58:04,935 [INFO] AnalyticsPlugin:255 - Accepted CMSIS Pack Licenses: 
2025-07-11 16:58:04,935 [INFO] AnalyticsPlugin:257 - Accepted Firmware Licenses: FW.L4.1.18.0
2025-07-11 16:58:04,942 [INFO] PluginManage:359 - Loaded plugin analytics (category:tool,tabindex:-1)
2025-07-11 16:58:04,945 [INFO] PluginManage:310 - Check plugin cadmodel
2025-07-11 16:58:04,960 [INFO] CADModel:105 - Init CAD model plugin
2025-07-11 16:58:04,960 [INFO] PluginManage:359 - Loaded plugin cadmodel (category:power,tabindex:5)
2025-07-11 16:58:04,961 [INFO] PluginManage:310 - Check plugin clock
2025-07-11 16:58:04,975 [INFO] PluginManage:359 - Loaded plugin clock (category:base,tabindex:2)
2025-07-11 16:58:04,976 [INFO] PluginManage:310 - Check plugin ddr
2025-07-11 16:58:04,979 [INFO] PluginManage:359 - Loaded plugin ddr (category:tool,tabindex:6)
2025-07-11 16:58:04,979 [INFO] PluginManage:310 - Check plugin filemanager
2025-07-11 16:58:05,186 [INFO] PluginManage:359 - Loaded plugin filemanager (category:base,tabindex:10)
2025-07-11 16:58:05,186 [INFO] PluginManage:310 - Check plugin ipmanager
2025-07-11 16:58:05,198 [INFO] PluginManage:359 - Loaded plugin ipmanager (category:base,tabindex:5)
2025-07-11 16:58:05,199 [INFO] PluginManage:310 - Check plugin lpbam
2025-07-11 16:58:05,210 [INFO] PluginManage:359 - Loaded plugin lpbam (category:base,tabindex:0)
2025-07-11 16:58:05,210 [INFO] PluginManage:310 - Check plugin memorymap
2025-07-11 16:58:05,226 [INFO] PluginManage:359 - Loaded plugin memorymap (category:base,tabindex:4)
2025-07-11 16:58:05,226 [INFO] PluginManage:310 - Check plugin pinoutandconfiguration
2025-07-11 16:58:05,235 [INFO] PluginManage:359 - Loaded plugin pinoutandconfiguration (category:base,tabindex:1)
2025-07-11 16:58:05,235 [INFO] PluginManage:310 - Check plugin pinoutconfig
2025-07-11 16:58:05,343 [WARN] SupportedApi:132 - Cannot load RTOS API schema: s4s-elt-must-match.1: The content of 'definitions' must match (annotation?, (simpleType | complexType)?, (unique | key | keyref)*)). A problem was found starting at: attribute.
2025-07-11 16:58:05,551 [INFO] PluginManage:359 - Loaded plugin pinoutconfig (category:base,tabindex:0)
2025-07-11 16:58:05,551 [INFO] PluginManage:310 - Check plugin power
2025-07-11 16:58:05,565 [INFO] PluginManage:359 - Loaded plugin power (category:power,tabindex:4)
2025-07-11 16:58:05,565 [INFO] PluginManage:310 - Check plugin projectmanager
2025-07-11 16:58:05,595 [INFO] PluginManage:359 - Loaded plugin projectmanager (category:projectmanager,tabindex:4)
2025-07-11 16:58:05,595 [INFO] PluginManage:310 - Check plugin rif
2025-07-11 16:58:05,602 [INFO] PluginManage:359 - Loaded plugin rif (category:base,tabindex:3)
2025-07-11 16:58:05,603 [INFO] PluginManage:310 - Check plugin thirdparty
2025-07-11 16:58:05,797 [INFO] PluginManage:359 - Loaded plugin thirdparty (category:base,tabindex:-1)
2025-07-11 16:58:05,797 [INFO] PluginManage:310 - Check plugin tools
2025-07-11 16:58:05,797 [WARN] IntegrityCheckThread:84 - waiting for thirdparty lock release [integrity check]
2025-07-11 16:58:05,802 [INFO] IntegrityCheckThread:86 - entering critical section [integrity check]
2025-07-11 16:58:05,802 [INFO] ThirdPartyUpdaterWithRetryManager:70 - Updater plugin not ready yet. [1/15]
2025-07-11 16:58:05,804 [INFO] PluginManage:359 - Loaded plugin tools (category:base,tabindex:7)
2025-07-11 16:58:05,804 [INFO] PluginManage:310 - Check plugin tutovideos
2025-07-11 16:58:06,023 [INFO] PluginManage:359 - Loaded plugin tutovideos (category:base,tabindex:-1)
2025-07-11 16:58:06,024 [INFO] PluginManage:310 - Check plugin updater
2025-07-11 16:58:06,057 [INFO] PluginManage:359 - Loaded plugin updater (category:base,tabindex:12)
2025-07-11 16:58:06,057 [INFO] PluginManage:310 - Check plugin userauth
2025-07-11 16:58:06,063 [INFO] UserAuth:118 - Init User Auth plugin
2025-07-11 16:58:06,064 [INFO] PluginManage:359 - Loaded plugin userauth (category:base,tabindex:14)
2025-07-11 16:58:06,066 [INFO] PluginManage:283 - PluginManage : Loaded plugins [18]
2025-07-11 16:58:06,331 [INFO] PinOutPanel:1589 - setPackage(No Configuration,No Configuration)
2025-07-11 16:58:06,413 [INFO] CADModel:165 - CPN selected for project level
2025-07-11 16:58:06,413 [INFO] CADModel:114 - Register for checkConnection events
2025-07-11 16:58:06,425 [INFO] IPUIPlugin:80 - create IPUIPlugin
2025-07-11 16:58:06,425 [INFO] PluginManager:220 - loadIPPluginJar : add mdma
2025-07-11 16:58:06,432 [INFO] IPUIPlugin:80 - create IPUIPlugin
2025-07-11 16:58:06,432 [INFO] PluginManager:220 - loadIPPluginJar : add freertos
2025-07-11 16:58:06,435 [INFO] IPUIPlugin:80 - create IPUIPlugin
2025-07-11 16:58:06,436 [INFO] PluginManager:220 - loadIPPluginJar : add gic
2025-07-11 16:58:06,444 [INFO] IPUIPlugin:80 - create IPUIPlugin
2025-07-11 16:58:06,445 [INFO] PluginManager:220 - loadIPPluginJar : add adc
2025-07-11 16:58:06,447 [INFO] IPUIPlugin:80 - create IPUIPlugin
2025-07-11 16:58:06,447 [INFO] PluginManager:220 - loadIPPluginJar : add gtzc
2025-07-11 16:58:06,448 [INFO] IPUIPlugin:80 - create IPUIPlugin
2025-07-11 16:58:06,448 [INFO] PluginManager:220 - loadIPPluginJar : add quadspi
2025-07-11 16:58:06,450 [INFO] IPUIPlugin:80 - create IPUIPlugin
2025-07-11 16:58:06,450 [INFO] PluginManager:220 - loadIPPluginJar : add aes
2025-07-11 16:58:06,452 [INFO] IPUIPlugin:80 - create IPUIPlugin
2025-07-11 16:58:06,452 [INFO] PluginManager:220 - loadIPPluginJar : add pdm2pcm
2025-07-11 16:58:06,453 [INFO] IPUIPlugin:80 - create IPUIPlugin
2025-07-11 16:58:06,453 [INFO] PluginManager:220 - loadIPPluginJar : add hash
2025-07-11 16:58:06,454 [INFO] IPUIPlugin:80 - create IPUIPlugin
2025-07-11 16:58:06,454 [INFO] PluginManager:220 - loadIPPluginJar : add tim
2025-07-11 16:58:06,455 [INFO] IPUIPlugin:80 - create IPUIPlugin
2025-07-11 16:58:06,456 [INFO] PluginManager:220 - loadIPPluginJar : add tsc
2025-07-11 16:58:06,458 [INFO] IPUIPlugin:80 - create IPUIPlugin
2025-07-11 16:58:06,458 [INFO] PluginManager:220 - loadIPPluginJar : add extmemmanager
2025-07-11 16:58:06,498 [INFO] IPUIPlugin:80 - create IPUIPlugin
2025-07-11 16:58:06,498 [INFO] PluginManager:220 - loadIPPluginJar : add ts
2025-07-11 16:58:06,500 [INFO] IPUIPlugin:80 - create IPUIPlugin
2025-07-11 16:58:06,500 [INFO] PluginManager:220 - loadIPPluginJar : add radio
2025-07-11 16:58:06,503 [INFO] IPUIPlugin:80 - create IPUIPlugin
2025-07-11 16:58:06,503 [INFO] PluginManager:220 - loadIPPluginJar : add can
2025-07-11 16:58:06,505 [INFO] IPUIPlugin:80 - create IPUIPlugin
2025-07-11 16:58:06,505 [INFO] PluginManager:220 - loadIPPluginJar : add dma3
2025-07-11 16:58:06,507 [INFO] IPUIPlugin:80 - create IPUIPlugin
2025-07-11 16:58:06,507 [INFO] PluginManager:220 - loadIPPluginJar : add dfsdm
2025-07-11 16:58:06,514 [INFO] IPUIPlugin:80 - create IPUIPlugin
2025-07-11 16:58:06,515 [INFO] PluginManager:220 - loadIPPluginJar : add spi
2025-07-11 16:58:06,518 [INFO] IPUIPlugin:80 - create IPUIPlugin
2025-07-11 16:58:06,519 [INFO] PluginManager:220 - loadIPPluginJar : add gfxmmu
2025-07-11 16:58:06,520 [INFO] IPUIPlugin:80 - create IPUIPlugin
2025-07-11 16:58:06,521 [INFO] PluginManager:220 - loadIPPluginJar : add genericplugin
2025-07-11 16:58:06,523 [INFO] IPUIPlugin:80 - create IPUIPlugin
2025-07-11 16:58:06,524 [INFO] PluginManager:220 - loadIPPluginJar : add cryp
2025-07-11 16:58:06,528 [INFO] IPUIPlugin:80 - create IPUIPlugin
2025-07-11 16:58:06,529 [INFO] PluginManager:220 - loadIPPluginJar : add gpio
2025-07-11 16:58:06,533 [INFO] IPUIPlugin:80 - create IPUIPlugin
2025-07-11 16:58:06,534 [INFO] PluginManager:220 - loadIPPluginJar : add ddr_ctrl_phy
2025-07-11 16:58:06,538 [INFO] IPUIPlugin:80 - create IPUIPlugin
2025-07-11 16:58:06,539 [INFO] PluginManager:220 - loadIPPluginJar : add comp
2025-07-11 16:58:06,543 [INFO] IPUIPlugin:80 - create IPUIPlugin
2025-07-11 16:58:06,549 [INFO] PluginManager:220 - loadIPPluginJar : add tracer_emb
2025-07-11 16:58:06,552 [INFO] IPUIPlugin:80 - create IPUIPlugin
2025-07-11 16:58:06,553 [INFO] PluginManager:220 - loadIPPluginJar : add openamp
2025-07-11 16:58:06,558 [INFO] IPUIPlugin:80 - create IPUIPlugin
2025-07-11 16:58:06,559 [INFO] PluginManager:220 - loadIPPluginJar : add stm32_wpan
2025-07-11 16:58:06,564 [INFO] IPUIPlugin:80 - create IPUIPlugin
2025-07-11 16:58:06,567 [INFO] PluginManager:220 - loadIPPluginJar : add plateformsettings
2025-07-11 16:58:06,570 [INFO] IPUIPlugin:80 - create IPUIPlugin
2025-07-11 16:58:06,570 [INFO] PluginManager:220 - loadIPPluginJar : add ipddr
2025-07-11 16:58:06,571 [INFO] IPUIPlugin:80 - create IPUIPlugin
2025-07-11 16:58:06,572 [INFO] PluginManager:220 - loadIPPluginJar : add usart
2025-07-11 16:58:06,573 [INFO] IPUIPlugin:80 - create IPUIPlugin
2025-07-11 16:58:06,573 [INFO] PluginManager:220 - loadIPPluginJar : add ltdc
2025-07-11 16:58:06,575 [INFO] IPUIPlugin:80 - create IPUIPlugin
2025-07-11 16:58:06,576 [INFO] PluginManager:220 - loadIPPluginJar : add nvic
2025-07-11 16:58:06,577 [INFO] IPUIPlugin:80 - create IPUIPlugin
2025-07-11 16:58:06,577 [INFO] PluginManager:220 - loadIPPluginJar : add fatfs
2025-07-11 16:58:06,583 [INFO] IPUIPlugin:80 - create IPUIPlugin
2025-07-11 16:58:06,583 [INFO] PluginManager:220 - loadIPPluginJar : add linkedlist
2025-07-11 16:58:06,588 [INFO] IPUIPlugin:80 - create IPUIPlugin
2025-07-11 16:58:06,589 [INFO] PluginManager:220 - loadIPPluginJar : add dma
2025-07-11 16:58:06,593 [INFO] IPUIPlugin:80 - create IPUIPlugin
2025-07-11 16:58:06,594 [INFO] PluginManager:220 - loadIPPluginJar : add fmc
2025-07-11 16:58:06,597 [INFO] IPUIPlugin:80 - create IPUIPlugin
2025-07-11 16:58:06,597 [INFO] PluginManager:220 - loadIPPluginJar : add i2s
2025-07-11 16:58:06,599 [INFO] IPUIPlugin:80 - create IPUIPlugin
2025-07-11 16:58:06,599 [INFO] PluginManager:220 - loadIPPluginJar : add ucpd
2025-07-11 16:58:06,602 [INFO] IPUIPlugin:80 - create IPUIPlugin
2025-07-11 16:58:06,602 [INFO] PluginManager:220 - loadIPPluginJar : add lorawan
2025-07-11 16:58:06,605 [INFO] IPUIPlugin:80 - create IPUIPlugin
2025-07-11 16:58:06,605 [INFO] PluginManager:220 - loadIPPluginJar : add opamp
2025-07-11 16:58:06,607 [INFO] IPUIPlugin:80 - create IPUIPlugin
2025-07-11 16:58:06,607 [INFO] PluginManager:220 - loadIPPluginJar : add i3c
2025-07-11 16:58:06,609 [INFO] IPUIPlugin:80 - create IPUIPlugin
2025-07-11 16:58:06,611 [INFO] PluginManager:220 - loadIPPluginJar : add touchsensing
2025-07-11 16:58:06,613 [INFO] IPUIPlugin:80 - create IPUIPlugin
2025-07-11 16:58:06,613 [INFO] PluginManager:220 - loadIPPluginJar : add i2c
2025-07-11 16:58:06,615 [INFO] IPUIPlugin:80 - create IPUIPlugin
2025-07-11 16:58:06,615 [INFO] PluginManager:220 - loadIPPluginJar : add resmgrutility
2025-07-11 16:58:06,617 [INFO] IPUIPlugin:80 - create IPUIPlugin
2025-07-11 16:58:06,618 [INFO] PluginManager:220 - loadIPPluginJar : add sai
2025-07-11 16:58:06,622 [INFO] IPUIPlugin:80 - create IPUIPlugin
2025-07-11 16:58:06,622 [INFO] PluginManager:220 - loadIPPluginJar : add usbx
2025-07-11 16:58:06,772 [FATAL] Updater:351 - Updater called before beeing initialized
2025-07-11 16:58:06,868 [INFO] RulesReader:64 - Compatibility file has been processed (301 Rules)
2025-07-11 16:58:06,892 [INFO] RulesReader:64 - Compatibility file has been processed (301 Rules)
2025-07-11 16:58:06,918 [INFO] CADModel:165 - CPN selected for project level
2025-07-11 16:58:06,919 [INFO] CADModel:114 - Register for checkConnection events
2025-07-11 16:58:06,919 [FATAL] Updater:351 - Updater called before beeing initialized
2025-07-11 16:58:06,919 [ERROR] CADModel:125 - Updater not yet initialized, retry later 
2025-07-11 16:58:07,830 [FATAL] Updater:351 - Updater called before beeing initialized
2025-07-11 16:58:07,833 [INFO] CADModel:165 - CPN selected for project level
2025-07-11 16:58:07,833 [INFO] CADModel:114 - Register for checkConnection events
2025-07-11 16:58:07,834 [FATAL] Updater:351 - Updater called before beeing initialized
2025-07-11 16:58:07,834 [ERROR] CADModel:125 - Updater not yet initialized, retry later 
2025-07-11 16:58:07,837 [FATAL] Updater:351 - Updater called before beeing initialized
2025-07-11 16:58:08,151 [FATAL] Updater:351 - Updater called before beeing initialized
2025-07-11 16:58:08,158 [INFO] DbMcusAds:53 - JSON generation date=Wed May 07 06:07:55 BRT 2025 (1746608875484)
2025-07-11 16:58:08,158 [FATAL] Updater:351 - Updater called before beeing initialized
2025-07-11 16:58:08,630 [WARN] DetailPanel:346 - Failed to get advertising image, set to default
2025-07-11 16:58:08,834 [INFO] ThirdPartyUpdaterWithRetryManager:70 - Updater plugin not ready yet. [2/15]
2025-07-11 16:58:08,966 [FATAL] Updater:351 - Updater called before beeing initialized
2025-07-11 16:58:08,976 [FATAL] Updater:351 - Updater called before beeing initialized
2025-07-11 16:58:08,978 [FATAL] Updater:351 - Updater called before beeing initialized
2025-07-11 16:58:08,980 [WARN] DetailPanel:346 - Failed to get advertising image, set to default
2025-07-11 16:58:08,993 [FATAL] Updater:351 - Updater called before beeing initialized
2025-07-11 16:58:09,156 [ERROR] Updater:1198 - MainUpdater not yet initialized. External WinMGr cannot be set.
2025-07-11 16:58:09,164 [INFO] Updater:1134 - Updater Version found : 6.14.0
2025-07-11 16:58:09,185 [INFO] ApplicationProperties:184 - Using Application install path: /Applications/STM32CubeIDE.app/Contents/Eclipse/plugins/com.st.stm32cube.common.mx_6.14.0.202502271554
2025-07-11 16:58:09,623 [INFO] MainUpdater:2872 - connection check result : 10
2025-07-11 16:58:09,624 [INFO] MainUpdater:3566 - Updater definition file requires update
2025-07-11 16:58:09,624 [INFO] MainUpdater:289 - Updater Check For Update Now.
2025-07-11 16:58:09,625 [INFO] MicroXplorer:498 - Change Database Version : DB.6.0.140
2025-07-11 16:58:09,633 [INFO] McuFinderGlobals:63 - Set McuFinder mode to 2 (CubeIDE integrated)
2025-07-11 16:58:09,634 [INFO] UserAuth:486 - Internet connection configuration mode: 1
2025-07-11 16:58:09,648 [INFO] JxBrowserEngine:152 - Initiate JxBrowser Engine with user profile folder
2025-07-11 16:58:09,712 [INFO] ServerAccessManage:473 - Download File updaters.zip
2025-07-11 16:58:10,211 [INFO] FileExtend:242 - Unzip File : updaters.zip
2025-07-11 16:58:10,217 [INFO] FileExtend:257 - Standard Zip Deflate
2025-07-11 16:58:10,556 [INFO] ServerAccessManage:473 - Download File PacksControlFlags.xml
2025-07-11 16:58:10,767 [INFO] ServerAccessManage:473 - Download File cubemx.pidx
2025-07-11 16:58:11,846 [WARN] MainUpdater:1193 - Updater busy. Cannot search thirdparties
2025-07-11 16:58:11,847 [INFO] ThirdPartyUpdaterWithRetryManager:96 - Updater plugin is busy. [1/15]
2025-07-11 16:58:11,870 [INFO] ServerAccessManage:473 - Download File STMicroelectronics.X-CUBE-EEPRMA1.pdsc
2025-07-11 16:58:12,721 [ERROR] ServerAccessManage:1089 - Problem, file not found on Server
2025-07-11 16:58:13,461 [ERROR] ServerAccessManage:1089 - Problem, file not found on Server
2025-07-11 16:58:14,085 [INFO] ServerAccessManage:473 - Download File STMicroelectronics.X-CUBE-NFC12.pdsc
2025-07-11 16:58:14,853 [WARN] MainUpdater:1193 - Updater busy. Cannot search thirdparties
2025-07-11 16:58:14,853 [INFO] ThirdPartyUpdaterWithRetryManager:96 - Updater plugin is busy. [2/15]
2025-07-11 16:58:14,958 [WARN] PackLoader:240 - Cannot read IP mode file for STMicroelectronics.X-CUBE-EEPRMA1.5.2.0
2025-07-11 16:58:15,020 [WARN] PackLoader:240 - Cannot read IP mode file for STMicroelectronics.X-CUBE-NFC12.1.0.0
2025-07-11 16:58:15,039 [INFO] PopulateThirdPartyThread:66 - Ending populate Thread
2025-07-11 16:58:15,044 [INFO] ThirdParty:1030 - CMSIS Pack Vendor :STMicroelectronics X-CUBE-EEPRMA1 5.2.0
2025-07-11 16:58:15,045 [INFO] ThirdParty:1030 - CMSIS Pack Vendor :STMicroelectronics X-CUBE-NFC12 1.0.0
2025-07-11 16:58:15,045 [INFO] LoadServerUpdatesThread:375 - End of LoadServerUpdate Thread
2025-07-11 16:58:15,141 [INFO] CheckServerUpdateThread:120 - End of CheckServer Thread
2025-07-11 16:58:18,151 [WARN] PackLoader:240 - Cannot read IP mode file for STMicroelectronics.FP-SNS-MOTENVWB1.1.4.0
2025-07-11 16:58:18,171 [WARN] PackLoader:240 - Cannot read IP mode file for STMicroelectronics.FP-ATR-ASTRA1.2.0.2
2025-07-11 16:58:18,180 [WARN] PackLoader:240 - Cannot read IP mode file for STMicroelectronics.X-CUBE-SMBUS.2.1.0
2025-07-11 16:58:18,193 [WARN] PackLoader:240 - Cannot read IP mode file for STMicroelectronics.X-CUBE-WB05N.1.1.0
2025-07-11 16:58:18,210 [WARN] PackLoader:240 - Cannot read IP mode file for STMicroelectronics.X-CUBE-ST60.1.0.0
2025-07-11 16:58:18,332 [WARN] PackLoader:240 - Cannot read IP mode file for STMicroelectronics.X-CUBE-AZRTOS-F7.1.1.0
2025-07-11 16:58:18,469 [WARN] PackLoader:240 - Cannot read IP mode file for Infineon.AIROC-Wi-Fi-Bluetooth-STM32.1.7.0
2025-07-11 16:58:18,578 [WARN] PackLoader:240 - Cannot read IP mode file for STMicroelectronics.X-CUBE-AZRTOS-H7.3.4.0
2025-07-11 16:58:18,620 [WARN] PackLoader:240 - Cannot read IP mode file for STMicroelectronics.X-CUBE-DISPLAY.3.0.0
2025-07-11 16:58:18,657 [WARN] PackLoader:240 - Cannot read IP mode file for STMicroelectronics.X-CUBE-NFC10.1.0.0
2025-07-11 16:58:18,691 [WARN] PackLoader:240 - Cannot read IP mode file for STMicroelectronics.X-CUBE-BLEMGR.4.0.0
2025-07-11 16:58:18,723 [WARN] PackLoader:240 - Cannot read IP mode file for emotas.I-CUBE-CANOPEN.1.3.0
2025-07-11 16:58:18,734 [WARN] ConditionMgr:438 - getConditionDescription Invalid condition id : Cortex-A Device cause : null
2025-07-11 16:58:18,773 [WARN] ConditionMgr:1044 - genDependencies : Invalid condition id : Cortex-A Device cause : null
2025-07-11 16:58:18,774 [WARN] ConditionMgr:1044 - genDependencies : Invalid condition id : Cortex-A Device cause : null
2025-07-11 16:58:18,774 [WARN] ConditionMgr:1044 - genDependencies : Invalid condition id : Cortex-A Device cause : null
2025-07-11 16:58:18,794 [WARN] PackLoader:240 - Cannot read IP mode file for STMicroelectronics.X-CUBE-AI.10.0.0
2025-07-11 16:58:18,801 [WARN] PackLoader:240 - Cannot read IP mode file for STMicroelectronics.FP-SNS-SMARTAG2.1.2.0
2025-07-11 16:58:18,806 [WARN] PackLoader:240 - Cannot read IP mode file for STMicroelectronics.FP-SNS-FLIGHT1.5.1.0
2025-07-11 16:58:18,944 [WARN] PackLoader:240 - Cannot read IP mode file for STMicroelectronics.X-CUBE-MEMS1.11.1.0
2025-07-11 16:58:19,129 [INFO] LogOutputStream:77 - [STDOUT_REDIRECT] 1 : Invalid condition id : UX_CORESTACK_Condition cause : null
2025-07-11 16:58:19,132 [INFO] LogOutputStream:77 - [STDOUT_REDIRECT] 1 : Invalid condition id : UX_CORESTACK_Condition cause : null
2025-07-11 16:58:19,132 [INFO] LogOutputStream:77 - [STDOUT_REDIRECT] 1 : Invalid condition id : UX_CORESTACK_Condition cause : null
2025-07-11 16:58:19,133 [INFO] LogOutputStream:77 - [STDOUT_REDIRECT] 1 : Invalid condition id : UX_CORESTACK_Condition cause : null
2025-07-11 16:58:19,133 [INFO] LogOutputStream:77 - [STDOUT_REDIRECT] 1 : Invalid condition id : UX_CORESTACK_Condition cause : null
2025-07-11 16:58:19,142 [WARN] PackLoader:240 - Cannot read IP mode file for STMicroelectronics.X-CUBE-AZRTOS-WL.2.0.0
2025-07-11 16:58:19,155 [WARN] PackLoader:240 - Cannot read IP mode file for STMicroelectronics.FP-SNS-MOTENV1.5.0.0
2025-07-11 16:58:19,168 [WARN] PackLoader:240 - Cannot read IP mode file for WES.I-CUBE-Cesium.1.3.0
2025-07-11 16:58:19,176 [WARN] PackLoader:240 - Cannot read IP mode file for STMicroelectronics.X-CUBE-BLE2.3.3.0
2025-07-11 16:58:19,190 [WARN] PackLoader:240 - Cannot read IP mode file for STMicroelectronics.X-CUBE-NFC9.1.0.0
2025-07-11 16:58:19,206 [WARN] PackLoader:240 - Cannot read IP mode file for STMicroelectronics.X-CUBE-BLE1.7.1.0
2025-07-11 16:58:19,215 [WARN] PackLoader:240 - Cannot read IP mode file for wolfSSL.I-CUBE-wolfMQTT.1.19.2
2025-07-11 16:58:19,222 [WARN] PackLoader:240 - Cannot read IP mode file for STMicroelectronics.X-CUBE-EEPRMA1.5.2.0
2025-07-11 16:58:19,228 [WARN] PackLoader:240 - Cannot read IP mode file for STMicroelectronics.X-CUBE-AI.10.1.0
2025-07-11 16:58:19,322 [WARN] PackLoader:240 - Cannot read IP mode file for STMicroelectronics.X-CUBE-MEMS1.11.2.0
2025-07-11 16:58:19,533 [WARN] PackLoader:240 - Cannot read IP mode file for STMicroelectronics.X-CUBE-AZRTOS-G0.1.1.0
2025-07-11 16:58:19,555 [WARN] PackLoader:240 - Cannot read IP mode file for STMicroelectronics.X-CUBE-SAFEA1.1.2.2
2025-07-11 16:58:19,577 [WARN] PackLoader:240 - Cannot read IP mode file for STMicroelectronics.X-CUBE-NFC4.3.0.0
2025-07-11 16:58:19,605 [WARN] PackLoader:240 - Cannot read IP mode file for EmbeddedOffice.I-CUBE-FS-RTOS.1.0.1
2025-07-11 16:58:19,628 [WARN] PackLoader:240 - Cannot read IP mode file for STMicroelectronics.X-CUBE-WB05N.2.0.0
2025-07-11 16:58:19,638 [WARN] PackLoader:240 - Cannot read IP mode file for wolfSSL.I-CUBE-wolfTPM.3.8.0
2025-07-11 16:58:19,648 [WARN] PackLoader:240 - Cannot read IP mode file for STMicroelectronics.X-CUBE-TCPP.4.2.0
2025-07-11 16:58:19,656 [WARN] PackLoader:240 - Cannot read IP mode file for RealThread.X-CUBE-RT-Thread_Nano.4.1.1
2025-07-11 16:58:19,662 [WARN] PackLoader:240 - Cannot read IP mode file for STMicroelectronics.FP-ATR-SIGFOX1.3.2.0
2025-07-11 16:58:19,671 [WARN] PackLoader:240 - Cannot read IP mode file for STMicroelectronics.X-CUBE-EEPRMA1.5.1.0
2025-07-11 16:58:19,679 [WARN] PackLoader:240 - Cannot read IP mode file for wolfSSL.I-CUBE-wolfSSL.5.7.6
2025-07-11 16:58:19,686 [WARN] PackLoader:240 - Cannot read IP mode file for ITTIA_DB.I-CUBE-ITTIADB.8.9.0
2025-07-11 16:58:19,704 [WARN] PackLoader:240 - Cannot read IP mode file for STMicroelectronics.X-CUBE-ST67W61.1.0.0
2025-07-11 16:58:19,828 [WARN] PackLoader:240 - Cannot read IP mode file for SEGGER.I-CUBE-embOS.1.3.1
2025-07-11 16:58:20,042 [WARN] PackLoader:240 - Cannot read IP mode file for STMicroelectronics.X-CUBE-ALGOBUILD.1.4.0
2025-07-11 16:58:20,153 [WARN] PackLoader:240 - Cannot read IP mode file for STMicroelectronics.X-CUBE-MEMS1.11.3.0
2025-07-11 16:58:20,301 [WARN] PackLoader:240 - Cannot read IP mode file for STMicroelectronics.X-CUBE-PM33A1.1.0.0
2025-07-11 16:58:20,329 [WARN] PackLoader:240 - Cannot read IP mode file for STMicroelectronics.X-CUBE-AZRTOS-F4.1.1.0
2025-07-11 16:58:20,340 [WARN] PackLoader:240 - Cannot read IP mode file for Avnet-IotConnect.X-CUBE-IoTC-DA16k-PMOD.1.0.0
2025-07-11 16:58:20,345 [WARN] PackLoader:240 - Cannot read IP mode file for STMicroelectronics.X-CUBE-ISPU.2.1.0
2025-07-11 16:58:20,353 [WARN] PackLoader:240 - Cannot read IP mode file for STMicroelectronics.X-CUBE-NFC12.1.0.0
2025-07-11 16:58:20,389 [WARN] PackLoader:240 - Cannot read IP mode file for STMicroelectronics.X-CUBE-AZRTOS-L5.2.0.0
2025-07-11 16:58:20,407 [WARN] PackLoader:240 - Cannot read IP mode file for STMicroelectronics.X-CUBE-NFC6.3.1.0
2025-07-11 16:58:20,425 [WARN] PackLoader:240 - Cannot read IP mode file for STMicroelectronics.X-CUBE-FREERTOS.1.3.1
2025-07-11 16:58:20,438 [WARN] PackLoader:240 - Cannot read IP mode file for STMicroelectronics.X-CUBE-FREERTOS.1.3.0
2025-07-11 16:58:20,446 [WARN] PackLoader:240 - Cannot read IP mode file for STMicroelectronics.X-CUBE-NFC7.1.0.1
2025-07-11 16:58:20,454 [WARN] PackLoader:240 - Cannot read IP mode file for STMicroelectronics.FP-SNS-STAIOTCFT.1.0.0
2025-07-11 16:58:20,463 [WARN] PackLoader:240 - Cannot read IP mode file for STMicroelectronics.X-CUBE-DPower.1.3.0
2025-07-11 16:58:20,494 [WARN] ConditionMgr:438 - getConditionDescription Invalid condition id : LAN8742 Phy interface Condition cause : null
2025-07-11 16:58:20,496 [WARN] PackLoader:240 - Cannot read IP mode file for STMicroelectronics.X-CUBE-AZRTOS-L4.2.0.0
2025-07-11 16:58:20,499 [WARN] ConditionMgr:1044 - genDependencies : Invalid condition id : LAN8742 Phy interface Condition cause : null
2025-07-11 16:58:20,500 [WARN] ConditionMgr:1044 - genDependencies : Invalid condition id : LAN8742 Phy interface Condition cause : null
2025-07-11 16:58:20,501 [WARN] ConditionMgr:1044 - genDependencies : Invalid condition id : LAN8742 Phy interface Condition cause : null
2025-07-11 16:58:20,520 [WARN] PackLoader:240 - Cannot read IP mode file for STMicroelectronics.X-CUBE-SFXS2LP1.4.0.0
2025-07-11 16:58:20,553 [WARN] PackLoader:240 - Cannot read IP mode file for STMicroelectronics.X-CUBE-AZRTOS-H7.3.3.0
2025-07-11 16:58:20,572 [WARN] ConditionMgr:438 - getConditionDescription Invalid condition id : UX DEVICE CLASS RTOS Condition cause : null
2025-07-11 16:58:20,573 [WARN] ConditionMgr:438 - getConditionDescription Invalid condition id : UX DEVICE CLASS RTOS Condition cause : null
2025-07-11 16:58:20,580 [WARN] PackLoader:240 - Cannot read IP mode file for STMicroelectronics.X-CUBE-AZRTOS-WB.2.0.0
2025-07-11 16:58:20,582 [WARN] ConditionMgr:1044 - genDependencies : Invalid condition id : UX DEVICE CLASS RTOS Condition cause : null
2025-07-11 16:58:20,582 [WARN] ConditionMgr:1044 - genDependencies : Invalid condition id : UX DEVICE CLASS RTOS Condition cause : null
2025-07-11 16:58:20,583 [WARN] ConditionMgr:1044 - genDependencies : Invalid condition id : UX DEVICE CLASS RTOS Condition cause : null
2025-07-11 16:58:20,584 [WARN] ConditionMgr:1044 - genDependencies : Invalid condition id : UX DEVICE CLASS RTOS Condition cause : null
2025-07-11 16:58:20,584 [WARN] ConditionMgr:1044 - genDependencies : Invalid condition id : UX DEVICE CLASS RTOS Condition cause : null
2025-07-11 16:58:20,591 [WARN] PackLoader:240 - Cannot read IP mode file for STMicroelectronics.X-CUBE-GNSS1.7.0.1
2025-07-11 16:58:20,604 [WARN] PackLoader:240 - Cannot read IP mode file for STMicroelectronics.X-CUBE-TOUCHGFX.4.25.0
2025-07-11 16:58:20,614 [WARN] PackLoader:240 - Cannot read IP mode file for STMicroelectronics.FP-SNS-STBOX1.2.0.0
2025-07-11 16:58:20,629 [WARN] PackLoader:240 - Cannot read IP mode file for STMicroelectronics.X-CUBE-SUBG2.5.0.0
2025-07-11 16:58:20,672 [WARN] PackLoader:240 - Cannot read IP mode file for STMicroelectronics.X-CUBE-AZRTOS-H7RS.1.1.0
2025-07-11 16:58:20,689 [WARN] PackLoader:240 - Cannot read IP mode file for Cesanta.I-CUBE-Mongoose.7.13.0
2025-07-11 16:58:20,717 [WARN] PackLoader:240 - Cannot read IP mode file for STMicroelectronics.X-CUBE-AZRTOS-G4.2.0.0
2025-07-11 16:58:20,727 [WARN] PackLoader:240 - Cannot read IP mode file for wolfSSL.I-CUBE-wolfSSH.1.4.20
2025-07-11 16:58:20,732 [WARN] PackLoader:240 - Cannot read IP mode file for STMicroelectronics.X-CUBE-NFC7.2.0.0
2025-07-11 16:58:20,755 [WARN] PackLoader:240 - Cannot read IP mode file for STMicroelectronics.X-CUBE-IPS.3.1.0
2025-07-11 16:58:20,774 [WARN] PackLoader:240 - Cannot read IP mode file for STMicroelectronics.X-CUBE-ALS.1.0.2
2025-07-11 16:58:20,785 [WARN] PackLoader:240 - Cannot read IP mode file for portGmbH.I-Cube-SoM-uGOAL.1.1.0
2025-07-11 16:58:20,817 [WARN] PackLoader:240 - Cannot read IP mode file for STMicroelectronics.X-CUBE-TOF1.3.4.2
2025-07-11 16:58:20,854 [WARN] PackLoader:240 - Cannot read IP mode file for STMicroelectronics.X-CUBE-TOF1.3.4.3
2025-07-11 16:58:20,869 [INFO] ThirdParty:978 - Integrity check success = true
2025-07-11 16:58:20,869 [INFO] IntegrityCheckThread:100 - exiting critical section [integrity check]
2025-07-11 16:58:20,869 [INFO] IntegrityCheckThread:103 - End integrity checks thread
2025-07-11 16:59:05,789 [INFO] WebApp:169 - Instantiating new browser for Auth
2025-07-11 16:59:07,801 [INFO] WebApp:463 - Apply proxy settings
2025-07-11 16:59:07,887 [INFO] WebApp:508 - Chromium authenticates against Manually configured proxy
2025-07-11 16:59:07,908 [INFO] WebApp:516 - Username used for proxy authentication: 
2025-07-11 16:59:07,961 [INFO] WebApp:894 - Register for checkConnection events
2025-07-11 16:59:07,962 [INFO] WebApp:463 - Apply proxy settings
2025-07-11 16:59:07,976 [INFO] WebApp:508 - Chromium authenticates against Manually configured proxy
2025-07-11 16:59:07,976 [INFO] WebApp:516 - Username used for proxy authentication: 
2025-07-11 16:59:08,250 [INFO] WebApp:225 - Starting web application
2025-07-11 16:59:08,250 [INFO] WebApp:593 - Web application path used /Applications/STM32CubeIDE.app/Contents/Eclipse/plugins/com.st.stm32cube.common.mx_6.14.0.202502271554/db/plugins/mcufinder/reactClient1/index.html
2025-07-11 16:59:08,819 [INFO] WebApp:191 - Connection restablished
2025-07-11 16:59:09,195 [INFO] UserAuth:486 - Internet connection configuration mode: 1
2025-07-11 17:39:36,919 [INFO] WebApp:194 - Connection lost
2025-07-11 17:39:39,258 [INFO] WebApp:191 - Connection restablished
2025-07-11 17:41:50,096 [INFO] WebApp:194 - Connection lost
2025-07-11 17:41:50,573 [INFO] WebApp:191 - Connection restablished
2025-07-11 17:42:42,960 [INFO] WebApp:194 - Connection lost
2025-07-11 17:42:53,291 [INFO] WebApp:191 - Connection restablished
2025-07-11 17:43:33,204 [INFO] WebApp:194 - Connection lost
2025-07-11 17:43:41,309 [INFO] WebApp:191 - Connection restablished
2025-07-11 17:44:16,343 [INFO] WebApp:194 - Connection lost
2025-07-11 17:47:03,154 [INFO] WebApp:191 - Connection restablished
2025-07-11 18:03:10,236 [INFO] WebApp:194 - Connection lost
2025-07-11 20:00:36,705 [INFO] WebApp:191 - Connection restablished
2025-07-11 20:01:08,549 [INFO] WebApp:194 - Connection lost
2025-07-11 20:38:00,293 [INFO] WebApp:191 - Connection restablished
2025-07-11 20:38:01,095 [INFO] WebApp:194 - Connection lost
2025-07-11 20:38:01,517 [INFO] WebApp:191 - Connection restablished
2025-07-11 20:50:42,680 [INFO] WebApp:194 - Connection lost
2025-07-11 20:50:44,203 [INFO] WebApp:191 - Connection restablished
2025-07-11 21:06:58,321 [INFO] WebApp:194 - Connection lost
2025-07-11 21:06:59,155 [INFO] WebApp:191 - Connection restablished
2025-07-11 21:08:50,012 [INFO] WebApp:194 - Connection lost
2025-07-11 21:08:50,495 [INFO] WebApp:191 - Connection restablished
2025-07-11 21:08:50,536 [INFO] WebApp:194 - Connection lost
2025-07-11 21:08:51,085 [INFO] WebApp:191 - Connection restablished
2025-07-11 21:09:50,232 [INFO] WebApp:194 - Connection lost
2025-07-11 21:09:50,940 [INFO] WebApp:191 - Connection restablished
2025-07-11 21:11:21,977 [INFO] WebApp:194 - Connection lost
2025-07-11 21:11:23,065 [INFO] WebApp:191 - Connection restablished
2025-07-11 21:12:53,424 [INFO] WebApp:194 - Connection lost
2025-07-11 21:12:53,616 [INFO] WebApp:191 - Connection restablished
2025-07-11 21:14:24,661 [INFO] WebApp:194 - Connection lost
2025-07-11 21:14:25,553 [INFO] WebApp:191 - Connection restablished
2025-07-11 21:15:55,779 [INFO] WebApp:194 - Connection lost
2025-07-11 21:15:57,430 [INFO] WebApp:191 - Connection restablished
2025-07-11 21:17:01,024 [INFO] WebApp:194 - Connection lost
2025-07-11 21:17:01,277 [INFO] WebApp:191 - Connection restablished
2025-07-11 21:17:44,475 [INFO] WebApp:194 - Connection lost
2025-07-11 21:17:44,972 [INFO] WebApp:191 - Connection restablished
2025-07-11 21:19:16,092 [INFO] WebApp:194 - Connection lost
2025-07-11 21:19:19,704 [INFO] WebApp:191 - Connection restablished
2025-07-11 21:20:47,340 [INFO] WebApp:194 - Connection lost
2025-07-11 21:20:49,443 [INFO] WebApp:191 - Connection restablished
2025-07-11 21:22:20,530 [INFO] WebApp:194 - Connection lost
2025-07-11 21:22:21,667 [INFO] WebApp:191 - Connection restablished
2025-07-11 21:23:53,915 [INFO] WebApp:194 - Connection lost
2025-07-11 21:23:54,886 [INFO] WebApp:191 - Connection restablished
2025-07-11 21:25:25,245 [INFO] WebApp:194 - Connection lost
2025-07-11 21:25:25,717 [INFO] WebApp:191 - Connection restablished
2025-07-11 21:25:35,283 [INFO] WebApp:194 - Connection lost
2025-07-11 21:25:36,714 [INFO] WebApp:191 - Connection restablished
2025-07-11 21:26:00,261 [INFO] WebApp:194 - Connection lost
2025-07-11 21:26:00,573 [INFO] WebApp:191 - Connection restablished
2025-07-11 21:27:03,045 [INFO] WebApp:194 - Connection lost
2025-07-11 21:27:04,910 [INFO] WebApp:191 - Connection restablished
2025-07-11 21:27:32,014 [INFO] WebApp:194 - Connection lost
2025-07-11 21:27:32,678 [INFO] WebApp:191 - Connection restablished
2025-07-11 21:29:03,148 [INFO] WebApp:194 - Connection lost
2025-07-11 21:29:04,898 [INFO] WebApp:191 - Connection restablished
2025-07-11 21:30:16,164 [INFO] WebApp:194 - Connection lost
2025-07-11 21:30:16,692 [INFO] WebApp:191 - Connection restablished
2025-07-11 21:31:05,209 [INFO] WebApp:194 - Connection lost
2025-07-11 21:31:06,469 [INFO] WebApp:191 - Connection restablished
2025-07-11 21:32:26,208 [INFO] WebApp:194 - Connection lost
2025-07-11 21:32:26,551 [INFO] WebApp:191 - Connection restablished
2025-07-11 21:33:31,752 [INFO] WebApp:194 - Connection lost
2025-07-11 21:33:33,960 [INFO] WebApp:191 - Connection restablished
2025-07-11 21:35:02,886 [INFO] WebApp:194 - Connection lost
2025-07-11 21:35:03,320 [INFO] WebApp:191 - Connection restablished
2025-07-11 21:35:20,913 [INFO] WebApp:194 - Connection lost
2025-07-11 21:35:21,286 [INFO] WebApp:191 - Connection restablished
2025-07-11 21:36:38,334 [INFO] WebApp:194 - Connection lost
2025-07-11 21:36:39,922 [INFO] WebApp:191 - Connection restablished
2025-07-11 21:36:51,837 [INFO] WebApp:194 - Connection lost
2025-07-11 21:36:52,046 [INFO] WebApp:191 - Connection restablished
2025-07-11 21:37:02,174 [INFO] WebApp:194 - Connection lost
2025-07-11 21:37:04,429 [INFO] WebApp:191 - Connection restablished
2025-07-11 21:37:10,365 [INFO] WebApp:194 - Connection lost
2025-07-11 21:37:11,500 [INFO] WebApp:191 - Connection restablished
2025-07-11 21:37:20,919 [INFO] WebApp:194 - Connection lost
2025-07-11 21:37:21,514 [INFO] WebApp:191 - Connection restablished
2025-07-11 21:37:48,486 [INFO] WebApp:194 - Connection lost
2025-07-11 21:37:49,178 [INFO] WebApp:191 - Connection restablished
2025-07-11 21:37:56,549 [INFO] WebApp:194 - Connection lost
2025-07-11 21:37:58,152 [INFO] WebApp:191 - Connection restablished
2025-07-11 21:38:04,862 [INFO] WebApp:194 - Connection lost
2025-07-11 21:38:05,341 [INFO] WebApp:191 - Connection restablished
2025-07-11 21:38:13,238 [INFO] WebApp:194 - Connection lost
2025-07-11 21:38:15,293 [INFO] WebApp:191 - Connection restablished
2025-07-11 21:38:21,745 [INFO] WebApp:194 - Connection lost
2025-07-11 21:38:23,192 [INFO] WebApp:191 - Connection restablished
2025-07-11 21:38:29,726 [INFO] WebApp:194 - Connection lost
2025-07-11 21:38:30,333 [INFO] WebApp:191 - Connection restablished
2025-07-11 21:38:38,447 [INFO] WebApp:194 - Connection lost
2025-07-11 21:38:40,595 [INFO] WebApp:191 - Connection restablished
2025-07-11 21:38:56,174 [INFO] WebApp:194 - Connection lost
2025-07-11 21:38:56,691 [INFO] WebApp:191 - Connection restablished
2025-07-11 21:40:03,737 [INFO] WebApp:194 - Connection lost
2025-07-11 21:40:05,715 [INFO] WebApp:191 - Connection restablished
2025-07-11 21:40:14,184 [INFO] WebApp:194 - Connection lost
2025-07-11 21:40:15,337 [INFO] WebApp:191 - Connection restablished
2025-07-11 21:41:34,862 [INFO] WebApp:194 - Connection lost
2025-07-11 21:41:35,123 [INFO] WebApp:191 - Connection restablished
2025-07-11 21:43:06,314 [INFO] WebApp:194 - Connection lost
2025-07-11 21:43:08,635 [INFO] WebApp:191 - Connection restablished
2025-07-11 21:43:57,317 [INFO] WebApp:194 - Connection lost
2025-07-11 21:43:57,663 [INFO] WebApp:191 - Connection restablished
2025-07-11 21:45:29,885 [INFO] WebApp:194 - Connection lost
2025-07-11 21:45:32,106 [INFO] WebApp:191 - Connection restablished
2025-07-11 21:46:25,178 [INFO] WebApp:194 - Connection lost
2025-07-11 21:46:26,662 [INFO] WebApp:191 - Connection restablished
2025-07-11 21:46:42,577 [INFO] WebApp:194 - Connection lost
2025-07-11 21:46:43,007 [INFO] WebApp:191 - Connection restablished
2025-07-11 21:47:01,816 [INFO] WebApp:194 - Connection lost
2025-07-11 21:47:02,031 [INFO] WebApp:191 - Connection restablished
2025-07-11 21:47:02,447 [INFO] WebApp:194 - Connection lost
2025-07-11 21:47:02,859 [INFO] WebApp:191 - Connection restablished
2025-07-11 21:48:13,836 [INFO] WebApp:194 - Connection lost
2025-07-11 21:48:14,307 [INFO] WebApp:191 - Connection restablished
2025-07-11 21:49:45,461 [INFO] WebApp:194 - Connection lost
2025-07-11 21:49:47,047 [INFO] WebApp:191 - Connection restablished
2025-07-11 21:51:16,555 [INFO] WebApp:194 - Connection lost
2025-07-11 21:51:17,230 [INFO] WebApp:191 - Connection restablished
2025-07-11 21:52:47,999 [INFO] WebApp:194 - Connection lost
2025-07-11 21:52:49,991 [INFO] WebApp:191 - Connection restablished
2025-07-11 21:53:50,874 [INFO] WebApp:194 - Connection lost
2025-07-11 21:53:51,564 [INFO] WebApp:191 - Connection restablished
2025-07-11 21:55:23,952 [INFO] WebApp:194 - Connection lost
2025-07-11 21:55:25,565 [INFO] WebApp:191 - Connection restablished
2025-07-11 21:56:54,970 [INFO] WebApp:194 - Connection lost
2025-07-11 21:56:55,405 [INFO] WebApp:191 - Connection restablished
2025-07-11 21:56:55,496 [INFO] WebApp:194 - Connection lost
2025-07-11 21:56:57,368 [INFO] WebApp:191 - Connection restablished
2025-07-11 21:58:26,526 [INFO] WebApp:194 - Connection lost
2025-07-11 21:58:27,143 [INFO] WebApp:191 - Connection restablished
2025-07-11 21:59:07,591 [INFO] WebApp:194 - Connection lost
2025-07-11 21:59:08,992 [INFO] WebApp:191 - Connection restablished
2025-07-11 21:59:29,709 [INFO] WebApp:194 - Connection lost
2025-07-11 21:59:29,932 [INFO] WebApp:191 - Connection restablished
2025-07-11 22:01:00,622 [INFO] WebApp:194 - Connection lost
2025-07-11 22:01:03,189 [INFO] WebApp:191 - Connection restablished
2025-07-11 22:01:36,194 [INFO] WebApp:194 - Connection lost
2025-07-11 22:01:36,673 [INFO] WebApp:191 - Connection restablished
2025-07-11 22:03:08,328 [INFO] WebApp:194 - Connection lost
2025-07-11 22:03:10,165 [INFO] WebApp:191 - Connection restablished
2025-07-11 22:04:39,368 [INFO] WebApp:194 - Connection lost
2025-07-11 22:04:40,080 [INFO] WebApp:191 - Connection restablished
2025-07-11 22:06:10,898 [INFO] WebApp:194 - Connection lost
2025-07-11 22:06:12,592 [INFO] WebApp:191 - Connection restablished
2025-07-11 22:07:01,901 [INFO] WebApp:194 - Connection lost
2025-07-11 22:07:02,769 [INFO] WebApp:191 - Connection restablished
2025-07-11 22:07:09,786 [INFO] WebApp:194 - Connection lost
2025-07-11 22:07:10,682 [INFO] WebApp:191 - Connection restablished
2025-07-11 22:07:18,173 [INFO] WebApp:194 - Connection lost
2025-07-11 22:07:19,282 [INFO] WebApp:191 - Connection restablished
2025-07-11 22:07:26,465 [INFO] WebApp:194 - Connection lost
2025-07-11 22:07:26,684 [INFO] WebApp:191 - Connection restablished
2025-07-11 22:07:47,878 [INFO] WebApp:194 - Connection lost
2025-07-11 22:07:48,868 [INFO] WebApp:191 - Connection restablished
2025-07-11 22:08:00,724 [INFO] WebApp:194 - Connection lost
2025-07-11 22:08:01,072 [INFO] WebApp:191 - Connection restablished
2025-07-11 22:08:08,806 [INFO] WebApp:194 - Connection lost
2025-07-11 22:08:10,696 [INFO] WebApp:191 - Connection restablished
2025-07-11 22:08:16,898 [INFO] WebApp:194 - Connection lost
2025-07-11 22:08:18,033 [INFO] WebApp:191 - Connection restablished
2025-07-11 22:08:25,506 [INFO] WebApp:194 - Connection lost
2025-07-11 22:08:25,760 [INFO] WebApp:191 - Connection restablished
2025-07-11 22:08:33,486 [INFO] WebApp:194 - Connection lost
2025-07-11 22:08:35,393 [INFO] WebApp:191 - Connection restablished
2025-07-11 22:08:41,887 [INFO] WebApp:194 - Connection lost
2025-07-11 22:08:42,538 [INFO] WebApp:191 - Connection restablished
2025-07-11 22:08:49,975 [INFO] WebApp:194 - Connection lost
2025-07-11 22:08:51,885 [INFO] WebApp:191 - Connection restablished
2025-07-11 22:09:01,047 [INFO] WebApp:194 - Connection lost
2025-07-11 22:09:01,462 [INFO] WebApp:191 - Connection restablished
2025-07-11 22:09:01,552 [INFO] WebApp:194 - Connection lost
2025-07-11 22:09:01,970 [INFO] WebApp:191 - Connection restablished
2025-07-11 22:09:09,216 [INFO] WebApp:194 - Connection lost
2025-07-11 22:09:09,650 [INFO] WebApp:191 - Connection restablished
2025-07-11 22:09:09,743 [INFO] WebApp:194 - Connection lost
2025-07-11 22:09:11,800 [INFO] WebApp:191 - Connection restablished
2025-07-11 22:09:17,730 [INFO] WebApp:194 - Connection lost
2025-07-11 22:09:19,424 [INFO] WebApp:191 - Connection restablished
2025-07-11 22:09:26,132 [INFO] WebApp:194 - Connection lost
2025-07-11 22:09:26,927 [INFO] WebApp:191 - Connection restablished
2025-07-11 22:09:34,212 [INFO] WebApp:194 - Connection lost
2025-07-11 22:09:34,389 [INFO] WebApp:191 - Connection restablished
2025-07-11 22:09:42,099 [INFO] WebApp:194 - Connection lost
2025-07-11 22:09:44,003 [INFO] WebApp:191 - Connection restablished
2025-07-11 22:09:53,778 [INFO] WebApp:194 - Connection lost
2025-07-11 22:09:55,919 [INFO] WebApp:191 - Connection restablished
2025-07-11 22:10:05,659 [INFO] WebApp:194 - Connection lost
2025-07-11 22:10:07,850 [INFO] WebApp:191 - Connection restablished
2025-07-11 22:10:13,642 [INFO] WebApp:194 - Connection lost
2025-07-11 22:10:16,426 [INFO] WebApp:191 - Connection restablished
2025-07-11 22:10:22,243 [INFO] WebApp:194 - Connection lost
2025-07-11 22:10:23,808 [INFO] WebApp:191 - Connection restablished
2025-07-11 22:10:30,437 [INFO] WebApp:194 - Connection lost
2025-07-11 22:10:31,929 [INFO] WebApp:191 - Connection restablished
2025-07-11 22:11:04,751 [INFO] WebApp:194 - Connection lost
2025-07-11 22:11:06,577 [INFO] WebApp:191 - Connection restablished
2025-07-11 22:12:35,875 [INFO] WebApp:194 - Connection lost
2025-07-11 22:12:37,764 [INFO] WebApp:191 - Connection restablished
2025-07-11 22:14:07,374 [INFO] WebApp:194 - Connection lost
2025-07-11 22:14:08,058 [INFO] WebApp:191 - Connection restablished
2025-07-11 22:14:10,609 [INFO] WebApp:194 - Connection lost
2025-07-11 22:14:11,072 [INFO] WebApp:191 - Connection restablished
2025-07-11 22:14:49,940 [INFO] WebApp:194 - Connection lost
2025-07-11 22:14:52,402 [INFO] WebApp:191 - Connection restablished
2025-07-11 22:16:20,976 [INFO] WebApp:194 - Connection lost
2025-07-11 22:16:23,568 [INFO] WebApp:191 - Connection restablished
2025-07-11 22:17:02,138 [INFO] WebApp:194 - Connection lost
2025-07-11 22:17:03,444 [INFO] WebApp:191 - Connection restablished
2025-07-11 22:17:52,037 [INFO] WebApp:194 - Connection lost
2025-07-11 22:17:54,571 [INFO] WebApp:191 - Connection restablished
2025-07-11 22:19:25,621 [INFO] WebApp:194 - Connection lost
2025-07-11 22:19:26,395 [INFO] WebApp:191 - Connection restablished
2025-07-11 22:20:56,754 [INFO] WebApp:194 - Connection lost
2025-07-11 22:21:01,296 [INFO] WebApp:191 - Connection restablished
2025-07-11 22:21:14,377 [INFO] WebApp:194 - Connection lost
2025-07-11 22:21:16,958 [INFO] WebApp:191 - Connection restablished
2025-07-11 22:22:46,035 [INFO] WebApp:194 - Connection lost
2025-07-11 22:22:47,984 [INFO] WebApp:191 - Connection restablished
2025-07-11 22:23:30,161 [INFO] WebApp:194 - Connection lost
2025-07-11 22:23:31,467 [INFO] WebApp:191 - Connection restablished
2025-07-11 22:25:02,620 [INFO] WebApp:194 - Connection lost
2025-07-11 22:25:03,317 [INFO] WebApp:191 - Connection restablished
2025-07-11 22:26:10,845 [INFO] WebApp:194 - Connection lost
2025-07-11 22:26:11,397 [INFO] WebApp:191 - Connection restablished
2025-07-11 22:26:35,183 [INFO] WebApp:194 - Connection lost
2025-07-11 22:26:35,863 [INFO] WebApp:191 - Connection restablished
2025-07-11 22:26:49,830 [INFO] WebApp:194 - Connection lost
2025-07-11 22:26:50,889 [INFO] WebApp:191 - Connection restablished
2025-07-11 22:27:02,022 [INFO] WebApp:194 - Connection lost
2025-07-11 22:27:02,637 [INFO] WebApp:191 - Connection restablished
2025-07-11 22:27:16,034 [INFO] WebApp:194 - Connection lost
2025-07-11 22:27:18,466 [INFO] WebApp:191 - Connection restablished
2025-07-11 22:27:28,343 [INFO] WebApp:194 - Connection lost
2025-07-11 22:27:28,873 [INFO] WebApp:191 - Connection restablished
2025-07-11 22:27:42,459 [INFO] WebApp:194 - Connection lost
2025-07-11 22:27:42,806 [INFO] WebApp:191 - Connection restablished
2025-07-11 22:27:52,693 [INFO] WebApp:194 - Connection lost
2025-07-11 22:27:54,774 [INFO] WebApp:191 - Connection restablished
2025-07-11 22:28:09,598 [INFO] WebApp:194 - Connection lost
2025-07-11 22:28:09,985 [INFO] WebApp:191 - Connection restablished
2025-07-11 22:28:27,325 [INFO] WebApp:194 - Connection lost
2025-07-11 22:28:27,971 [INFO] WebApp:191 - Connection restablished
2025-07-11 22:29:58,388 [INFO] WebApp:194 - Connection lost
2025-07-11 22:29:58,684 [INFO] WebApp:191 - Connection restablished
2025-07-11 22:29:58,965 [INFO] WebApp:194 - Connection lost
2025-07-11 22:30:00,940 [INFO] WebApp:191 - Connection restablished
2025-07-11 22:30:16,999 [INFO] WebApp:194 - Connection lost
2025-07-11 22:30:19,313 [INFO] WebApp:191 - Connection restablished
2025-07-11 22:30:42,282 [INFO] WebApp:194 - Connection lost
2025-07-11 22:30:44,753 [INFO] WebApp:191 - Connection restablished
2025-07-11 22:31:15,656 [INFO] WebApp:194 - Connection lost
2025-07-11 22:31:17,472 [INFO] WebApp:191 - Connection restablished
2025-07-11 22:32:47,208 [INFO] WebApp:194 - Connection lost
2025-07-11 22:32:48,266 [INFO] WebApp:191 - Connection restablished
2025-07-11 22:33:09,334 [INFO] WebApp:194 - Connection lost
2025-07-11 22:33:10,609 [INFO] WebApp:191 - Connection restablished
2025-07-11 22:33:38,107 [INFO] WebApp:194 - Connection lost
2025-07-11 22:33:38,586 [INFO] WebApp:191 - Connection restablished
2025-07-11 22:36:42,127 [INFO] WebApp:194 - Connection lost
2025-07-11 22:36:43,885 [INFO] WebApp:191 - Connection restablished
2025-07-11 22:37:02,273 [INFO] WebApp:194 - Connection lost
2025-07-11 22:37:03,897 [INFO] WebApp:191 - Connection restablished
2025-07-11 22:37:10,904 [INFO] WebApp:194 - Connection lost
2025-07-11 22:37:12,216 [INFO] WebApp:191 - Connection restablished
2025-07-11 22:37:20,422 [INFO] WebApp:194 - Connection lost
2025-07-11 22:37:21,034 [INFO] WebApp:191 - Connection restablished
2025-07-11 22:37:33,231 [INFO] WebApp:194 - Connection lost
2025-07-11 22:37:33,546 [INFO] WebApp:191 - Connection restablished
2025-07-11 22:38:12,820 [INFO] WebApp:194 - Connection lost
2025-07-11 22:38:13,173 [INFO] WebApp:191 - Connection restablished
2025-07-11 22:38:13,362 [INFO] WebApp:194 - Connection lost
2025-07-11 22:38:15,548 [INFO] WebApp:191 - Connection restablished
2025-07-11 22:38:21,563 [INFO] WebApp:194 - Connection lost
2025-07-11 22:38:23,860 [INFO] WebApp:191 - Connection restablished
2025-07-11 22:38:29,853 [INFO] WebApp:194 - Connection lost
2025-07-11 22:38:31,534 [INFO] WebApp:191 - Connection restablished
2025-07-11 22:38:40,910 [INFO] WebApp:194 - Connection lost
2025-07-11 22:38:42,645 [INFO] WebApp:191 - Connection restablished
2025-07-11 22:38:49,219 [INFO] WebApp:194 - Connection lost
2025-07-11 22:38:51,699 [INFO] WebApp:191 - Connection restablished
2025-07-11 22:39:03,012 [INFO] WebApp:194 - Connection lost
2025-07-11 22:39:03,387 [INFO] WebApp:191 - Connection restablished
2025-07-11 22:39:10,992 [INFO] WebApp:194 - Connection lost
2025-07-11 22:39:11,647 [INFO] WebApp:191 - Connection restablished
2025-07-11 22:39:19,488 [INFO] WebApp:194 - Connection lost
2025-07-11 22:39:19,833 [INFO] WebApp:191 - Connection restablished
2025-07-11 22:39:27,473 [INFO] WebApp:194 - Connection lost
2025-07-11 22:39:27,688 [INFO] WebApp:191 - Connection restablished
2025-07-11 22:39:35,878 [INFO] WebApp:194 - Connection lost
2025-07-11 22:39:36,522 [INFO] WebApp:191 - Connection restablished
2025-07-11 22:39:44,072 [INFO] WebApp:194 - Connection lost
2025-07-11 22:39:44,983 [INFO] WebApp:191 - Connection restablished
2025-07-11 22:40:14,435 [INFO] WebApp:194 - Connection lost
2025-07-11 22:40:14,950 [INFO] WebApp:191 - Connection restablished
2025-07-11 22:40:14,995 [INFO] WebApp:194 - Connection lost
2025-07-11 22:40:15,772 [INFO] WebApp:191 - Connection restablished
2025-07-11 22:40:23,795 [INFO] WebApp:194 - Connection lost
2025-07-11 22:40:24,951 [INFO] WebApp:191 - Connection restablished
2025-07-11 22:41:45,928 [INFO] WebApp:194 - Connection lost
2025-07-11 22:41:46,562 [INFO] WebApp:191 - Connection restablished
2025-07-11 22:41:54,131 [INFO] WebApp:194 - Connection lost
2025-07-11 22:41:55,427 [INFO] WebApp:191 - Connection restablished
2025-07-11 22:43:17,440 [INFO] WebApp:194 - Connection lost
2025-07-11 22:43:18,329 [INFO] WebApp:191 - Connection restablished
2025-07-11 22:43:25,352 [INFO] WebApp:194 - Connection lost
2025-07-11 22:43:26,476 [INFO] WebApp:191 - Connection restablished
2025-07-11 22:45:00,192 [INFO] WebApp:194 - Connection lost
2025-07-11 22:45:02,046 [INFO] WebApp:191 - Connection restablished
2025-07-11 22:45:22,713 [INFO] WebApp:194 - Connection lost
2025-07-11 22:45:23,794 [INFO] WebApp:191 - Connection restablished
2025-07-11 22:45:51,487 [INFO] WebApp:194 - Connection lost
2025-07-11 22:45:52,313 [INFO] WebApp:191 - Connection restablished
2025-07-11 22:47:02,251 [INFO] WebApp:194 - Connection lost
2025-07-11 22:47:02,606 [INFO] WebApp:191 - Connection restablished
2025-07-11 22:47:22,517 [INFO] WebApp:194 - Connection lost
2025-07-11 22:47:22,828 [INFO] WebApp:191 - Connection restablished
2025-07-11 22:48:53,674 [INFO] WebApp:194 - Connection lost
2025-07-11 22:48:55,287 [INFO] WebApp:191 - Connection restablished
2025-07-11 22:50:25,225 [INFO] WebApp:194 - Connection lost
2025-07-11 22:50:26,704 [INFO] WebApp:191 - Connection restablished
2025-07-11 22:51:56,446 [INFO] WebApp:194 - Connection lost
2025-07-11 22:51:57,371 [INFO] WebApp:191 - Connection restablished
2025-07-11 22:53:28,114 [INFO] WebApp:194 - Connection lost
2025-07-11 22:53:29,873 [INFO] WebApp:191 - Connection restablished
2025-07-11 22:54:59,753 [INFO] WebApp:194 - Connection lost
2025-07-11 22:55:01,479 [INFO] WebApp:191 - Connection restablished
2025-07-11 22:55:08,143 [INFO] WebApp:194 - Connection lost
2025-07-11 22:55:09,041 [INFO] WebApp:191 - Connection restablished
2025-07-11 22:55:17,110 [INFO] WebApp:194 - Connection lost
2025-07-11 22:55:18,027 [INFO] WebApp:191 - Connection restablished
2025-07-11 22:55:46,870 [INFO] WebApp:194 - Connection lost
2025-07-11 22:55:47,309 [INFO] WebApp:191 - Connection restablished
2025-07-11 22:55:47,368 [INFO] WebApp:194 - Connection lost
2025-07-11 22:55:48,138 [INFO] WebApp:191 - Connection restablished
2025-07-11 22:57:01,957 [INFO] WebApp:194 - Connection lost
2025-07-11 22:57:02,336 [INFO] WebApp:191 - Connection restablished
2025-07-11 22:57:18,213 [INFO] WebApp:194 - Connection lost
2025-07-11 22:57:19,338 [INFO] WebApp:191 - Connection restablished
2025-07-11 22:58:49,949 [INFO] WebApp:194 - Connection lost
2025-07-11 22:58:50,400 [INFO] WebApp:191 - Connection restablished
2025-07-11 23:00:21,509 [INFO] WebApp:194 - Connection lost
2025-07-11 23:00:23,397 [INFO] WebApp:191 - Connection restablished
2025-07-11 23:01:53,048 [INFO] WebApp:194 - Connection lost
2025-07-11 23:01:54,460 [INFO] WebApp:191 - Connection restablished
2025-07-11 23:02:38,004 [INFO] WebApp:194 - Connection lost
2025-07-11 23:02:39,021 [INFO] WebApp:191 - Connection restablished
2025-07-11 23:04:10,176 [INFO] WebApp:194 - Connection lost
2025-07-11 23:04:11,005 [INFO] WebApp:191 - Connection restablished
2025-07-11 23:05:02,094 [INFO] WebApp:194 - Connection lost
2025-07-11 23:05:03,443 [INFO] WebApp:191 - Connection restablished
2025-07-11 23:06:14,891 [INFO] WebApp:194 - Connection lost
2025-07-11 23:06:17,072 [INFO] WebApp:191 - Connection restablished
2025-07-11 23:07:01,890 [INFO] WebApp:194 - Connection lost
2025-07-11 23:07:05,010 [INFO] WebApp:191 - Connection restablished
2025-07-11 23:07:10,095 [INFO] WebApp:194 - Connection lost
2025-07-11 23:07:14,307 [INFO] WebApp:191 - Connection restablished
2025-07-11 23:07:18,790 [INFO] WebApp:194 - Connection lost
2025-07-11 23:07:24,464 [INFO] WebApp:191 - Connection restablished
2025-07-11 23:07:32,510 [INFO] WebApp:194 - Connection lost
2025-07-11 23:07:34,977 [INFO] WebApp:191 - Connection restablished
2025-07-11 23:07:41,285 [INFO] WebApp:194 - Connection lost
2025-07-11 23:07:42,814 [INFO] WebApp:191 - Connection restablished
2025-07-11 23:09:16,468 [INFO] WebApp:194 - Connection lost
2025-07-11 23:09:20,865 [INFO] WebApp:191 - Connection restablished
2025-07-11 23:09:27,610 [INFO] WebApp:194 - Connection lost
2025-07-11 23:09:29,387 [INFO] WebApp:191 - Connection restablished
2025-07-11 23:09:36,003 [INFO] WebApp:194 - Connection lost
2025-07-11 23:09:38,148 [INFO] WebApp:191 - Connection restablished
2025-07-11 23:09:44,096 [INFO] WebApp:194 - Connection lost
2025-07-11 23:09:46,231 [INFO] WebApp:191 - Connection restablished
2025-07-11 23:09:54,959 [INFO] WebApp:194 - Connection lost
2025-07-11 23:09:55,418 [INFO] WebApp:191 - Connection restablished
2025-07-11 23:10:03,158 [INFO] WebApp:194 - Connection lost
2025-07-11 23:10:05,606 [INFO] WebApp:191 - Connection restablished
2025-07-11 23:10:11,424 [INFO] WebApp:194 - Connection lost
2025-07-11 23:10:13,336 [INFO] WebApp:191 - Connection restablished
2025-07-11 23:10:20,122 [INFO] WebApp:194 - Connection lost
2025-07-11 23:10:22,263 [INFO] WebApp:191 - Connection restablished
2025-07-11 23:10:28,211 [INFO] WebApp:194 - Connection lost
2025-07-11 23:10:30,890 [INFO] WebApp:191 - Connection restablished
2025-07-11 23:10:36,286 [INFO] WebApp:194 - Connection lost
2025-07-11 23:10:39,189 [INFO] WebApp:191 - Connection restablished
2025-07-11 23:12:09,673 [INFO] WebApp:194 - Connection lost
2025-07-11 23:12:11,446 [INFO] WebApp:191 - Connection restablished
2025-07-11 23:13:41,129 [INFO] WebApp:194 - Connection lost
2025-07-11 23:13:42,896 [INFO] WebApp:191 - Connection restablished
2025-07-11 23:13:50,242 [INFO] WebApp:194 - Connection lost
2025-07-11 23:13:52,265 [INFO] WebApp:191 - Connection restablished
2025-07-11 23:15:12,026 [INFO] WebApp:194 - Connection lost
2025-07-11 23:15:17,349 [INFO] WebApp:191 - Connection restablished
2025-07-11 23:15:20,406 [INFO] WebApp:194 - Connection lost
2025-07-11 23:15:21,482 [INFO] WebApp:191 - Connection restablished
2025-07-11 23:15:32,099 [INFO] WebApp:194 - Connection lost
2025-07-11 23:15:33,517 [INFO] WebApp:191 - Connection restablished
2025-07-11 23:17:02,434 [INFO] WebApp:194 - Connection lost
2025-07-11 23:17:03,734 [INFO] WebApp:191 - Connection restablished
2025-07-11 23:18:33,566 [INFO] WebApp:194 - Connection lost
2025-07-11 23:18:35,156 [INFO] WebApp:191 - Connection restablished
2025-07-11 23:20:05,233 [INFO] WebApp:194 - Connection lost
2025-07-11 23:20:07,282 [INFO] WebApp:191 - Connection restablished
2025-07-11 23:21:07,383 [INFO] WebApp:194 - Connection lost
2025-07-11 23:21:09,062 [INFO] WebApp:191 - Connection restablished
2025-07-11 23:21:51,418 [INFO] WebApp:194 - Connection lost
2025-07-11 23:21:52,487 [INFO] WebApp:191 - Connection restablished
2025-07-11 23:23:22,407 [INFO] WebApp:194 - Connection lost
2025-07-11 23:23:24,374 [INFO] WebApp:191 - Connection restablished
2025-07-11 23:24:54,316 [INFO] WebApp:194 - Connection lost
2025-07-11 23:24:56,455 [INFO] WebApp:191 - Connection restablished
2025-07-11 23:26:25,850 [INFO] WebApp:194 - Connection lost
2025-07-11 23:26:28,646 [INFO] WebApp:191 - Connection restablished
2025-07-11 23:27:01,686 [INFO] WebApp:194 - Connection lost
2025-07-11 23:27:05,677 [INFO] WebApp:191 - Connection restablished
2025-07-11 23:27:56,679 [INFO] WebApp:194 - Connection lost
2025-07-11 23:27:58,864 [INFO] WebApp:191 - Connection restablished
2025-07-11 23:28:24,628 [INFO] WebApp:194 - Connection lost
2025-07-11 23:28:27,010 [INFO] WebApp:191 - Connection restablished
2025-07-11 23:29:56,073 [INFO] WebApp:194 - Connection lost
2025-07-11 23:29:59,668 [INFO] WebApp:191 - Connection restablished
2025-07-11 23:31:27,314 [INFO] WebApp:194 - Connection lost
2025-07-11 23:31:31,365 [INFO] WebApp:191 - Connection restablished
2025-07-11 23:32:58,763 [INFO] WebApp:194 - Connection lost
2025-07-11 23:33:03,224 [INFO] WebApp:191 - Connection restablished
2025-07-11 23:34:30,308 [INFO] WebApp:194 - Connection lost
2025-07-11 23:34:37,325 [INFO] WebApp:191 - Connection restablished
2025-07-11 23:34:56,935 [INFO] WebApp:194 - Connection lost
2025-07-11 23:34:57,719 [INFO] WebApp:191 - Connection restablished
2025-07-11 23:35:07,074 [INFO] WebApp:194 - Connection lost
2025-07-11 23:35:10,115 [INFO] WebApp:191 - Connection restablished
2025-07-11 23:36:40,931 [INFO] WebApp:194 - Connection lost
2025-07-11 23:36:44,057 [INFO] WebApp:191 - Connection restablished
2025-07-11 23:37:01,676 [INFO] WebApp:194 - Connection lost
2025-07-11 23:37:04,197 [INFO] WebApp:191 - Connection restablished
2025-07-11 23:37:12,109 [INFO] WebApp:194 - Connection lost
2025-07-11 23:37:14,378 [INFO] WebApp:191 - Connection restablished
2025-07-11 23:37:25,009 [INFO] WebApp:194 - Connection lost
2025-07-11 23:37:25,891 [INFO] WebApp:191 - Connection restablished
2025-07-11 23:37:44,677 [INFO] WebApp:194 - Connection lost
2025-07-11 23:37:46,213 [INFO] WebApp:191 - Connection restablished
2025-07-11 23:37:52,965 [INFO] WebApp:194 - Connection lost
2025-07-11 23:37:56,418 [INFO] WebApp:191 - Connection restablished
2025-07-11 23:38:37,515 [INFO] WebApp:194 - Connection lost
2025-07-11 23:38:41,029 [INFO] WebApp:191 - Connection restablished
2025-07-11 23:40:10,586 [INFO] WebApp:194 - Connection lost
2025-07-11 23:40:14,498 [INFO] WebApp:191 - Connection restablished
2025-07-11 23:40:19,092 [INFO] WebApp:194 - Connection lost
2025-07-11 23:40:23,527 [INFO] WebApp:191 - Connection restablished
2025-07-11 23:40:27,282 [INFO] WebApp:194 - Connection lost
2025-07-11 23:40:28,028 [INFO] WebApp:191 - Connection restablished
2025-07-11 23:41:42,028 [INFO] WebApp:194 - Connection lost
2025-07-11 23:41:42,620 [INFO] WebApp:191 - Connection restablished
2025-07-11 23:43:13,047 [INFO] WebApp:194 - Connection lost
2025-07-11 23:43:13,594 [INFO] WebApp:191 - Connection restablished
2025-07-11 23:43:48,387 [INFO] WebApp:194 - Connection lost
2025-07-11 23:43:49,646 [INFO] WebApp:191 - Connection restablished
2025-07-11 23:45:19,828 [INFO] WebApp:194 - Connection lost
2025-07-11 23:45:21,162 [INFO] WebApp:191 - Connection restablished
2025-07-11 23:45:34,975 [INFO] WebApp:194 - Connection lost
2025-07-11 23:45:35,579 [INFO] WebApp:191 - Connection restablished
2025-07-11 23:47:02,123 [INFO] WebApp:194 - Connection lost
2025-07-11 23:47:03,404 [INFO] WebApp:191 - Connection restablished
2025-07-11 23:48:28,859 [INFO] WebApp:194 - Connection lost
2025-07-11 23:48:31,359 [INFO] WebApp:191 - Connection restablished
2025-07-11 23:49:41,968 [INFO] WebApp:194 - Connection lost
2025-07-11 23:49:43,443 [INFO] WebApp:191 - Connection restablished
2025-07-11 23:51:13,605 [INFO] WebApp:194 - Connection lost
2025-07-11 23:51:15,934 [INFO] WebApp:191 - Connection restablished
2025-07-11 23:51:52,635 [INFO] WebApp:194 - Connection lost
2025-07-11 23:51:55,445 [INFO] WebApp:191 - Connection restablished
2025-07-11 23:52:12,077 [INFO] WebApp:194 - Connection lost
2025-07-11 23:52:15,122 [INFO] WebApp:191 - Connection restablished
2025-07-11 23:52:40,141 [INFO] WebApp:194 - Connection lost
2025-07-11 23:52:45,237 [INFO] WebApp:191 - Connection restablished
2025-07-11 23:54:11,274 [INFO] WebApp:194 - Connection lost
2025-07-11 23:54:12,767 [INFO] WebApp:191 - Connection restablished
2025-07-11 23:55:42,820 [INFO] WebApp:194 - Connection lost
2025-07-11 23:55:45,447 [INFO] WebApp:191 - Connection restablished
2025-07-11 23:56:02,422 [INFO] WebApp:194 - Connection lost
2025-07-11 23:56:03,624 [INFO] WebApp:191 - Connection restablished
2025-07-11 23:56:07,090 [INFO] WebApp:194 - Connection lost
2025-07-11 23:56:07,550 [INFO] WebApp:191 - Connection restablished
2025-07-11 23:57:01,612 [INFO] WebApp:194 - Connection lost
2025-07-11 23:57:02,869 [INFO] WebApp:191 - Connection restablished
2025-07-11 23:57:33,981 [INFO] WebApp:194 - Connection lost
2025-07-11 23:57:37,766 [INFO] WebApp:191 - Connection restablished
2025-07-11 23:59:06,081 [INFO] WebApp:194 - Connection lost
2025-07-11 23:59:09,770 [INFO] WebApp:191 - Connection restablished
