2025-07-04 00:02:15,654 [INFO] WebApp:194 - Connection lost
2025-07-04 00:02:16,461 [INFO] WebApp:191 - Connection restablished
2025-07-04 00:18:28,211 [INFO] WebApp:194 - Connection lost
2025-07-04 00:18:28,967 [INFO] WebApp:191 - Connection restablished
2025-07-04 00:34:40,367 [INFO] WebApp:194 - Connection lost
2025-07-04 00:34:40,893 [INFO] WebApp:191 - Connection restablished
2025-07-04 00:50:52,441 [INFO] WebApp:194 - Connection lost
2025-07-04 00:50:53,158 [INFO] WebApp:191 - Connection restablished
2025-07-04 01:07:09,309 [INFO] WebApp:194 - Connection lost
2025-07-04 01:07:09,963 [INFO] WebApp:191 - Connection restablished
2025-07-04 01:23:26,519 [INFO] WebApp:194 - Connection lost
2025-07-04 01:23:27,113 [INFO] WebApp:191 - Connection restablished
2025-07-04 01:39:17,720 [INFO] WebApp:194 - Connection lost
2025-07-04 01:39:20,410 [INFO] WebApp:191 - Connection restablished
2025-07-04 01:55:30,540 [INFO] WebApp:194 - Connection lost
2025-07-04 01:55:31,179 [INFO] WebApp:191 - Connection restablished
2025-07-04 02:11:21,504 [INFO] WebApp:194 - Connection lost
2025-07-04 02:11:23,913 [INFO] WebApp:191 - Connection restablished
2025-07-04 02:27:36,227 [INFO] WebApp:194 - Connection lost
2025-07-04 02:27:36,767 [INFO] WebApp:191 - Connection restablished
2025-07-04 02:43:48,335 [INFO] WebApp:194 - Connection lost
2025-07-04 02:43:49,644 [INFO] WebApp:191 - Connection restablished
2025-07-04 03:00:00,197 [INFO] WebApp:194 - Connection lost
2025-07-04 03:00:00,967 [INFO] WebApp:191 - Connection restablished
2025-07-04 03:00:02,428 [INFO] WebApp:194 - Connection lost
2025-07-04 03:00:04,914 [INFO] WebApp:191 - Connection restablished
2025-07-04 03:16:17,824 [INFO] WebApp:194 - Connection lost
2025-07-04 03:16:18,395 [INFO] WebApp:191 - Connection restablished
2025-07-04 03:32:34,807 [INFO] WebApp:194 - Connection lost
2025-07-04 03:32:36,898 [INFO] WebApp:191 - Connection restablished
2025-07-04 03:48:47,172 [INFO] WebApp:194 - Connection lost
2025-07-04 03:48:47,756 [INFO] WebApp:191 - Connection restablished
2025-07-04 04:04:59,606 [INFO] WebApp:194 - Connection lost
2025-07-04 04:05:00,250 [INFO] WebApp:191 - Connection restablished
2025-07-04 04:21:16,272 [INFO] WebApp:194 - Connection lost
2025-07-04 04:21:16,905 [INFO] WebApp:191 - Connection restablished
2025-07-04 04:37:13,535 [INFO] WebApp:194 - Connection lost
2025-07-04 04:37:14,003 [INFO] WebApp:191 - Connection restablished
2025-07-04 04:53:25,736 [INFO] WebApp:194 - Connection lost
2025-07-04 04:53:26,644 [INFO] WebApp:191 - Connection restablished
2025-07-04 05:09:34,719 [INFO] WebApp:194 - Connection lost
2025-07-04 05:09:35,407 [INFO] WebApp:191 - Connection restablished
2025-07-04 05:10:32,470 [INFO] WebApp:194 - Connection lost
2025-07-04 05:10:37,226 [INFO] WebApp:191 - Connection restablished
2025-07-04 05:25:38,977 [INFO] WebApp:194 - Connection lost
2025-07-04 05:25:39,102 [INFO] WebApp:191 - Connection restablished
2025-07-04 05:25:39,324 [INFO] WebApp:194 - Connection lost
2025-07-04 05:25:39,818 [INFO] WebApp:191 - Connection restablished
2025-07-04 05:37:36,507 [INFO] WebApp:194 - Connection lost
2025-07-04 05:37:37,590 [INFO] WebApp:191 - Connection restablished
2025-07-04 05:54:06,724 [INFO] WebApp:194 - Connection lost
2025-07-04 05:54:07,321 [INFO] WebApp:191 - Connection restablished
2025-07-04 06:10:24,412 [INFO] WebApp:194 - Connection lost
2025-07-04 06:10:25,074 [INFO] WebApp:191 - Connection restablished
2025-07-04 06:26:41,875 [INFO] WebApp:194 - Connection lost
2025-07-04 06:26:47,766 [INFO] WebApp:191 - Connection restablished
2025-07-04 06:42:53,569 [INFO] WebApp:194 - Connection lost
2025-07-04 06:42:54,798 [INFO] WebApp:191 - Connection restablished
2025-07-04 06:59:05,667 [INFO] WebApp:194 - Connection lost
2025-07-04 06:59:06,489 [INFO] WebApp:191 - Connection restablished
2025-07-04 07:14:57,951 [INFO] WebApp:194 - Connection lost
2025-07-04 07:15:01,734 [INFO] WebApp:191 - Connection restablished
2025-07-04 07:31:13,343 [INFO] WebApp:194 - Connection lost
2025-07-04 07:31:13,906 [INFO] WebApp:191 - Connection restablished
2025-07-04 07:38:36,279 [INFO] WebApp:194 - Connection lost
2025-07-04 07:38:37,306 [INFO] WebApp:191 - Connection restablished
2025-07-04 07:45:24,134 [INFO] WebApp:194 - Connection lost
2025-07-04 07:45:25,038 [INFO] WebApp:191 - Connection restablished
2025-07-04 07:46:15,445 [INFO] WebApp:194 - Connection lost
2025-07-04 07:46:15,889 [INFO] WebApp:191 - Connection restablished
2025-07-04 07:47:01,503 [INFO] WebApp:194 - Connection lost
2025-07-04 07:47:03,151 [INFO] WebApp:191 - Connection restablished
2025-07-04 07:47:09,376 [INFO] WebApp:194 - Connection lost
2025-07-04 07:47:09,848 [INFO] WebApp:191 - Connection restablished
2025-07-04 08:02:25,080 [INFO] WebApp:194 - Connection lost
2025-07-04 08:02:26,170 [INFO] WebApp:191 - Connection restablished
2025-07-04 08:08:43,280 [INFO] WebApp:194 - Connection lost
2025-07-04 08:08:44,047 [INFO] WebApp:191 - Connection restablished
2025-07-04 09:22:03,830 [INFO] WebApp:194 - Connection lost
2025-07-04 09:22:04,675 [INFO] WebApp:191 - Connection restablished
2025-07-04 10:25:07,358 [INFO] WebApp:194 - Connection lost
2025-07-04 10:25:09,232 [INFO] WebApp:191 - Connection restablished
2025-07-04 10:25:33,001 [INFO] WebApp:194 - Connection lost
2025-07-04 10:25:33,780 [INFO] WebApp:191 - Connection restablished
2025-07-04 10:25:51,089 [INFO] WebApp:194 - Connection lost
2025-07-04 10:25:51,734 [INFO] WebApp:191 - Connection restablished
2025-07-04 10:53:06,555 [INFO] WebApp:194 - Connection lost
2025-07-04 10:53:07,898 [INFO] WebApp:191 - Connection restablished
2025-07-04 10:54:31,399 [INFO] WebApp:194 - Connection lost
2025-07-04 10:54:33,013 [INFO] WebApp:191 - Connection restablished
2025-07-04 10:56:28,184 [INFO] WebApp:194 - Connection lost
2025-07-04 10:56:29,431 [INFO] WebApp:191 - Connection restablished
2025-07-04 10:56:36,649 [INFO] WebApp:194 - Connection lost
2025-07-04 10:56:41,226 [INFO] WebApp:191 - Connection restablished
2025-07-04 11:12:10,262 [INFO] WebApp:194 - Connection lost
2025-07-04 11:12:11,607 [INFO] WebApp:191 - Connection restablished
2025-07-04 11:28:22,137 [INFO] WebApp:194 - Connection lost
2025-07-04 11:28:22,886 [INFO] WebApp:191 - Connection restablished
2025-07-04 11:30:41,055 [INFO] WebApp:194 - Connection lost
2025-07-04 11:30:41,544 [INFO] WebApp:191 - Connection restablished
2025-07-04 11:32:26,781 [INFO] WebApp:194 - Connection lost
2025-07-04 11:32:27,689 [INFO] WebApp:191 - Connection restablished
2025-07-04 11:34:14,074 [INFO] WebApp:194 - Connection lost
2025-07-04 11:34:17,002 [INFO] WebApp:191 - Connection restablished
2025-07-04 11:49:49,689 [INFO] WebApp:194 - Connection lost
2025-07-04 11:49:53,566 [INFO] WebApp:191 - Connection restablished
2025-07-04 12:06:02,673 [INFO] WebApp:194 - Connection lost
2025-07-04 12:06:03,556 [INFO] WebApp:191 - Connection restablished
2025-07-04 12:08:08,509 [INFO] WebApp:194 - Connection lost
2025-07-04 12:08:09,008 [INFO] WebApp:191 - Connection restablished
2025-07-04 12:23:41,928 [INFO] WebApp:194 - Connection lost
2025-07-04 12:23:48,935 [INFO] WebApp:191 - Connection restablished
2025-07-04 12:26:03,045 [INFO] WebApp:194 - Connection lost
2025-07-04 12:26:04,299 [INFO] WebApp:191 - Connection restablished
2025-07-04 12:26:12,421 [INFO] WebApp:194 - Connection lost
2025-07-04 12:26:15,702 [INFO] WebApp:191 - Connection restablished
2025-07-04 12:28:00,717 [INFO] WebApp:194 - Connection lost
2025-07-04 12:28:01,556 [INFO] WebApp:191 - Connection restablished
2025-07-04 12:32:09,854 [INFO] WebApp:194 - Connection lost
2025-07-04 13:45:31,557 [INFO] WebApp:191 - Connection restablished
2025-07-04 13:45:32,309 [INFO] WebApp:194 - Connection lost
2025-07-04 13:45:32,534 [INFO] WebApp:191 - Connection restablished
2025-07-04 13:45:34,994 [INFO] WebApp:194 - Connection lost
2025-07-04 13:45:36,011 [INFO] WebApp:191 - Connection restablished
2025-07-04 13:45:36,883 [INFO] WebApp:194 - Connection lost
2025-07-04 13:45:39,103 [INFO] WebApp:191 - Connection restablished
2025-07-04 13:45:41,292 [INFO] WebApp:194 - Connection lost
2025-07-04 13:45:41,872 [INFO] WebApp:191 - Connection restablished
2025-07-04 13:47:40,489 [INFO] WebApp:194 - Connection lost
2025-07-04 13:47:42,105 [INFO] WebApp:191 - Connection restablished
2025-07-04 13:57:12,899 [INFO] WebApp:194 - Connection lost
2025-07-04 13:57:13,837 [INFO] WebApp:191 - Connection restablished
2025-07-04 13:57:16,833 [INFO] WebApp:194 - Connection lost
2025-07-04 13:57:19,738 [INFO] WebApp:191 - Connection restablished
2025-07-04 13:57:39,820 [INFO] WebApp:194 - Connection lost
2025-07-04 13:57:40,710 [INFO] WebApp:191 - Connection restablished
2025-07-04 13:57:55,330 [INFO] WebApp:194 - Connection lost
2025-07-04 13:58:02,996 [INFO] WebApp:191 - Connection restablished
2025-07-04 13:58:08,035 [INFO] WebApp:194 - Connection lost
2025-07-04 13:58:08,673 [INFO] WebApp:191 - Connection restablished
2025-07-04 13:58:21,544 [INFO] WebApp:194 - Connection lost
2025-07-04 13:58:22,518 [INFO] WebApp:191 - Connection restablished
2025-07-04 13:58:56,877 [INFO] WebApp:194 - Connection lost
2025-07-04 13:58:57,244 [INFO] WebApp:191 - Connection restablished
2025-07-04 14:23:29,922 [INFO] WebApp:194 - Connection lost
2025-07-04 14:23:30,779 [INFO] WebApp:191 - Connection restablished
2025-07-04 14:27:41,446 [INFO] WebApp:194 - Connection lost
2025-07-04 14:27:42,236 [INFO] WebApp:191 - Connection restablished
2025-07-04 14:27:49,493 [INFO] WebApp:194 - Connection lost
2025-07-04 14:27:50,958 [INFO] WebApp:191 - Connection restablished
2025-07-04 14:44:56,209 [INFO] WebApp:194 - Connection lost
2025-07-04 14:44:56,713 [INFO] WebApp:191 - Connection restablished
2025-07-04 14:45:03,303 [INFO] WebApp:194 - Connection lost
2025-07-04 14:45:05,130 [INFO] WebApp:191 - Connection restablished
2025-07-04 15:00:45,744 [INFO] WebApp:194 - Connection lost
2025-07-04 15:00:50,032 [INFO] WebApp:191 - Connection restablished
2025-07-04 15:09:28,324 [INFO] WebApp:194 - Connection lost
2025-07-04 15:09:29,442 [INFO] WebApp:191 - Connection restablished
2025-07-04 15:11:18,355 [INFO] WebApp:194 - Connection lost
2025-07-04 15:11:18,571 [INFO] WebApp:191 - Connection restablished
2025-07-04 15:13:11,106 [INFO] WebApp:194 - Connection lost
2025-07-04 15:13:11,669 [INFO] WebApp:191 - Connection restablished
2025-07-04 15:16:38,984 [INFO] WebApp:194 - Connection lost
2025-07-04 15:16:39,264 [INFO] WebApp:191 - Connection restablished
2025-07-04 15:19:04,279 [INFO] WebApp:194 - Connection lost
2025-07-04 15:19:04,722 [INFO] WebApp:191 - Connection restablished
2025-07-04 15:19:12,407 [INFO] WebApp:194 - Connection lost
2025-07-04 15:19:14,360 [INFO] WebApp:191 - Connection restablished
2025-07-04 15:19:33,124 [INFO] WebApp:194 - Connection lost
2025-07-04 15:19:33,969 [INFO] WebApp:191 - Connection restablished
2025-07-04 15:21:22,738 [INFO] WebApp:194 - Connection lost
2025-07-04 15:21:22,933 [INFO] WebApp:191 - Connection restablished
2025-07-04 15:25:19,153 [INFO] WebApp:194 - Connection lost
2025-07-04 15:25:21,119 [INFO] WebApp:191 - Connection restablished
2025-07-04 15:27:09,157 [INFO] WebApp:194 - Connection lost
2025-07-04 15:27:09,404 [INFO] WebApp:191 - Connection restablished
2025-07-04 15:28:50,143 [INFO] WebApp:194 - Connection lost
2025-07-04 15:28:50,605 [INFO] WebApp:191 - Connection restablished
2025-07-04 15:28:58,446 [INFO] WebApp:194 - Connection lost
2025-07-04 15:29:01,248 [INFO] WebApp:191 - Connection restablished
2025-07-04 15:31:46,114 [INFO] WebApp:194 - Connection lost
2025-07-04 15:31:47,593 [INFO] WebApp:191 - Connection restablished
2025-07-04 15:31:54,385 [INFO] WebApp:194 - Connection lost
2025-07-04 15:31:55,123 [INFO] WebApp:191 - Connection restablished
2025-07-04 15:33:35,560 [INFO] WebApp:194 - Connection lost
2025-07-04 15:33:35,829 [INFO] WebApp:191 - Connection restablished
2025-07-04 15:33:44,535 [INFO] WebApp:194 - Connection lost
2025-07-04 15:33:45,532 [INFO] WebApp:191 - Connection restablished
2025-07-04 15:35:40,224 [INFO] WebApp:194 - Connection lost
2025-07-04 15:35:40,838 [INFO] WebApp:191 - Connection restablished
2025-07-04 15:35:48,594 [INFO] WebApp:194 - Connection lost
2025-07-04 15:35:49,010 [INFO] WebApp:191 - Connection restablished
2025-07-04 15:50:57,228 [INFO] WebApp:194 - Connection lost
2025-07-04 15:50:57,822 [INFO] WebApp:191 - Connection restablished
2025-07-04 15:51:05,533 [INFO] WebApp:194 - Connection lost
2025-07-04 15:51:07,541 [INFO] WebApp:191 - Connection restablished
2025-07-04 15:53:59,707 [INFO] WebApp:194 - Connection lost
2025-07-04 15:54:00,104 [INFO] WebApp:191 - Connection restablished
2025-07-04 15:54:08,106 [INFO] WebApp:194 - Connection lost
2025-07-04 15:54:08,578 [INFO] WebApp:191 - Connection restablished
2025-07-04 15:56:25,096 [INFO] WebApp:194 - Connection lost
2025-07-04 15:56:25,427 [INFO] WebApp:191 - Connection restablished
2025-07-04 15:56:33,613 [INFO] WebApp:194 - Connection lost
2025-07-04 15:56:34,857 [INFO] WebApp:191 - Connection restablished
2025-07-04 15:58:40,383 [INFO] WebApp:194 - Connection lost
2025-07-04 15:58:40,695 [INFO] WebApp:191 - Connection restablished
2025-07-04 16:01:59,279 [INFO] WebApp:194 - Connection lost
2025-07-04 16:01:59,980 [INFO] WebApp:191 - Connection restablished
2025-07-04 16:02:09,787 [INFO] WebApp:194 - Connection lost
2025-07-04 16:02:10,240 [INFO] WebApp:191 - Connection restablished
2025-07-04 16:13:21,100 [INFO] WebApp:194 - Connection lost
2025-07-04 16:13:22,301 [INFO] WebApp:191 - Connection restablished
2025-07-04 16:16:44,969 [INFO] WebApp:194 - Connection lost
2025-07-04 16:16:45,775 [INFO] WebApp:191 - Connection restablished
2025-07-04 16:18:32,176 [INFO] WebApp:194 - Connection lost
2025-07-04 16:18:32,544 [INFO] WebApp:191 - Connection restablished
2025-07-04 16:22:48,284 [INFO] WebApp:194 - Connection lost
2025-07-04 16:22:49,616 [INFO] WebApp:191 - Connection restablished
2025-07-04 16:29:53,833 [INFO] WebApp:194 - Connection lost
2025-07-04 16:29:54,872 [INFO] WebApp:191 - Connection restablished
2025-07-04 16:29:58,056 [INFO] WebApp:194 - Connection lost
2025-07-04 16:30:01,218 [INFO] WebApp:191 - Connection restablished
2025-07-04 18:06:42,001 [INFO] WebApp:194 - Connection lost
2025-07-04 18:06:44,611 [INFO] WebApp:191 - Connection restablished
2025-07-04 18:18:43,828 [INFO] WebApp:194 - Connection lost
2025-07-04 18:18:45,305 [INFO] WebApp:191 - Connection restablished
2025-07-04 18:19:21,834 [INFO] WebApp:194 - Connection lost
2025-07-04 18:19:25,860 [INFO] WebApp:191 - Connection restablished
2025-07-04 18:19:31,961 [INFO] WebApp:194 - Connection lost
2025-07-04 18:19:32,876 [INFO] WebApp:191 - Connection restablished
2025-07-04 18:21:20,679 [INFO] WebApp:194 - Connection lost
2025-07-04 18:21:23,908 [INFO] WebApp:191 - Connection restablished
2025-07-04 18:21:30,206 [INFO] WebApp:194 - Connection lost
2025-07-04 18:21:31,079 [INFO] WebApp:191 - Connection restablished
2025-07-04 18:23:34,175 [INFO] WebApp:194 - Connection lost
2025-07-04 18:23:34,669 [INFO] WebApp:191 - Connection restablished
2025-07-04 18:23:42,020 [INFO] WebApp:194 - Connection lost
2025-07-04 18:23:44,506 [INFO] WebApp:191 - Connection restablished
2025-07-04 18:25:35,619 [INFO] WebApp:194 - Connection lost
2025-07-04 18:25:38,101 [INFO] WebApp:191 - Connection restablished
2025-07-04 18:27:33,511 [INFO] WebApp:194 - Connection lost
2025-07-04 18:27:38,203 [INFO] WebApp:191 - Connection restablished
2025-07-04 18:29:18,710 [INFO] WebApp:194 - Connection lost
2025-07-04 18:29:19,020 [INFO] WebApp:191 - Connection restablished
2025-07-04 18:31:05,532 [INFO] WebApp:194 - Connection lost
2025-07-04 18:31:07,650 [INFO] WebApp:191 - Connection restablished
2025-07-04 18:32:52,624 [INFO] WebApp:194 - Connection lost
2025-07-04 18:32:54,484 [INFO] WebApp:191 - Connection restablished
2025-07-04 18:35:00,257 [INFO] WebApp:194 - Connection lost
2025-07-04 18:35:02,488 [INFO] WebApp:191 - Connection restablished
2025-07-04 18:37:56,768 [INFO] WebApp:194 - Connection lost
2025-07-04 18:37:59,692 [INFO] WebApp:191 - Connection restablished
2025-07-04 18:38:04,667 [INFO] WebApp:194 - Connection lost
2025-07-04 18:38:07,658 [INFO] WebApp:191 - Connection restablished
2025-07-04 18:38:24,229 [INFO] WebApp:194 - Connection lost
2025-07-04 18:38:27,547 [INFO] WebApp:191 - Connection restablished
2025-07-04 18:38:35,558 [INFO] WebApp:194 - Connection lost
2025-07-04 18:38:39,160 [INFO] WebApp:191 - Connection restablished
2025-07-04 18:40:34,120 [INFO] WebApp:194 - Connection lost
2025-07-04 18:40:34,565 [INFO] WebApp:191 - Connection restablished
2025-07-04 18:40:41,646 [INFO] WebApp:194 - Connection lost
2025-07-04 18:40:41,802 [INFO] WebApp:191 - Connection restablished
2025-07-04 18:42:19,012 [INFO] WebApp:194 - Connection lost
2025-07-04 18:42:19,457 [INFO] WebApp:191 - Connection restablished
2025-07-04 19:10:41,411 [INFO] NvicIntPanel:101 - NVIC parent = com.st.microxplorer.plugins.ip.nvic.MultiNvicIntPanel[,0,0,482x259,layout=javax.swing.BoxLayout,alignmentX=0.0,alignmentY=0.0,border=,flags=9,maximumSize=,minimumSize=,preferredSize=]
2025-07-04 19:10:51,363 [INFO] Gpio:277 - dependency for GPIO [ADC1, I2C1, SYS, TIM1, TIM2, USART1]
2025-07-04 19:10:59,807 [INFO] Gpio:277 - dependency for GPIO [ADC1, I2C1, SYS, TIM1, TIM2, USART1]
2025-07-04 19:11:03,179 [INFO] ADCParametersView:116 -                Rank 1 : false
2025-07-04 19:11:03,339 [INFO] ADCParametersView:116 -                Rank 1 : false
2025-07-04 19:11:03,339 [INFO] ADCParametersView:116 -                Rank 1 : false
2025-07-04 19:11:03,340 [INFO] ADCParametersView:116 -                Rank 1 : false
2025-07-04 19:11:03,340 [INFO] ADCParametersView:116 -                Rank 1 : false
2025-07-04 19:11:03,341 [INFO] ADCParametersView:116 -                Rank 1 : false
2025-07-04 19:11:03,341 [INFO] ADCParametersView:116 -                Rank 1 : false
2025-07-04 19:11:03,341 [INFO] ADCParametersView:116 -                Rank 1 : false
2025-07-04 19:11:03,342 [INFO] ADCParametersView:116 -                Rank 1 : false
2025-07-04 19:11:03,342 [INFO] ADCParametersView:116 -                Rank 1 : false
2025-07-04 19:11:03,343 [INFO] ADCParametersView:116 -                Rank 1 : false
2025-07-04 19:11:03,344 [INFO] ADCParametersView:116 -                Rank 1 : false
2025-07-04 19:11:03,344 [INFO] ADCParametersView:116 -                Rank 1 : false
2025-07-04 19:11:03,344 [INFO] ADCParametersView:116 -                Rank 1 : false
2025-07-04 19:11:03,345 [INFO] ADCParametersView:116 -                Rank 1 : false
2025-07-04 19:11:03,345 [INFO] ADCParametersView:116 -                Rank 1 : false
2025-07-04 19:11:03,345 [INFO] ADCParametersView:116 -                Rank 1 : false
2025-07-04 19:11:03,346 [INFO] ADCParametersView:116 -                Rank 1 : false
2025-07-04 19:11:03,347 [INFO] ADCParametersView:116 -                Rank 1 : false
2025-07-04 19:11:03,349 [INFO] ADCParametersView:116 -                Rank 1 : false
2025-07-04 19:11:03,350 [INFO] ADCParametersView:116 -                Rank 1 : false
2025-07-04 19:11:03,421 [INFO] ADCParametersView:116 -                Rank 1 : false
2025-07-04 19:11:27,682 [INFO] I2cTimingTraitement:330 - 0x004039F7
2025-07-04 19:11:27,739 [INFO] NvicIntPanel:101 - NVIC parent = com.st.microxplorer.plugins.ip.nvic.MultiNvicIntPanel[,0,0,0x0,invalid,layout=javax.swing.BoxLayout,alignmentX=0.0,alignmentY=0.0,border=,flags=9,maximumSize=,minimumSize=,preferredSize=]
2025-07-04 19:13:08,734 [INFO] I2cTimingTraitement:330 - 0x004039F7
2025-07-04 19:16:16,628 [INFO] NvicIntPanel:101 - NVIC parent = com.st.microxplorer.plugins.ip.nvic.MultiNvicIntPanel[,0,0,907x206,layout=javax.swing.BoxLayout,alignmentX=0.0,alignmentY=0.0,border=,flags=9,maximumSize=,minimumSize=,preferredSize=]
