2025-06-12 11:15:51,641 [INFO] Activator:176 - 


2025-06-12 11:15:51,647 [INFO] Activator:177 - !SESSION log4j initialized
2025-06-12 11:15:58,429 [INFO] LogOutputStream:77 - [STDOUT_REDIRECT] 
2025-06-12 11:15:59,902 [ERROR] LogOutputStream:75 - [STDERR_REDIRECT] 
2025-06-12 11:16:02,949 [INFO] LogOutputStream:77 - [STDOUT_REDIRECT] 
2025-06-12 11:16:03,861 [INFO] ApplicationProperties:184 - Using Application install path: /Applications/STM32CubeIDE.app/Contents/Eclipse/plugins/com.st.stm32cube.common.mx_6.14.0.202502271554
2025-06-12 11:16:03,877 [INFO] DbMcusXml:78 - Set database path to: /Applications/STM32CubeIDE.app/Contents/Eclipse/plugins/com.st.stm32cube.common.mx_6.14.0.202502271554//db//mcu/
2025-06-12 11:16:03,877 [INFO] ApiDb:274 - Set plugin database path to: /Applications/STM32CubeIDE.app/Contents/Eclipse/plugins/com.st.stm32cube.common.mx_6.14.0.202502271554//db//plugins/boardmanager/
2025-06-12 11:16:03,878 [WARN] ApiDb:259 - Overriding images path with different value:  => /Applications/STM32CubeIDE.app/Contents/Eclipse/plugins/com.st.stm32cube.common.mx_6.14.0.202502271554//db//plugins/mcufinder/images/
2025-06-12 11:16:03,885 [INFO] ApiDb:250 - Set database path to: /Users/pfsldo/.stmcufinder/plugins/mcufinder//mcu/
2025-06-12 11:16:03,885 [INFO] DbMcusAds:125 - Set database path to: /Users/pfsldo/.stmcufinder/plugins/mcufinder//mcu/
2025-06-12 11:16:03,887 [INFO] CrossReferenceDbSqlite:203 - Set database path to: /Users/pfsldo/.stmcufinder/plugins/mcufinder//mcu/cs/
2025-06-12 11:16:04,037 [INFO] RulesReader:64 - Compatibility file has been processed (301 Rules)
2025-06-12 11:16:04,126 [INFO] DbMcusXml:78 - Set database path to: /Applications/STM32CubeIDE.app/Contents/Eclipse/plugins/com.st.stm32cube.common.mx_6.14.0.202502271554//db//mcu/
2025-06-12 11:16:04,126 [INFO] ApiDb:274 - Set plugin database path to: /Applications/STM32CubeIDE.app/Contents/Eclipse/plugins/com.st.stm32cube.common.mx_6.14.0.202502271554//db//plugins/boardmanager/
2025-06-12 11:16:04,127 [INFO] ApiDb:261 - Set plugin images path to: /Applications/STM32CubeIDE.app/Contents/Eclipse/plugins/com.st.stm32cube.common.mx_6.14.0.202502271554//db//plugins/mcufinder/images/
2025-06-12 11:16:04,127 [WARN] DbFile:41 - Overriding database path with different value: /Users/pfsldo/.stmcufinder/plugins/mcufinder/ => /Users/pfsldo/.stmcufinder/plugins/mcufinder
2025-06-12 11:16:04,127 [INFO] ApiDb:250 - Set database path to: /Users/pfsldo/.stmcufinder/plugins/mcufinder//mcu/
2025-06-12 11:16:04,127 [WARN] DbFile:41 - Overriding database path with different value: /Users/pfsldo/.stmcufinder/plugins/mcufinder/ => /Users/pfsldo/.stmcufinder/plugins/mcufinder
2025-06-12 11:16:04,127 [INFO] DbMcusAds:125 - Set database path to: /Users/pfsldo/.stmcufinder/plugins/mcufinder//mcu/
2025-06-12 11:16:04,127 [WARN] DbFile:41 - Overriding database path with different value: /Users/pfsldo/.stmcufinder/plugins/mcufinder/ => /Users/pfsldo/.stmcufinder/plugins/mcufinder
2025-06-12 11:16:04,127 [WARN] DbFile:41 - Overriding database path with different value: /Users/pfsldo/.stmcufinder/plugins/mcufinder/ => /Users/pfsldo/.stmcufinder/plugins/mcufinder
2025-06-12 11:16:04,127 [INFO] CrossReferenceDbSqlite:203 - Set database path to: /Users/pfsldo/.stmcufinder/plugins/mcufinder//mcu/cs/
2025-06-12 11:16:04,203 [INFO] MainPanel:272 - HeapMemory: 268435456
2025-06-12 11:16:04,634 [INFO] DbMcusXml:78 - Set database path to: /Applications/STM32CubeIDE.app/Contents/Eclipse/plugins/com.st.stm32cube.common.mx_6.14.0.202502271554//db//mcu/
2025-06-12 11:16:04,635 [INFO] ApiDb:274 - Set plugin database path to: /Applications/STM32CubeIDE.app/Contents/Eclipse/plugins/com.st.stm32cube.common.mx_6.14.0.202502271554//db//plugins/boardmanager/
2025-06-12 11:16:04,635 [INFO] ApiDb:261 - Set plugin images path to: /Applications/STM32CubeIDE.app/Contents/Eclipse/plugins/com.st.stm32cube.common.mx_6.14.0.202502271554//db//plugins/mcufinder/images/
2025-06-12 11:16:04,636 [WARN] DbFile:41 - Overriding database path with different value: /Users/pfsldo/.stmcufinder/plugins/mcufinder/ => /Users/pfsldo/.stmcufinder/plugins/mcufinder
2025-06-12 11:16:04,636 [INFO] ApiDb:250 - Set database path to: /Users/pfsldo/.stmcufinder/plugins/mcufinder//mcu/
2025-06-12 11:16:04,637 [WARN] DbFile:41 - Overriding database path with different value: /Users/pfsldo/.stmcufinder/plugins/mcufinder/ => /Users/pfsldo/.stmcufinder/plugins/mcufinder
2025-06-12 11:16:04,637 [INFO] DbMcusAds:125 - Set database path to: /Users/pfsldo/.stmcufinder/plugins/mcufinder//mcu/
2025-06-12 11:16:04,637 [WARN] DbFile:41 - Overriding database path with different value: /Users/pfsldo/.stmcufinder/plugins/mcufinder/ => /Users/pfsldo/.stmcufinder/plugins/mcufinder
2025-06-12 11:16:04,637 [WARN] DbFile:41 - Overriding database path with different value: /Users/pfsldo/.stmcufinder/plugins/mcufinder/ => /Users/pfsldo/.stmcufinder/plugins/mcufinder
2025-06-12 11:16:04,637 [INFO] CrossReferenceDbSqlite:203 - Set database path to: /Users/pfsldo/.stmcufinder/plugins/mcufinder//mcu/cs/
2025-06-12 11:16:04,661 [INFO] ApplicationProperties:184 - Using Application install path: /Applications/STM32CubeIDE.app/Contents/Eclipse/plugins/com.st.stm32cube.common.mx_6.14.0.202502271554
2025-06-12 11:16:04,662 [INFO] PluginManage:196 - Search for loadable plugins [exclusion list=, ]
2025-06-12 11:16:04,663 [INFO] PluginManage:310 - Check plugin analytics
2025-06-12 11:16:04,941 [INFO] AnalyticsPlugin:253 - Accepted Software Licenses: STM32CubeMX.6.14.1
2025-06-12 11:16:04,942 [INFO] AnalyticsPlugin:255 - Accepted CMSIS Pack Licenses: 
2025-06-12 11:16:04,942 [INFO] AnalyticsPlugin:257 - Accepted Firmware Licenses: FW.L4.1.18.0
2025-06-12 11:16:04,947 [INFO] PluginManage:359 - Loaded plugin analytics (category:tool,tabindex:-1)
2025-06-12 11:16:04,949 [INFO] PluginManage:310 - Check plugin cadmodel
2025-06-12 11:16:04,963 [INFO] CADModel:105 - Init CAD model plugin
2025-06-12 11:16:04,964 [INFO] PluginManage:359 - Loaded plugin cadmodel (category:power,tabindex:5)
2025-06-12 11:16:04,964 [INFO] PluginManage:310 - Check plugin clock
2025-06-12 11:16:04,974 [INFO] PluginManage:359 - Loaded plugin clock (category:base,tabindex:2)
2025-06-12 11:16:04,974 [INFO] PluginManage:310 - Check plugin ddr
2025-06-12 11:16:04,976 [INFO] PluginManage:359 - Loaded plugin ddr (category:tool,tabindex:6)
2025-06-12 11:16:04,976 [INFO] PluginManage:310 - Check plugin filemanager
2025-06-12 11:16:05,149 [INFO] PluginManage:359 - Loaded plugin filemanager (category:base,tabindex:10)
2025-06-12 11:16:05,150 [INFO] PluginManage:310 - Check plugin ipmanager
2025-06-12 11:16:05,159 [INFO] PluginManage:359 - Loaded plugin ipmanager (category:base,tabindex:5)
2025-06-12 11:16:05,160 [INFO] PluginManage:310 - Check plugin lpbam
2025-06-12 11:16:05,171 [INFO] PluginManage:359 - Loaded plugin lpbam (category:base,tabindex:0)
2025-06-12 11:16:05,172 [INFO] PluginManage:310 - Check plugin memorymap
2025-06-12 11:16:05,184 [INFO] PluginManage:359 - Loaded plugin memorymap (category:base,tabindex:4)
2025-06-12 11:16:05,184 [INFO] PluginManage:310 - Check plugin pinoutandconfiguration
2025-06-12 11:16:05,197 [INFO] PluginManage:359 - Loaded plugin pinoutandconfiguration (category:base,tabindex:1)
2025-06-12 11:16:05,197 [INFO] PluginManage:310 - Check plugin pinoutconfig
2025-06-12 11:16:05,298 [WARN] SupportedApi:132 - Cannot load RTOS API schema: s4s-elt-must-match.1: The content of 'definitions' must match (annotation?, (simpleType | complexType)?, (unique | key | keyref)*)). A problem was found starting at: attribute.
2025-06-12 11:16:05,458 [INFO] PluginManage:359 - Loaded plugin pinoutconfig (category:base,tabindex:0)
2025-06-12 11:16:05,459 [INFO] PluginManage:310 - Check plugin power
2025-06-12 11:16:05,472 [INFO] PluginManage:359 - Loaded plugin power (category:power,tabindex:4)
2025-06-12 11:16:05,472 [INFO] PluginManage:310 - Check plugin projectmanager
2025-06-12 11:16:05,498 [INFO] PluginManage:359 - Loaded plugin projectmanager (category:projectmanager,tabindex:4)
2025-06-12 11:16:05,499 [INFO] PluginManage:310 - Check plugin rif
2025-06-12 11:16:05,507 [INFO] PluginManage:359 - Loaded plugin rif (category:base,tabindex:3)
2025-06-12 11:16:05,508 [INFO] PluginManage:310 - Check plugin thirdparty
2025-06-12 11:16:05,505 [ERROR] ConfigurationRetriever:142 - IOException on connection: Connect timed out
2025-06-12 11:16:05,742 [INFO] PluginManage:359 - Loaded plugin thirdparty (category:base,tabindex:-1)
2025-06-12 11:16:05,742 [WARN] IntegrityCheckThread:84 - waiting for thirdparty lock release [integrity check]
2025-06-12 11:16:05,744 [INFO] PluginManage:310 - Check plugin tools
2025-06-12 11:16:05,744 [INFO] IntegrityCheckThread:86 - entering critical section [integrity check]
2025-06-12 11:16:05,747 [INFO] ThirdPartyUpdaterWithRetryManager:70 - Updater plugin not ready yet. [1/15]
2025-06-12 11:16:05,749 [INFO] PluginManage:359 - Loaded plugin tools (category:base,tabindex:7)
2025-06-12 11:16:05,749 [INFO] PluginManage:310 - Check plugin tutovideos
2025-06-12 11:16:05,947 [INFO] PluginManage:359 - Loaded plugin tutovideos (category:base,tabindex:-1)
2025-06-12 11:16:05,947 [INFO] PluginManage:310 - Check plugin updater
2025-06-12 11:16:05,980 [INFO] PluginManage:359 - Loaded plugin updater (category:base,tabindex:12)
2025-06-12 11:16:05,981 [INFO] PluginManage:310 - Check plugin userauth
2025-06-12 11:16:05,985 [INFO] UserAuth:118 - Init User Auth plugin
2025-06-12 11:16:05,988 [INFO] PluginManage:359 - Loaded plugin userauth (category:base,tabindex:14)
2025-06-12 11:16:05,989 [INFO] PluginManage:283 - PluginManage : Loaded plugins [18]
2025-06-12 11:16:06,242 [INFO] PinOutPanel:1589 - setPackage(No Configuration,No Configuration)
2025-06-12 11:16:06,325 [INFO] CADModel:165 - CPN selected for project level
2025-06-12 11:16:06,325 [INFO] CADModel:114 - Register for checkConnection events
2025-06-12 11:16:06,336 [INFO] IPUIPlugin:80 - create IPUIPlugin
2025-06-12 11:16:06,337 [INFO] PluginManager:220 - loadIPPluginJar : add mdma
2025-06-12 11:16:06,343 [INFO] IPUIPlugin:80 - create IPUIPlugin
2025-06-12 11:16:06,343 [INFO] PluginManager:220 - loadIPPluginJar : add freertos
2025-06-12 11:16:06,346 [INFO] IPUIPlugin:80 - create IPUIPlugin
2025-06-12 11:16:06,347 [INFO] PluginManager:220 - loadIPPluginJar : add gic
2025-06-12 11:16:06,355 [INFO] IPUIPlugin:80 - create IPUIPlugin
2025-06-12 11:16:06,356 [INFO] PluginManager:220 - loadIPPluginJar : add adc
2025-06-12 11:16:06,358 [INFO] IPUIPlugin:80 - create IPUIPlugin
2025-06-12 11:16:06,358 [INFO] PluginManager:220 - loadIPPluginJar : add gtzc
2025-06-12 11:16:06,360 [INFO] IPUIPlugin:80 - create IPUIPlugin
2025-06-12 11:16:06,360 [INFO] PluginManager:220 - loadIPPluginJar : add quadspi
2025-06-12 11:16:06,361 [INFO] IPUIPlugin:80 - create IPUIPlugin
2025-06-12 11:16:06,362 [INFO] PluginManager:220 - loadIPPluginJar : add aes
2025-06-12 11:16:06,363 [INFO] IPUIPlugin:80 - create IPUIPlugin
2025-06-12 11:16:06,364 [INFO] PluginManager:220 - loadIPPluginJar : add pdm2pcm
2025-06-12 11:16:06,365 [INFO] IPUIPlugin:80 - create IPUIPlugin
2025-06-12 11:16:06,365 [INFO] PluginManager:220 - loadIPPluginJar : add hash
2025-06-12 11:16:06,366 [INFO] IPUIPlugin:80 - create IPUIPlugin
2025-06-12 11:16:06,367 [INFO] PluginManager:220 - loadIPPluginJar : add tim
2025-06-12 11:16:06,369 [INFO] IPUIPlugin:80 - create IPUIPlugin
2025-06-12 11:16:06,369 [INFO] PluginManager:220 - loadIPPluginJar : add tsc
2025-06-12 11:16:06,372 [INFO] IPUIPlugin:80 - create IPUIPlugin
2025-06-12 11:16:06,372 [INFO] PluginManager:220 - loadIPPluginJar : add extmemmanager
2025-06-12 11:16:06,374 [INFO] IPUIPlugin:80 - create IPUIPlugin
2025-06-12 11:16:06,374 [INFO] PluginManager:220 - loadIPPluginJar : add ts
2025-06-12 11:16:06,375 [INFO] IPUIPlugin:80 - create IPUIPlugin
2025-06-12 11:16:06,375 [INFO] PluginManager:220 - loadIPPluginJar : add radio
2025-06-12 11:16:06,377 [INFO] IPUIPlugin:80 - create IPUIPlugin
2025-06-12 11:16:06,377 [INFO] PluginManager:220 - loadIPPluginJar : add can
2025-06-12 11:16:06,378 [INFO] IPUIPlugin:80 - create IPUIPlugin
2025-06-12 11:16:06,378 [INFO] PluginManager:220 - loadIPPluginJar : add dma3
2025-06-12 11:16:06,380 [INFO] IPUIPlugin:80 - create IPUIPlugin
2025-06-12 11:16:06,380 [INFO] PluginManager:220 - loadIPPluginJar : add dfsdm
2025-06-12 11:16:06,381 [INFO] IPUIPlugin:80 - create IPUIPlugin
2025-06-12 11:16:06,381 [INFO] PluginManager:220 - loadIPPluginJar : add spi
2025-06-12 11:16:06,383 [INFO] IPUIPlugin:80 - create IPUIPlugin
2025-06-12 11:16:06,384 [INFO] PluginManager:220 - loadIPPluginJar : add gfxmmu
2025-06-12 11:16:06,385 [INFO] IPUIPlugin:80 - create IPUIPlugin
2025-06-12 11:16:06,385 [INFO] PluginManager:220 - loadIPPluginJar : add genericplugin
2025-06-12 11:16:06,387 [INFO] IPUIPlugin:80 - create IPUIPlugin
2025-06-12 11:16:06,387 [INFO] PluginManager:220 - loadIPPluginJar : add cryp
2025-06-12 11:16:06,391 [INFO] IPUIPlugin:80 - create IPUIPlugin
2025-06-12 11:16:06,391 [INFO] PluginManager:220 - loadIPPluginJar : add gpio
2025-06-12 11:16:06,393 [INFO] IPUIPlugin:80 - create IPUIPlugin
2025-06-12 11:16:06,393 [INFO] PluginManager:220 - loadIPPluginJar : add ddr_ctrl_phy
2025-06-12 11:16:06,395 [INFO] IPUIPlugin:80 - create IPUIPlugin
2025-06-12 11:16:06,395 [INFO] PluginManager:220 - loadIPPluginJar : add comp
2025-06-12 11:16:06,396 [INFO] IPUIPlugin:80 - create IPUIPlugin
2025-06-12 11:16:06,397 [INFO] PluginManager:220 - loadIPPluginJar : add tracer_emb
2025-06-12 11:16:06,399 [INFO] IPUIPlugin:80 - create IPUIPlugin
2025-06-12 11:16:06,399 [INFO] PluginManager:220 - loadIPPluginJar : add openamp
2025-06-12 11:16:06,403 [INFO] IPUIPlugin:80 - create IPUIPlugin
2025-06-12 11:16:06,404 [INFO] PluginManager:220 - loadIPPluginJar : add stm32_wpan
2025-06-12 11:16:06,409 [INFO] IPUIPlugin:80 - create IPUIPlugin
2025-06-12 11:16:06,411 [INFO] PluginManager:220 - loadIPPluginJar : add plateformsettings
2025-06-12 11:16:06,414 [INFO] IPUIPlugin:80 - create IPUIPlugin
2025-06-12 11:16:06,414 [INFO] PluginManager:220 - loadIPPluginJar : add ipddr
2025-06-12 11:16:06,415 [INFO] IPUIPlugin:80 - create IPUIPlugin
2025-06-12 11:16:06,415 [INFO] PluginManager:220 - loadIPPluginJar : add usart
2025-06-12 11:16:06,416 [INFO] IPUIPlugin:80 - create IPUIPlugin
2025-06-12 11:16:06,416 [INFO] PluginManager:220 - loadIPPluginJar : add ltdc
2025-06-12 11:16:06,418 [INFO] IPUIPlugin:80 - create IPUIPlugin
2025-06-12 11:16:06,418 [INFO] PluginManager:220 - loadIPPluginJar : add nvic
2025-06-12 11:16:06,418 [INFO] IPUIPlugin:80 - create IPUIPlugin
2025-06-12 11:16:06,418 [INFO] PluginManager:220 - loadIPPluginJar : add fatfs
2025-06-12 11:16:06,423 [INFO] IPUIPlugin:80 - create IPUIPlugin
2025-06-12 11:16:06,423 [INFO] PluginManager:220 - loadIPPluginJar : add linkedlist
2025-06-12 11:16:06,427 [INFO] IPUIPlugin:80 - create IPUIPlugin
2025-06-12 11:16:06,427 [INFO] PluginManager:220 - loadIPPluginJar : add dma
2025-06-12 11:16:06,430 [INFO] IPUIPlugin:80 - create IPUIPlugin
2025-06-12 11:16:06,430 [INFO] PluginManager:220 - loadIPPluginJar : add fmc
2025-06-12 11:16:06,431 [INFO] IPUIPlugin:80 - create IPUIPlugin
2025-06-12 11:16:06,431 [INFO] PluginManager:220 - loadIPPluginJar : add i2s
2025-06-12 11:16:06,432 [INFO] IPUIPlugin:80 - create IPUIPlugin
2025-06-12 11:16:06,432 [INFO] PluginManager:220 - loadIPPluginJar : add ucpd
2025-06-12 11:16:06,434 [INFO] IPUIPlugin:80 - create IPUIPlugin
2025-06-12 11:16:06,434 [INFO] PluginManager:220 - loadIPPluginJar : add lorawan
2025-06-12 11:16:06,436 [INFO] IPUIPlugin:80 - create IPUIPlugin
2025-06-12 11:16:06,436 [INFO] PluginManager:220 - loadIPPluginJar : add opamp
2025-06-12 11:16:06,438 [INFO] IPUIPlugin:80 - create IPUIPlugin
2025-06-12 11:16:06,438 [INFO] PluginManager:220 - loadIPPluginJar : add i3c
2025-06-12 11:16:06,440 [INFO] IPUIPlugin:80 - create IPUIPlugin
2025-06-12 11:16:06,440 [INFO] PluginManager:220 - loadIPPluginJar : add touchsensing
2025-06-12 11:16:06,442 [INFO] IPUIPlugin:80 - create IPUIPlugin
2025-06-12 11:16:06,442 [INFO] PluginManager:220 - loadIPPluginJar : add i2c
2025-06-12 11:16:06,444 [INFO] IPUIPlugin:80 - create IPUIPlugin
2025-06-12 11:16:06,444 [INFO] PluginManager:220 - loadIPPluginJar : add resmgrutility
2025-06-12 11:16:06,446 [INFO] IPUIPlugin:80 - create IPUIPlugin
2025-06-12 11:16:06,446 [INFO] PluginManager:220 - loadIPPluginJar : add sai
2025-06-12 11:16:06,449 [INFO] IPUIPlugin:80 - create IPUIPlugin
2025-06-12 11:16:06,449 [INFO] PluginManager:220 - loadIPPluginJar : add usbx
2025-06-12 11:16:06,565 [FATAL] Updater:351 - Updater called before beeing initialized
2025-06-12 11:16:06,609 [INFO] RulesReader:64 - Compatibility file has been processed (301 Rules)
2025-06-12 11:16:06,623 [INFO] RulesReader:64 - Compatibility file has been processed (301 Rules)
2025-06-12 11:16:06,636 [INFO] CADModel:165 - CPN selected for project level
2025-06-12 11:16:06,636 [INFO] CADModel:114 - Register for checkConnection events
2025-06-12 11:16:06,636 [FATAL] Updater:351 - Updater called before beeing initialized
2025-06-12 11:16:06,636 [ERROR] CADModel:125 - Updater not yet initialized, retry later 
2025-06-12 11:16:06,882 [FATAL] Updater:351 - Updater called before beeing initialized
2025-06-12 11:16:06,885 [INFO] CADModel:165 - CPN selected for project level
2025-06-12 11:16:06,885 [INFO] CADModel:114 - Register for checkConnection events
2025-06-12 11:16:06,885 [FATAL] Updater:351 - Updater called before beeing initialized
2025-06-12 11:16:06,885 [ERROR] CADModel:125 - Updater not yet initialized, retry later 
2025-06-12 11:16:06,889 [FATAL] Updater:351 - Updater called before beeing initialized
2025-06-12 11:16:07,071 [FATAL] Updater:351 - Updater called before beeing initialized
2025-06-12 11:16:07,075 [INFO] DbMcusAds:53 - JSON generation date=Wed May 07 06:07:55 BRT 2025 (1746608875484)
2025-06-12 11:16:07,075 [FATAL] Updater:351 - Updater called before beeing initialized
2025-06-12 11:16:07,470 [WARN] DetailPanel:346 - Failed to get advertising image, set to default
2025-06-12 11:16:07,688 [FATAL] Updater:351 - Updater called before beeing initialized
2025-06-12 11:16:07,690 [FATAL] Updater:351 - Updater called before beeing initialized
2025-06-12 11:16:07,690 [FATAL] Updater:351 - Updater called before beeing initialized
2025-06-12 11:16:07,690 [WARN] DetailPanel:346 - Failed to get advertising image, set to default
2025-06-12 11:16:07,691 [FATAL] Updater:351 - Updater called before beeing initialized
2025-06-12 11:16:07,751 [ERROR] Updater:1198 - MainUpdater not yet initialized. External WinMGr cannot be set.
2025-06-12 11:16:07,755 [INFO] Updater:1134 - Updater Version found : 6.14.0
2025-06-12 11:16:07,770 [INFO] ApplicationProperties:184 - Using Application install path: /Applications/STM32CubeIDE.app/Contents/Eclipse/plugins/com.st.stm32cube.common.mx_6.14.0.202502271554
2025-06-12 11:16:08,754 [INFO] ThirdPartyUpdaterWithRetryManager:70 - Updater plugin not ready yet. [2/15]
2025-06-12 11:16:09,160 [INFO] MainUpdater:2872 - connection check result : 10
2025-06-12 11:16:09,160 [INFO] MainUpdater:3566 - Updater definition file requires update
2025-06-12 11:16:09,161 [INFO] MainUpdater:289 - Updater Check For Update Now.
2025-06-12 11:16:09,161 [INFO] MicroXplorer:498 - Change Database Version : DB.6.0.140
2025-06-12 11:16:09,169 [INFO] McuFinderGlobals:63 - Set McuFinder mode to 2 (CubeIDE integrated)
2025-06-12 11:16:09,171 [INFO] UserAuth:486 - Internet connection configuration mode: 1
2025-06-12 11:16:09,185 [INFO] JxBrowserEngine:152 - Initiate JxBrowser Engine with user profile folder
2025-06-12 11:16:09,297 [INFO] ServerAccessManage:473 - Download File updaters.zip
2025-06-12 11:16:09,703 [INFO] FileExtend:242 - Unzip File : updaters.zip
2025-06-12 11:16:09,712 [INFO] FileExtend:257 - Standard Zip Deflate
2025-06-12 11:16:10,139 [INFO] ServerAccessManage:473 - Download File PacksControlFlags.xml
2025-06-12 11:16:10,356 [INFO] ServerAccessManage:473 - Download File cubemx.pidx
2025-06-12 11:16:11,760 [WARN] MainUpdater:1193 - Updater busy. Cannot search thirdparties
2025-06-12 11:16:11,762 [INFO] ThirdPartyUpdaterWithRetryManager:96 - Updater plugin is busy. [1/15]
2025-06-12 11:16:12,024 [INFO] ServerAccessManage:473 - Download File STMicroelectronics.X-CUBE-MEMS1.pdsc
2025-06-12 11:16:14,769 [WARN] MainUpdater:1193 - Updater busy. Cannot search thirdparties
2025-06-12 11:16:14,769 [INFO] ThirdPartyUpdaterWithRetryManager:96 - Updater plugin is busy. [2/15]
2025-06-12 11:16:15,766 [WARN] PackLoader:240 - Cannot read IP mode file for STMicroelectronics.X-CUBE-MEMS1.11.3.0
2025-06-12 11:16:15,775 [INFO] CheckServerUpdateThread:120 - End of CheckServer Thread
2025-06-12 11:16:16,017 [INFO] PopulateThirdPartyThread:66 - Ending populate Thread
2025-06-12 11:16:16,021 [INFO] ThirdParty:1030 - CMSIS Pack Vendor :STMicroelectronics X-CUBE-MEMS1 11.3.0
2025-06-12 11:16:16,021 [INFO] LoadServerUpdatesThread:375 - End of LoadServerUpdate Thread
2025-06-12 11:16:18,057 [WARN] PackLoader:240 - Cannot read IP mode file for STMicroelectronics.FP-SNS-MOTENVWB1.1.4.0
2025-06-12 11:16:18,103 [WARN] PackLoader:240 - Cannot read IP mode file for STMicroelectronics.FP-ATR-ASTRA1.2.0.2
2025-06-12 11:16:18,120 [WARN] PackLoader:240 - Cannot read IP mode file for STMicroelectronics.X-CUBE-SMBUS.2.1.0
2025-06-12 11:16:18,148 [WARN] PackLoader:240 - Cannot read IP mode file for STMicroelectronics.X-CUBE-WB05N.1.1.0
2025-06-12 11:16:18,163 [WARN] PackLoader:240 - Cannot read IP mode file for STMicroelectronics.X-CUBE-ST60.1.0.0
2025-06-12 11:16:18,206 [WARN] PackLoader:240 - Cannot read IP mode file for STMicroelectronics.X-CUBE-AZRTOS-F7.1.1.0
2025-06-12 11:16:18,671 [WARN] PackLoader:240 - Cannot read IP mode file for Infineon.AIROC-Wi-Fi-Bluetooth-STM32.1.7.0
2025-06-12 11:16:19,068 [WARN] PackLoader:240 - Cannot read IP mode file for STMicroelectronics.X-CUBE-DISPLAY.3.0.0
2025-06-12 11:16:19,148 [WARN] PackLoader:240 - Cannot read IP mode file for STMicroelectronics.X-CUBE-NFC10.1.0.0
2025-06-12 11:16:19,216 [WARN] PackLoader:240 - Cannot read IP mode file for STMicroelectronics.X-CUBE-BLEMGR.4.0.0
2025-06-12 11:16:19,255 [WARN] PackLoader:240 - Cannot read IP mode file for emotas.I-CUBE-CANOPEN.1.3.0
2025-06-12 11:16:19,287 [WARN] ConditionMgr:438 - getConditionDescription Invalid condition id : Cortex-A Device cause : null
2025-06-12 11:16:19,402 [WARN] ConditionMgr:1044 - genDependencies : Invalid condition id : Cortex-A Device cause : null
2025-06-12 11:16:19,403 [WARN] ConditionMgr:1044 - genDependencies : Invalid condition id : Cortex-A Device cause : null
2025-06-12 11:16:19,403 [WARN] ConditionMgr:1044 - genDependencies : Invalid condition id : Cortex-A Device cause : null
2025-06-12 11:16:19,415 [WARN] PackLoader:240 - Cannot read IP mode file for STMicroelectronics.X-CUBE-AI.10.0.0
2025-06-12 11:16:19,434 [WARN] PackLoader:240 - Cannot read IP mode file for STMicroelectronics.FP-SNS-SMARTAG2.1.2.0
2025-06-12 11:16:19,442 [WARN] PackLoader:240 - Cannot read IP mode file for STMicroelectronics.FP-SNS-FLIGHT1.5.1.0
2025-06-12 11:16:19,551 [WARN] PackLoader:240 - Cannot read IP mode file for STMicroelectronics.X-CUBE-MEMS1.11.1.0
2025-06-12 11:16:19,757 [INFO] LogOutputStream:77 - [STDOUT_REDIRECT] 1 : Invalid condition id : UX_CORESTACK_Condition cause : null
2025-06-12 11:16:19,779 [INFO] LogOutputStream:77 - [STDOUT_REDIRECT] 1 : Invalid condition id : UX_CORESTACK_Condition cause : null
2025-06-12 11:16:19,779 [INFO] LogOutputStream:77 - [STDOUT_REDIRECT] 1 : Invalid condition id : UX_CORESTACK_Condition cause : null
2025-06-12 11:16:19,780 [INFO] LogOutputStream:77 - [STDOUT_REDIRECT] 1 : Invalid condition id : UX_CORESTACK_Condition cause : null
2025-06-12 11:16:19,780 [INFO] LogOutputStream:77 - [STDOUT_REDIRECT] 1 : Invalid condition id : UX_CORESTACK_Condition cause : null
2025-06-12 11:16:19,791 [WARN] PackLoader:240 - Cannot read IP mode file for STMicroelectronics.X-CUBE-AZRTOS-WL.2.0.0
2025-06-12 11:16:19,816 [WARN] PackLoader:240 - Cannot read IP mode file for STMicroelectronics.FP-SNS-MOTENV1.5.0.0
2025-06-12 11:16:19,834 [WARN] PackLoader:240 - Cannot read IP mode file for WES.I-CUBE-Cesium.1.3.0
2025-06-12 11:16:19,857 [WARN] PackLoader:240 - Cannot read IP mode file for STMicroelectronics.X-CUBE-BLE2.3.3.0
2025-06-12 11:16:19,898 [WARN] PackLoader:240 - Cannot read IP mode file for STMicroelectronics.X-CUBE-NFC9.1.0.0
2025-06-12 11:16:19,926 [WARN] PackLoader:240 - Cannot read IP mode file for STMicroelectronics.X-CUBE-BLE1.7.1.0
2025-06-12 11:16:19,939 [WARN] PackLoader:240 - Cannot read IP mode file for wolfSSL.I-CUBE-wolfMQTT.1.19.2
2025-06-12 11:16:19,952 [WARN] PackLoader:240 - Cannot read IP mode file for STMicroelectronics.X-CUBE-AI.10.1.0
2025-06-12 11:16:20,073 [WARN] PackLoader:240 - Cannot read IP mode file for STMicroelectronics.X-CUBE-MEMS1.11.2.0
2025-06-12 11:16:20,229 [WARN] PackLoader:240 - Cannot read IP mode file for STMicroelectronics.X-CUBE-AZRTOS-G0.1.1.0
2025-06-12 11:16:20,274 [WARN] PackLoader:240 - Cannot read IP mode file for STMicroelectronics.X-CUBE-SAFEA1.1.2.2
2025-06-12 11:16:20,287 [WARN] PackLoader:240 - Cannot read IP mode file for STMicroelectronics.X-CUBE-NFC4.3.0.0
2025-06-12 11:16:20,310 [WARN] PackLoader:240 - Cannot read IP mode file for EmbeddedOffice.I-CUBE-FS-RTOS.1.0.1
2025-06-12 11:16:20,319 [WARN] PackLoader:240 - Cannot read IP mode file for STMicroelectronics.X-CUBE-WB05N.2.0.0
2025-06-12 11:16:20,324 [WARN] PackLoader:240 - Cannot read IP mode file for wolfSSL.I-CUBE-wolfTPM.3.8.0
2025-06-12 11:16:20,332 [WARN] PackLoader:240 - Cannot read IP mode file for STMicroelectronics.X-CUBE-TCPP.4.2.0
2025-06-12 11:16:20,347 [WARN] PackLoader:240 - Cannot read IP mode file for RealThread.X-CUBE-RT-Thread_Nano.4.1.1
2025-06-12 11:16:20,352 [WARN] PackLoader:240 - Cannot read IP mode file for STMicroelectronics.FP-ATR-SIGFOX1.3.2.0
2025-06-12 11:16:20,362 [WARN] PackLoader:240 - Cannot read IP mode file for STMicroelectronics.X-CUBE-EEPRMA1.5.1.0
2025-06-12 11:16:20,369 [WARN] PackLoader:240 - Cannot read IP mode file for wolfSSL.I-CUBE-wolfSSL.5.7.6
2025-06-12 11:16:20,381 [WARN] PackLoader:240 - Cannot read IP mode file for ITTIA_DB.I-CUBE-ITTIADB.8.9.0
2025-06-12 11:16:20,394 [WARN] PackLoader:240 - Cannot read IP mode file for STMicroelectronics.X-CUBE-ST67W61.1.0.0
2025-06-12 11:16:20,524 [WARN] PackLoader:240 - Cannot read IP mode file for SEGGER.I-CUBE-embOS.1.3.1
2025-06-12 11:16:20,602 [WARN] PackLoader:240 - Cannot read IP mode file for STMicroelectronics.X-CUBE-ALGOBUILD.1.4.0
2025-06-12 11:16:20,724 [WARN] PackLoader:240 - Cannot read IP mode file for STMicroelectronics.X-CUBE-MEMS1.11.3.0
2025-06-12 11:16:20,928 [WARN] PackLoader:240 - Cannot read IP mode file for STMicroelectronics.X-CUBE-AZRTOS-F4.1.1.0
2025-06-12 11:16:20,943 [WARN] PackLoader:240 - Cannot read IP mode file for Avnet-IotConnect.X-CUBE-IoTC-DA16k-PMOD.1.0.0
2025-06-12 11:16:20,953 [WARN] PackLoader:240 - Cannot read IP mode file for STMicroelectronics.X-CUBE-ISPU.2.1.0
2025-06-12 11:16:20,994 [WARN] PackLoader:240 - Cannot read IP mode file for STMicroelectronics.X-CUBE-AZRTOS-L5.2.0.0
2025-06-12 11:16:21,029 [WARN] PackLoader:240 - Cannot read IP mode file for STMicroelectronics.X-CUBE-NFC6.3.1.0
2025-06-12 11:16:21,046 [WARN] PackLoader:240 - Cannot read IP mode file for STMicroelectronics.X-CUBE-FREERTOS.1.3.1
2025-06-12 11:16:21,052 [WARN] PackLoader:240 - Cannot read IP mode file for STMicroelectronics.X-CUBE-FREERTOS.1.3.0
2025-06-12 11:16:21,061 [WARN] PackLoader:240 - Cannot read IP mode file for STMicroelectronics.X-CUBE-NFC7.1.0.1
2025-06-12 11:16:21,076 [WARN] PackLoader:240 - Cannot read IP mode file for STMicroelectronics.X-CUBE-DPower.1.3.0
2025-06-12 11:16:21,113 [WARN] ConditionMgr:438 - getConditionDescription Invalid condition id : LAN8742 Phy interface Condition cause : null
2025-06-12 11:16:21,117 [WARN] PackLoader:240 - Cannot read IP mode file for STMicroelectronics.X-CUBE-AZRTOS-L4.2.0.0
2025-06-12 11:16:21,120 [WARN] ConditionMgr:1044 - genDependencies : Invalid condition id : LAN8742 Phy interface Condition cause : null
2025-06-12 11:16:21,121 [WARN] ConditionMgr:1044 - genDependencies : Invalid condition id : LAN8742 Phy interface Condition cause : null
2025-06-12 11:16:21,122 [WARN] ConditionMgr:1044 - genDependencies : Invalid condition id : LAN8742 Phy interface Condition cause : null
2025-06-12 11:16:21,138 [WARN] PackLoader:240 - Cannot read IP mode file for STMicroelectronics.X-CUBE-SFXS2LP1.4.0.0
2025-06-12 11:16:21,167 [WARN] PackLoader:240 - Cannot read IP mode file for STMicroelectronics.X-CUBE-AZRTOS-H7.3.3.0
2025-06-12 11:16:21,191 [WARN] ConditionMgr:438 - getConditionDescription Invalid condition id : UX DEVICE CLASS RTOS Condition cause : null
2025-06-12 11:16:21,191 [WARN] ConditionMgr:438 - getConditionDescription Invalid condition id : UX DEVICE CLASS RTOS Condition cause : null
2025-06-12 11:16:21,197 [WARN] PackLoader:240 - Cannot read IP mode file for STMicroelectronics.X-CUBE-AZRTOS-WB.2.0.0
2025-06-12 11:16:21,198 [WARN] ConditionMgr:1044 - genDependencies : Invalid condition id : UX DEVICE CLASS RTOS Condition cause : null
2025-06-12 11:16:21,199 [WARN] ConditionMgr:1044 - genDependencies : Invalid condition id : UX DEVICE CLASS RTOS Condition cause : null
2025-06-12 11:16:21,199 [WARN] ConditionMgr:1044 - genDependencies : Invalid condition id : UX DEVICE CLASS RTOS Condition cause : null
2025-06-12 11:16:21,200 [WARN] ConditionMgr:1044 - genDependencies : Invalid condition id : UX DEVICE CLASS RTOS Condition cause : null
2025-06-12 11:16:21,200 [WARN] ConditionMgr:1044 - genDependencies : Invalid condition id : UX DEVICE CLASS RTOS Condition cause : null
2025-06-12 11:16:21,209 [WARN] PackLoader:240 - Cannot read IP mode file for STMicroelectronics.X-CUBE-GNSS1.7.0.1
2025-06-12 11:16:21,219 [WARN] PackLoader:240 - Cannot read IP mode file for STMicroelectronics.X-CUBE-TOUCHGFX.4.25.0
2025-06-12 11:16:21,238 [WARN] PackLoader:240 - Cannot read IP mode file for STMicroelectronics.FP-SNS-STBOX1.2.0.0
2025-06-12 11:16:21,255 [WARN] PackLoader:240 - Cannot read IP mode file for STMicroelectronics.X-CUBE-SUBG2.5.0.0
2025-06-12 11:16:21,297 [WARN] PackLoader:240 - Cannot read IP mode file for STMicroelectronics.X-CUBE-AZRTOS-H7RS.1.1.0
2025-06-12 11:16:21,318 [WARN] PackLoader:240 - Cannot read IP mode file for Cesanta.I-CUBE-Mongoose.7.13.0
2025-06-12 11:16:21,349 [WARN] PackLoader:240 - Cannot read IP mode file for STMicroelectronics.X-CUBE-AZRTOS-G4.2.0.0
2025-06-12 11:16:21,359 [WARN] PackLoader:240 - Cannot read IP mode file for wolfSSL.I-CUBE-wolfSSH.1.4.20
2025-06-12 11:16:21,365 [WARN] PackLoader:240 - Cannot read IP mode file for STMicroelectronics.X-CUBE-NFC7.2.0.0
2025-06-12 11:16:21,378 [WARN] PackLoader:240 - Cannot read IP mode file for STMicroelectronics.X-CUBE-IPS.3.1.0
2025-06-12 11:16:21,387 [WARN] PackLoader:240 - Cannot read IP mode file for STMicroelectronics.X-CUBE-ALS.1.0.2
2025-06-12 11:16:21,400 [WARN] PackLoader:240 - Cannot read IP mode file for portGmbH.I-Cube-SoM-uGOAL.1.1.0
2025-06-12 11:16:21,416 [WARN] PackLoader:240 - Cannot read IP mode file for STMicroelectronics.X-CUBE-TOF1.3.4.2
2025-06-12 11:16:21,441 [WARN] PackLoader:240 - Cannot read IP mode file for STMicroelectronics.X-CUBE-TOF1.3.4.3
2025-06-12 11:16:21,493 [INFO] ThirdParty:978 - Integrity check success = true
2025-06-12 11:16:21,493 [INFO] IntegrityCheckThread:100 - exiting critical section [integrity check]
2025-06-12 11:16:21,493 [INFO] IntegrityCheckThread:103 - End integrity checks thread
2025-06-12 11:17:02,394 [INFO] WebApp:169 - Instantiating new browser for Auth
2025-06-12 11:17:04,111 [INFO] WebApp:463 - Apply proxy settings
2025-06-12 11:17:04,157 [INFO] WebApp:508 - Chromium authenticates against Manually configured proxy
2025-06-12 11:17:04,173 [INFO] WebApp:516 - Username used for proxy authentication: 
2025-06-12 11:17:04,217 [INFO] WebApp:894 - Register for checkConnection events
2025-06-12 11:17:04,217 [INFO] WebApp:463 - Apply proxy settings
2025-06-12 11:17:04,225 [INFO] WebApp:508 - Chromium authenticates against Manually configured proxy
2025-06-12 11:17:04,226 [INFO] WebApp:516 - Username used for proxy authentication: 
2025-06-12 11:17:04,450 [INFO] WebApp:225 - Starting web application
2025-06-12 11:17:04,451 [INFO] WebApp:593 - Web application path used /Applications/STM32CubeIDE.app/Contents/Eclipse/plugins/com.st.stm32cube.common.mx_6.14.0.202502271554/db/plugins/mcufinder/reactClient1/index.html
2025-06-12 11:17:05,013 [INFO] WebApp:191 - Connection restablished
2025-06-12 11:17:05,296 [INFO] UserAuth:486 - Internet connection configuration mode: 1
2025-06-12 11:19:06,713 [ERROR] LogOutputStream:75 - [STDERR_REDIRECT] 
