2025-05-11 00:17:48,002 [INFO] WebApp:194 - Connection lost
2025-05-11 00:17:49,186 [INFO] WebApp:191 - Connection restablished
2025-05-11 00:18:27,936 [INFO] WebApp:194 - Connection lost
2025-05-11 00:18:28,868 [INFO] WebApp:191 - Connection restablished
2025-05-11 00:20:28,054 [INFO] WebApp:194 - Connection lost
2025-05-11 00:20:28,362 [INFO] WebApp:191 - Connection restablished
2025-05-11 00:20:47,498 [INFO] WebApp:194 - Connection lost
2025-05-11 00:20:48,211 [INFO] WebApp:191 - Connection restablished
2025-05-11 00:20:50,191 [INFO] WebApp:194 - Connection lost
2025-05-11 00:20:50,728 [INFO] WebApp:191 - Connection restablished
2025-05-11 00:22:28,080 [INFO] WebApp:194 - Connection lost
2025-05-11 00:22:29,372 [INFO] WebApp:191 - Connection restablished
2025-05-11 00:22:47,830 [INFO] WebApp:194 - Connection lost
2025-05-11 00:22:48,490 [INFO] WebApp:191 - Connection restablished
2025-05-11 00:23:07,596 [INFO] WebApp:194 - Connection lost
2025-05-11 00:23:07,888 [INFO] WebApp:191 - Connection restablished
2025-05-11 00:23:48,256 [INFO] WebApp:194 - Connection lost
2025-05-11 00:23:50,221 [INFO] WebApp:191 - Connection restablished
2025-05-11 00:24:28,201 [INFO] WebApp:194 - Connection lost
2025-05-11 00:24:29,450 [INFO] WebApp:191 - Connection restablished
2025-05-11 00:24:47,429 [INFO] WebApp:194 - Connection lost
2025-05-11 00:24:48,102 [INFO] WebApp:191 - Connection restablished
2025-05-11 00:26:08,234 [INFO] WebApp:194 - Connection lost
2025-05-11 00:26:08,513 [INFO] WebApp:191 - Connection restablished
2025-05-11 00:26:27,694 [INFO] WebApp:194 - Connection lost
2025-05-11 00:26:28,074 [INFO] WebApp:191 - Connection restablished
2025-05-11 00:30:28,041 [INFO] WebApp:194 - Connection lost
2025-05-11 00:30:30,302 [INFO] WebApp:191 - Connection restablished
2025-05-11 00:30:47,789 [INFO] WebApp:194 - Connection lost
2025-05-11 00:30:48,952 [INFO] WebApp:191 - Connection restablished
2025-05-11 00:32:48,124 [INFO] WebApp:194 - Connection lost
2025-05-11 00:32:48,898 [INFO] WebApp:191 - Connection restablished
2025-05-11 00:33:07,514 [INFO] WebApp:194 - Connection lost
2025-05-11 00:33:07,788 [INFO] WebApp:191 - Connection restablished
2025-05-11 00:33:10,978 [INFO] WebApp:194 - Connection lost
2025-05-11 00:33:14,687 [INFO] WebApp:191 - Connection restablished
2025-05-11 00:35:47,956 [INFO] WebApp:194 - Connection lost
2025-05-11 00:35:50,736 [INFO] WebApp:191 - Connection restablished
2025-05-11 00:36:27,892 [INFO] WebApp:194 - Connection lost
2025-05-11 00:36:30,227 [INFO] WebApp:191 - Connection restablished
2025-05-11 00:39:47,989 [INFO] WebApp:194 - Connection lost
2025-05-11 00:39:50,756 [INFO] WebApp:191 - Connection restablished
2025-05-11 00:47:07,806 [INFO] WebApp:194 - Connection lost
2025-05-11 00:47:08,131 [INFO] WebApp:191 - Connection restablished
2025-05-11 00:47:08,310 [INFO] WebApp:194 - Connection lost
2025-05-11 00:47:08,973 [INFO] WebApp:191 - Connection restablished
2025-05-11 01:01:08,358 [INFO] WebApp:194 - Connection lost
2025-05-11 01:01:08,756 [INFO] WebApp:191 - Connection restablished
2025-05-11 01:11:08,355 [INFO] WebApp:194 - Connection lost
2025-05-11 01:11:09,209 [INFO] WebApp:191 - Connection restablished
2025-05-11 01:23:08,142 [INFO] WebApp:194 - Connection lost
2025-05-11 01:23:08,554 [INFO] WebApp:191 - Connection restablished
2025-05-11 01:39:22,181 [INFO] WebApp:194 - Connection lost
2025-05-11 01:39:22,633 [INFO] WebApp:191 - Connection restablished
2025-05-11 01:55:31,437 [INFO] WebApp:194 - Connection lost
2025-05-11 01:55:32,317 [INFO] WebApp:191 - Connection restablished
2025-05-11 02:11:43,028 [INFO] WebApp:194 - Connection lost
2025-05-11 02:11:43,972 [INFO] WebApp:191 - Connection restablished
2025-05-11 02:14:33,115 [INFO] WebApp:194 - Connection lost
2025-05-11 02:14:33,584 [INFO] WebApp:191 - Connection restablished
2025-05-11 02:16:48,763 [INFO] WebApp:194 - Connection lost
2025-05-11 02:16:49,205 [INFO] WebApp:191 - Connection restablished
2025-05-11 02:16:50,148 [INFO] WebApp:194 - Connection lost
2025-05-11 02:16:52,796 [INFO] WebApp:191 - Connection restablished
2025-05-11 02:32:25,283 [INFO] WebApp:194 - Connection lost
2025-05-11 02:32:25,848 [INFO] WebApp:191 - Connection restablished
2025-05-11 02:48:38,963 [INFO] WebApp:194 - Connection lost
2025-05-11 02:48:39,366 [INFO] WebApp:191 - Connection restablished
2025-05-11 02:51:42,937 [INFO] WebApp:194 - Connection lost
2025-05-11 02:51:43,867 [INFO] WebApp:191 - Connection restablished
2025-05-11 02:51:45,304 [INFO] WebApp:194 - Connection lost
2025-05-11 02:51:47,090 [INFO] WebApp:191 - Connection restablished
2025-05-11 03:07:19,662 [INFO] WebApp:194 - Connection lost
2025-05-11 03:07:20,274 [INFO] WebApp:191 - Connection restablished
2025-05-11 03:17:48,836 [INFO] WebApp:194 - Connection lost
2025-05-11 03:17:49,254 [INFO] WebApp:191 - Connection restablished
2025-05-11 03:33:52,152 [INFO] WebApp:194 - Connection lost
2025-05-11 03:33:52,884 [INFO] WebApp:191 - Connection restablished
2025-05-11 03:50:07,852 [INFO] WebApp:194 - Connection lost
2025-05-11 03:50:08,785 [INFO] WebApp:191 - Connection restablished
2025-05-11 04:06:20,984 [INFO] WebApp:194 - Connection lost
2025-05-11 04:06:21,849 [INFO] WebApp:191 - Connection restablished
2025-05-11 04:18:49,011 [INFO] WebApp:194 - Connection lost
2025-05-11 04:18:49,882 [INFO] WebApp:191 - Connection restablished
2025-05-11 04:35:05,287 [INFO] WebApp:194 - Connection lost
2025-05-11 04:35:06,150 [INFO] WebApp:191 - Connection restablished
2025-05-11 04:35:07,594 [INFO] WebApp:194 - Connection lost
2025-05-11 04:35:09,514 [INFO] WebApp:191 - Connection restablished
2025-05-11 04:50:46,788 [INFO] WebApp:194 - Connection lost
2025-05-11 04:50:47,675 [INFO] WebApp:191 - Connection restablished
2025-05-11 05:06:55,798 [INFO] WebApp:194 - Connection lost
2025-05-11 05:06:56,861 [INFO] WebApp:191 - Connection restablished
2025-05-11 05:19:48,759 [INFO] WebApp:194 - Connection lost
2025-05-11 05:19:49,630 [INFO] WebApp:191 - Connection restablished
2025-05-11 05:36:04,222 [INFO] WebApp:194 - Connection lost
2025-05-11 05:36:05,108 [INFO] WebApp:191 - Connection restablished
2025-05-11 05:52:12,743 [INFO] WebApp:194 - Connection lost
2025-05-11 05:52:13,664 [INFO] WebApp:191 - Connection restablished
2025-05-11 05:56:45,421 [INFO] WebApp:194 - Connection lost
2025-05-11 05:56:46,311 [INFO] WebApp:191 - Connection restablished
2025-05-11 05:56:48,836 [INFO] WebApp:194 - Connection lost
2025-05-11 05:56:49,513 [INFO] WebApp:191 - Connection restablished
2025-05-11 06:12:22,414 [INFO] WebApp:194 - Connection lost
2025-05-11 06:12:23,148 [INFO] WebApp:191 - Connection restablished
2025-05-11 06:20:48,891 [INFO] WebApp:194 - Connection lost
2025-05-11 06:20:49,974 [INFO] WebApp:191 - Connection restablished
2025-05-11 06:37:08,818 [INFO] WebApp:194 - Connection lost
2025-05-11 06:37:09,746 [INFO] WebApp:191 - Connection restablished
2025-05-11 06:53:14,203 [INFO] WebApp:194 - Connection lost
2025-05-11 06:53:15,103 [INFO] WebApp:191 - Connection restablished
2025-05-11 07:09:25,043 [INFO] WebApp:194 - Connection lost
2025-05-11 07:09:25,957 [INFO] WebApp:191 - Connection restablished
2025-05-11 07:21:49,327 [INFO] WebApp:194 - Connection lost
2025-05-11 07:21:50,241 [INFO] WebApp:191 - Connection restablished
2025-05-11 07:31:23,352 [INFO] WebApp:194 - Connection lost
2025-05-11 07:31:24,572 [INFO] WebApp:191 - Connection restablished
2025-05-11 07:47:34,273 [INFO] WebApp:194 - Connection lost
2025-05-11 07:47:35,219 [INFO] WebApp:191 - Connection restablished
2025-05-11 08:03:27,631 [INFO] WebApp:194 - Connection lost
2025-05-11 08:03:28,563 [INFO] WebApp:191 - Connection restablished
2025-05-11 08:19:44,611 [INFO] WebApp:194 - Connection lost
2025-05-11 08:19:45,524 [INFO] WebApp:191 - Connection restablished
2025-05-11 08:22:50,475 [INFO] WebApp:194 - Connection lost
2025-05-11 08:22:51,384 [INFO] WebApp:191 - Connection restablished
2025-05-11 08:23:02,665 [INFO] WebApp:194 - Connection lost
2025-05-11 08:23:04,219 [INFO] WebApp:191 - Connection restablished
2025-05-11 09:21:24,550 [INFO] UtilMem:75 - End SaveConfig() Used Memory: 754140864 Bytes (1073741824)
2025-05-11 09:21:33,988 [INFO] UtilMem:75 - End SaveConfig() Used Memory: 747762016 Bytes (1073741824)
2025-05-11 09:21:34,921 [INFO] BlockDiagram:2775 - set Specific Code input for plugin: NVIC
2025-05-11 09:21:34,923 [INFO] BlockDiagram:2775 - set Specific Code input for plugin: USART
2025-05-11 09:21:34,923 [INFO] BlockDiagram:2775 - set Specific Code input for plugin: TIM1_8L4
2025-05-11 09:21:34,923 [INFO] BlockDiagram:2775 - set Specific Code input for plugin: TIM1_8L4
2025-05-11 09:21:34,923 [INFO] BlockDiagram:2775 - set Specific Code input for plugin: SYS
2025-05-11 09:21:34,923 [INFO] BlockDiagram:2775 - set Specific Code input for plugin: GPIO
2025-05-11 09:21:34,923 [INFO] BlockDiagram:2775 - set Specific Code input for plugin: RCC
2025-05-11 09:21:34,923 [INFO] BlockDiagram:2775 - set Specific Code input for plugin: I2C
2025-05-11 09:21:34,924 [INFO] CodeGenerator:882 - code generatio: config db path: /Applications/STM32CubeIDE.app/Contents/Eclipse/plugins/com.st.stm32cube.common.mx_6.14.0.202502271554//db/
2025-05-11 09:21:35,559 [INFO] CodeEngine:263 - oldGeneratedFile, /Users/pfsldo/Programacao/Microcontroller-based_locking_in_optics_experiments/blinky/MXTmpFiles/license.tmp_save
2025-05-11 09:21:36,869 [INFO] CodeEngine:287 - Generated code: /Users/pfsldo/Programacao/Microcontroller-based_locking_in_optics_experiments/blinky/MXTmpFiles/license.tmp
2025-05-11 09:21:37,088 [INFO] CodeEngine:263 - oldGeneratedFile, /Users/pfsldo/Programacao/Microcontroller-based_locking_in_optics_experiments/blinky/MXTmpFiles/gpio.tmp_save
2025-05-11 09:21:37,326 [INFO] CodeEngine:287 - Generated code: /Users/pfsldo/Programacao/Microcontroller-based_locking_in_optics_experiments/blinky/MXTmpFiles/gpio.tmp
2025-05-11 09:21:37,992 [INFO] CodeEngine:263 - oldGeneratedFile, /Users/pfsldo/Programacao/Microcontroller-based_locking_in_optics_experiments/blinky/Core/Src/stm32l4xx_it.c_save
2025-05-11 09:21:38,205 [INFO] CodeEngine:287 - Generated code: /Users/pfsldo/Programacao/Microcontroller-based_locking_in_optics_experiments/blinky/Core/Src/stm32l4xx_it.c
2025-05-11 09:21:38,208 [INFO] CodeEngine:263 - oldGeneratedFile, /Users/pfsldo/Programacao/Microcontroller-based_locking_in_optics_experiments/blinky/Core/Inc/stm32l4xx_it.h_save
2025-05-11 09:21:38,340 [INFO] CodeEngine:287 - Generated code: /Users/pfsldo/Programacao/Microcontroller-based_locking_in_optics_experiments/blinky/Core/Inc/stm32l4xx_it.h
2025-05-11 09:21:38,353 [INFO] CodeEngine:263 - oldGeneratedFile, /Users/pfsldo/Programacao/Microcontroller-based_locking_in_optics_experiments/blinky/Core/Src/stm32l4xx_hal_msp.c_save
2025-05-11 09:21:38,603 [INFO] CodeEngine:287 - Generated code: /Users/pfsldo/Programacao/Microcontroller-based_locking_in_optics_experiments/blinky/Core/Src/stm32l4xx_hal_msp.c
2025-05-11 09:21:38,606 [INFO] CodeEngine:263 - oldGeneratedFile, /Users/pfsldo/Programacao/Microcontroller-based_locking_in_optics_experiments/blinky/MXTmpFiles/system.tmp_save
2025-05-11 09:21:38,681 [INFO] CodeEngine:287 - Generated code: /Users/pfsldo/Programacao/Microcontroller-based_locking_in_optics_experiments/blinky/MXTmpFiles/system.tmp
2025-05-11 09:21:38,688 [INFO] CodeEngine:319 - oldGeneratedFile, /Users/pfsldo/Programacao/Microcontroller-based_locking_in_optics_experiments/blinky/Core/Inc/stm32l4xx_hal_conf.h_save
2025-05-11 09:21:38,758 [INFO] CodeEngine:343 - Generated code: /Users/pfsldo/Programacao/Microcontroller-based_locking_in_optics_experiments/blinky/Core/Inc/stm32l4xx_hal_conf.h
2025-05-11 09:21:38,833 [INFO] ApiDbMcu:508 - Load IP Config File for TIM1
2025-05-11 09:21:38,844 [INFO] ApiDbMcu:508 - Load IP Config File for TIM2
2025-05-11 09:21:38,847 [WARN] IPConfigManager:3747 - IP not found : TIM
2025-05-11 09:21:38,849 [WARN] CodeGenerator:4198 - IP not found : null
2025-05-11 09:21:38,853 [INFO] CodeEngine:263 - oldGeneratedFile, /Users/pfsldo/Programacao/Microcontroller-based_locking_in_optics_experiments/blinky/Core/Inc/main.h_save
2025-05-11 09:21:39,000 [INFO] CodeEngine:287 - Generated code: /Users/pfsldo/Programacao/Microcontroller-based_locking_in_optics_experiments/blinky/Core/Inc/main.h
2025-05-11 09:21:39,003 [INFO] CodeEngine:263 - oldGeneratedFile, /Users/pfsldo/Programacao/Microcontroller-based_locking_in_optics_experiments/blinky/Core/Src/main.c_save
2025-05-11 09:21:39,154 [INFO] CodeEngine:287 - Generated code: /Users/pfsldo/Programacao/Microcontroller-based_locking_in_optics_experiments/blinky/Core/Src/main.c
2025-05-11 09:21:40,045 [INFO] ProjectBuilder:3324 - Time for Copy HAL[1] : 255mS.
2025-05-11 09:21:40,130 [INFO] ProjectBuilder:4912 - Project Generator version: 4.6.0-B36
2025-05-11 09:21:40,453 [INFO] ConfigFileManager:1590 - The Die is : DIE464
2025-05-11 09:21:43,220 [INFO] ProjectBuilder:5191 - Time for Generating toolchain IDE Files: 3088mS.
2025-05-11 09:21:43,222 [INFO] ProjectBuilder:3181 - Time for Copy CMSIS : 1mS.
2025-05-11 09:21:43,226 [INFO] ProjectBuilder:3181 - Time for Copy CMSIS : 0mS.
2025-05-11 09:23:30,664 [INFO] NvicIntPanel:101 - NVIC parent = com.st.microxplorer.plugins.ip.nvic.MultiNvicIntPanel[,0,0,0x0,invalid,layout=javax.swing.BoxLayout,alignmentX=0.0,alignmentY=0.0,border=,flags=9,maximumSize=,minimumSize=,preferredSize=]
2025-05-11 09:24:46,498 [INFO] UtilMem:75 - End SaveConfig() Used Memory: 862913496 Bytes (1073741824)
2025-05-11 09:24:48,761 [INFO] UtilMem:75 - End SaveConfig() Used Memory: 880212952 Bytes (1073741824)
2025-05-11 09:24:50,720 [INFO] UtilMem:75 - End SaveConfig() Used Memory: 935787480 Bytes (1073741824)
2025-05-11 09:24:52,012 [INFO] BlockDiagram:2775 - set Specific Code input for plugin: NVIC
2025-05-11 09:24:52,022 [INFO] BlockDiagram:2775 - set Specific Code input for plugin: USART
2025-05-11 09:24:52,025 [INFO] BlockDiagram:2775 - set Specific Code input for plugin: TIM1_8L4
2025-05-11 09:24:52,025 [INFO] BlockDiagram:2775 - set Specific Code input for plugin: TIM1_8L4
2025-05-11 09:24:52,025 [INFO] BlockDiagram:2775 - set Specific Code input for plugin: SYS
2025-05-11 09:24:52,039 [INFO] BlockDiagram:2775 - set Specific Code input for plugin: GPIO
2025-05-11 09:24:52,039 [INFO] BlockDiagram:2775 - set Specific Code input for plugin: RCC
2025-05-11 09:24:52,039 [INFO] BlockDiagram:2775 - set Specific Code input for plugin: I2C
2025-05-11 09:24:52,042 [INFO] CodeGenerator:882 - code generatio: config db path: /Applications/STM32CubeIDE.app/Contents/Eclipse/plugins/com.st.stm32cube.common.mx_6.14.0.202502271554//db/
2025-05-11 09:24:52,282 [INFO] CodeEngine:263 - oldGeneratedFile, /Users/pfsldo/Programacao/Microcontroller-based_locking_in_optics_experiments/blinky/MXTmpFiles/license.tmp_save
2025-05-11 09:24:52,452 [INFO] CodeEngine:287 - Generated code: /Users/pfsldo/Programacao/Microcontroller-based_locking_in_optics_experiments/blinky/MXTmpFiles/license.tmp
2025-05-11 09:24:52,530 [INFO] CodeEngine:263 - oldGeneratedFile, /Users/pfsldo/Programacao/Microcontroller-based_locking_in_optics_experiments/blinky/MXTmpFiles/gpio.tmp_save
2025-05-11 09:24:52,642 [INFO] CodeEngine:287 - Generated code: /Users/pfsldo/Programacao/Microcontroller-based_locking_in_optics_experiments/blinky/MXTmpFiles/gpio.tmp
2025-05-11 09:24:52,935 [INFO] CodeEngine:263 - oldGeneratedFile, /Users/pfsldo/Programacao/Microcontroller-based_locking_in_optics_experiments/blinky/Core/Src/stm32l4xx_it.c_save
2025-05-11 09:24:53,019 [INFO] CodeEngine:287 - Generated code: /Users/pfsldo/Programacao/Microcontroller-based_locking_in_optics_experiments/blinky/Core/Src/stm32l4xx_it.c
2025-05-11 09:24:53,022 [INFO] CodeEngine:263 - oldGeneratedFile, /Users/pfsldo/Programacao/Microcontroller-based_locking_in_optics_experiments/blinky/Core/Inc/stm32l4xx_it.h_save
2025-05-11 09:24:53,082 [INFO] CodeEngine:287 - Generated code: /Users/pfsldo/Programacao/Microcontroller-based_locking_in_optics_experiments/blinky/Core/Inc/stm32l4xx_it.h
2025-05-11 09:24:53,089 [INFO] CodeEngine:263 - oldGeneratedFile, /Users/pfsldo/Programacao/Microcontroller-based_locking_in_optics_experiments/blinky/Core/Src/stm32l4xx_hal_msp.c_save
2025-05-11 09:24:53,243 [INFO] CodeEngine:287 - Generated code: /Users/pfsldo/Programacao/Microcontroller-based_locking_in_optics_experiments/blinky/Core/Src/stm32l4xx_hal_msp.c
2025-05-11 09:24:53,246 [INFO] CodeEngine:263 - oldGeneratedFile, /Users/pfsldo/Programacao/Microcontroller-based_locking_in_optics_experiments/blinky/MXTmpFiles/system.tmp_save
2025-05-11 09:24:53,306 [INFO] CodeEngine:287 - Generated code: /Users/pfsldo/Programacao/Microcontroller-based_locking_in_optics_experiments/blinky/MXTmpFiles/system.tmp
2025-05-11 09:24:53,312 [INFO] CodeEngine:319 - oldGeneratedFile, /Users/pfsldo/Programacao/Microcontroller-based_locking_in_optics_experiments/blinky/Core/Inc/stm32l4xx_hal_conf.h_save
2025-05-11 09:24:53,374 [INFO] CodeEngine:343 - Generated code: /Users/pfsldo/Programacao/Microcontroller-based_locking_in_optics_experiments/blinky/Core/Inc/stm32l4xx_hal_conf.h
2025-05-11 09:24:53,404 [WARN] IPConfigManager:3747 - IP not found : TIM
2025-05-11 09:24:53,404 [WARN] CodeGenerator:4198 - IP not found : null
2025-05-11 09:24:53,407 [INFO] CodeEngine:263 - oldGeneratedFile, /Users/pfsldo/Programacao/Microcontroller-based_locking_in_optics_experiments/blinky/Core/Inc/main.h_save
2025-05-11 09:24:53,477 [INFO] CodeEngine:287 - Generated code: /Users/pfsldo/Programacao/Microcontroller-based_locking_in_optics_experiments/blinky/Core/Inc/main.h
2025-05-11 09:24:53,479 [INFO] CodeEngine:263 - oldGeneratedFile, /Users/pfsldo/Programacao/Microcontroller-based_locking_in_optics_experiments/blinky/Core/Src/main.c_save
2025-05-11 09:24:53,602 [INFO] CodeEngine:287 - Generated code: /Users/pfsldo/Programacao/Microcontroller-based_locking_in_optics_experiments/blinky/Core/Src/main.c
2025-05-11 09:24:53,934 [INFO] ProjectBuilder:3324 - Time for Copy HAL[1] : 80mS.
2025-05-11 09:24:53,943 [INFO] ProjectBuilder:4912 - Project Generator version: 4.6.0-B36
2025-05-11 09:24:54,035 [INFO] ConfigFileManager:1590 - The Die is : DIE464
2025-05-11 09:24:56,523 [INFO] ProjectBuilder:5191 - Time for Generating toolchain IDE Files: 2577mS.
2025-05-11 09:24:56,526 [INFO] ProjectBuilder:3181 - Time for Copy CMSIS : 1mS.
2025-05-11 09:24:56,534 [INFO] ProjectBuilder:3181 - Time for Copy CMSIS : 1mS.
2025-05-11 12:25:52,980 [INFO] WebApp:194 - Connection lost
2025-05-11 12:26:00,653 [INFO] WebApp:191 - Connection restablished
2025-05-11 12:26:01,487 [INFO] WebApp:194 - Connection lost
2025-05-11 12:26:01,925 [INFO] WebApp:191 - Connection restablished
2025-05-11 14:14:31,086 [INFO] WebApp:194 - Connection lost
2025-05-11 14:14:33,916 [INFO] WebApp:191 - Connection restablished
2025-05-11 14:18:30,755 [INFO] WebApp:194 - Connection lost
2025-05-11 14:18:32,078 [INFO] WebApp:191 - Connection restablished
2025-05-11 14:19:10,625 [INFO] WebApp:194 - Connection lost
2025-05-11 14:19:11,690 [INFO] WebApp:191 - Connection restablished
2025-05-11 14:19:50,682 [INFO] WebApp:194 - Connection lost
2025-05-11 14:19:51,222 [INFO] WebApp:191 - Connection restablished
2025-05-11 14:21:50,561 [INFO] WebApp:194 - Connection lost
2025-05-11 14:21:51,267 [INFO] WebApp:191 - Connection restablished
2025-05-11 14:22:30,735 [INFO] WebApp:194 - Connection lost
2025-05-11 14:22:32,879 [INFO] WebApp:191 - Connection restablished
2025-05-11 14:23:10,567 [INFO] WebApp:194 - Connection lost
2025-05-11 14:23:12,168 [INFO] WebApp:191 - Connection restablished
2025-05-11 14:23:30,722 [INFO] WebApp:194 - Connection lost
2025-05-11 14:23:31,281 [INFO] WebApp:191 - Connection restablished
2025-05-11 14:24:10,959 [INFO] WebApp:194 - Connection lost
2025-05-11 14:24:13,255 [INFO] WebApp:191 - Connection restablished
2025-05-11 14:24:30,820 [INFO] WebApp:194 - Connection lost
2025-05-11 14:24:31,731 [INFO] WebApp:191 - Connection restablished
2025-05-11 14:25:10,754 [INFO] WebApp:194 - Connection lost
2025-05-11 14:25:11,495 [INFO] WebApp:191 - Connection restablished
2025-05-11 14:25:30,826 [INFO] WebApp:194 - Connection lost
2025-05-11 14:25:31,650 [INFO] WebApp:191 - Connection restablished
2025-05-11 14:25:55,192 [INFO] WebApp:194 - Connection lost
2025-05-11 14:25:55,555 [INFO] WebApp:191 - Connection restablished
2025-05-11 14:26:29,431 [INFO] WebApp:194 - Connection lost
2025-05-11 14:26:29,965 [INFO] WebApp:191 - Connection restablished
2025-05-11 15:43:48,905 [INFO] WebApp:194 - Connection lost
2025-05-11 15:43:50,627 [INFO] WebApp:191 - Connection restablished
2025-05-11 15:43:52,459 [INFO] WebApp:194 - Connection lost
2025-05-11 15:43:53,196 [INFO] WebApp:191 - Connection restablished
2025-05-11 17:17:24,189 [INFO] WebApp:194 - Connection lost
2025-05-11 17:17:25,462 [INFO] WebApp:191 - Connection restablished
2025-05-11 17:17:26,096 [INFO] WebApp:194 - Connection lost
2025-05-11 17:17:26,585 [INFO] WebApp:191 - Connection restablished
2025-05-11 17:28:34,523 [INFO] WebApp:194 - Connection lost
2025-05-11 17:28:37,585 [INFO] WebApp:191 - Connection restablished
2025-05-11 17:55:54,822 [INFO] WebApp:194 - Connection lost
2025-05-11 17:56:03,524 [INFO] WebApp:191 - Connection restablished
