2025-07-03 00:01:21,341 [INFO] WebApp:194 - Connection lost
2025-07-03 00:01:23,924 [INFO] WebApp:191 - Connection restablished
2025-07-03 00:17:09,290 [INFO] WebApp:194 - Connection lost
2025-07-03 00:17:10,263 [INFO] WebApp:191 - Connection restablished
2025-07-03 00:33:17,188 [INFO] WebApp:194 - Connection lost
2025-07-03 00:33:18,254 [INFO] WebApp:191 - Connection restablished
2025-07-03 00:41:42,360 [INFO] WebApp:194 - Connection lost
2025-07-03 00:41:42,877 [INFO] WebApp:191 - Connection restablished
2025-07-03 00:57:51,487 [INFO] WebApp:194 - Connection lost
2025-07-03 00:57:51,966 [INFO] WebApp:191 - Connection restablished
2025-07-03 01:14:04,895 [INFO] WebApp:194 - Connection lost
2025-07-03 01:14:07,384 [INFO] WebApp:191 - Connection restablished
2025-07-03 01:30:22,240 [INFO] WebApp:194 - Connection lost
2025-07-03 01:30:24,094 [INFO] WebApp:191 - Connection restablished
2025-07-03 01:46:37,515 [INFO] WebApp:194 - Connection lost
2025-07-03 01:46:38,767 [INFO] WebApp:191 - Connection restablished
2025-07-03 02:02:46,725 [INFO] WebApp:194 - Connection lost
2025-07-03 02:02:47,495 [INFO] WebApp:191 - Connection restablished
2025-07-03 02:19:03,427 [INFO] WebApp:194 - Connection lost
2025-07-03 02:19:08,891 [INFO] WebApp:191 - Connection restablished
2025-07-03 02:35:19,090 [INFO] WebApp:194 - Connection lost
2025-07-03 02:35:20,051 [INFO] WebApp:191 - Connection restablished
2025-07-03 02:51:34,648 [INFO] WebApp:194 - Connection lost
2025-07-03 02:51:35,572 [INFO] WebApp:191 - Connection restablished
2025-07-03 03:07:45,580 [INFO] WebApp:194 - Connection lost
2025-07-03 03:07:48,734 [INFO] WebApp:191 - Connection restablished
2025-07-03 03:24:01,032 [INFO] WebApp:194 - Connection lost
2025-07-03 03:24:02,989 [INFO] WebApp:191 - Connection restablished
2025-07-03 03:40:45,794 [INFO] WebApp:194 - Connection lost
2025-07-03 03:40:46,698 [INFO] WebApp:191 - Connection restablished
2025-07-03 03:57:00,994 [INFO] WebApp:194 - Connection lost
2025-07-03 03:57:05,950 [INFO] WebApp:191 - Connection restablished
2025-07-03 04:13:11,711 [INFO] WebApp:194 - Connection lost
2025-07-03 04:13:12,362 [INFO] WebApp:191 - Connection restablished
2025-07-03 04:29:23,672 [INFO] WebApp:194 - Connection lost
2025-07-03 04:29:28,301 [INFO] WebApp:191 - Connection restablished
2025-07-03 04:37:56,805 [INFO] WebApp:194 - Connection lost
2025-07-03 04:37:57,929 [INFO] WebApp:191 - Connection restablished
2025-07-03 04:37:59,598 [INFO] WebApp:194 - Connection lost
2025-07-03 04:38:00,584 [INFO] WebApp:191 - Connection restablished
2025-07-03 04:54:05,049 [INFO] WebApp:194 - Connection lost
2025-07-03 04:54:05,932 [INFO] WebApp:191 - Connection restablished
2025-07-03 05:10:15,728 [INFO] WebApp:194 - Connection lost
2025-07-03 05:10:17,596 [INFO] WebApp:191 - Connection restablished
2025-07-03 05:26:31,838 [INFO] WebApp:194 - Connection lost
2025-07-03 05:26:32,610 [INFO] WebApp:191 - Connection restablished
2025-07-03 05:42:39,826 [INFO] WebApp:194 - Connection lost
2025-07-03 05:42:40,420 [INFO] WebApp:191 - Connection restablished
2025-07-03 05:54:04,896 [INFO] WebApp:194 - Connection lost
2025-07-03 05:54:05,276 [INFO] WebApp:191 - Connection restablished
2025-07-03 06:10:19,978 [INFO] WebApp:194 - Connection lost
2025-07-03 06:10:22,580 [INFO] WebApp:191 - Connection restablished
2025-07-03 06:26:14,810 [INFO] WebApp:194 - Connection lost
2025-07-03 06:26:15,198 [INFO] WebApp:191 - Connection restablished
2025-07-03 06:38:56,486 [INFO] WebApp:194 - Connection lost
2025-07-03 06:38:57,638 [INFO] WebApp:191 - Connection restablished
2025-07-03 06:38:57,748 [INFO] WebApp:194 - Connection lost
2025-07-03 06:38:59,417 [INFO] WebApp:191 - Connection restablished
2025-07-03 06:55:05,760 [INFO] WebApp:194 - Connection lost
2025-07-03 06:55:06,374 [INFO] WebApp:191 - Connection restablished
2025-07-03 07:11:12,376 [INFO] WebApp:194 - Connection lost
2025-07-03 07:11:12,942 [INFO] WebApp:191 - Connection restablished
2025-07-03 07:27:22,622 [INFO] WebApp:194 - Connection lost
2025-07-03 07:27:27,645 [INFO] WebApp:191 - Connection restablished
2025-07-03 07:39:56,470 [INFO] WebApp:194 - Connection lost
2025-07-03 07:39:56,851 [INFO] WebApp:191 - Connection restablished
2025-07-03 07:39:59,079 [INFO] WebApp:194 - Connection lost
2025-07-03 07:40:03,758 [INFO] WebApp:191 - Connection restablished
2025-07-03 07:56:10,491 [INFO] WebApp:194 - Connection lost
2025-07-03 07:56:11,026 [INFO] WebApp:191 - Connection restablished
2025-07-03 08:08:30,028 [INFO] WebApp:194 - Connection lost
2025-07-03 08:08:31,675 [INFO] WebApp:191 - Connection restablished
2025-07-03 08:24:41,623 [INFO] WebApp:194 - Connection lost
2025-07-03 08:24:42,036 [INFO] WebApp:191 - Connection restablished
2025-07-03 08:27:27,915 [INFO] WebApp:194 - Connection lost
2025-07-03 08:27:28,496 [INFO] WebApp:191 - Connection restablished
2025-07-03 08:27:36,091 [INFO] WebApp:194 - Connection lost
2025-07-03 08:27:37,324 [INFO] WebApp:191 - Connection restablished
2025-07-03 08:40:56,783 [INFO] WebApp:194 - Connection lost
2025-07-03 08:40:57,511 [INFO] WebApp:191 - Connection restablished
2025-07-03 08:57:11,936 [INFO] WebApp:194 - Connection lost
2025-07-03 08:57:12,354 [INFO] WebApp:191 - Connection restablished
2025-07-03 09:00:02,443 [INFO] WebApp:194 - Connection lost
2025-07-03 09:00:03,177 [INFO] WebApp:191 - Connection restablished
2025-07-03 09:00:10,288 [INFO] WebApp:194 - Connection lost
2025-07-03 09:00:12,022 [INFO] WebApp:191 - Connection restablished
2025-07-03 09:00:12,562 [INFO] WebApp:194 - Connection lost
2025-07-03 09:00:14,611 [INFO] WebApp:191 - Connection restablished
2025-07-03 09:15:02,211 [INFO] WebApp:194 - Connection lost
2025-07-03 09:15:04,630 [INFO] WebApp:191 - Connection restablished
2025-07-03 09:19:39,265 [INFO] WebApp:194 - Connection lost
2025-07-03 09:19:40,375 [INFO] WebApp:191 - Connection restablished
2025-07-03 09:20:17,212 [INFO] WebApp:194 - Connection lost
2025-07-03 09:20:18,234 [INFO] WebApp:191 - Connection restablished
2025-07-03 09:20:25,980 [INFO] WebApp:194 - Connection lost
2025-07-03 09:20:27,243 [INFO] WebApp:191 - Connection restablished
2025-07-03 09:20:35,161 [INFO] WebApp:194 - Connection lost
2025-07-03 09:20:35,452 [INFO] WebApp:191 - Connection restablished
2025-07-03 09:36:08,936 [INFO] WebApp:194 - Connection lost
2025-07-03 09:36:10,300 [INFO] WebApp:191 - Connection restablished
2025-07-03 09:37:07,877 [INFO] WebApp:194 - Connection lost
2025-07-03 09:37:08,529 [INFO] WebApp:191 - Connection restablished
2025-07-03 09:37:35,798 [INFO] WebApp:194 - Connection lost
2025-07-03 09:37:36,253 [INFO] WebApp:191 - Connection restablished
2025-07-03 09:37:54,535 [INFO] WebApp:194 - Connection lost
2025-07-03 09:37:55,518 [INFO] WebApp:191 - Connection restablished
2025-07-03 09:39:56,411 [INFO] WebApp:194 - Connection lost
2025-07-03 09:39:58,438 [INFO] WebApp:191 - Connection restablished
2025-07-03 09:40:11,645 [INFO] WebApp:194 - Connection lost
2025-07-03 09:40:12,773 [INFO] WebApp:191 - Connection restablished
2025-07-03 09:40:35,343 [INFO] WebApp:194 - Connection lost
2025-07-03 09:40:35,626 [INFO] WebApp:191 - Connection restablished
2025-07-03 09:40:35,911 [INFO] WebApp:194 - Connection lost
2025-07-03 09:40:38,044 [INFO] WebApp:191 - Connection restablished
2025-07-03 09:41:57,226 [INFO] WebApp:194 - Connection lost
2025-07-03 09:41:58,673 [INFO] WebApp:191 - Connection restablished
2025-07-03 09:42:40,545 [INFO] WebApp:194 - Connection lost
2025-07-03 09:42:40,919 [INFO] WebApp:191 - Connection restablished
2025-07-03 09:58:13,658 [INFO] WebApp:194 - Connection lost
2025-07-03 09:58:14,522 [INFO] WebApp:191 - Connection restablished
2025-07-03 10:14:24,315 [INFO] WebApp:194 - Connection lost
2025-07-03 10:14:24,818 [INFO] WebApp:191 - Connection restablished
2025-07-03 10:30:37,956 [INFO] WebApp:194 - Connection lost
2025-07-03 10:30:39,708 [INFO] WebApp:191 - Connection restablished
2025-07-03 10:32:28,292 [INFO] WebApp:194 - Connection lost
2025-07-03 10:32:30,787 [INFO] WebApp:191 - Connection restablished
2025-07-03 10:32:51,915 [INFO] WebApp:194 - Connection lost
2025-07-03 10:32:54,091 [INFO] WebApp:191 - Connection restablished
2025-07-03 10:33:22,168 [INFO] WebApp:194 - Connection lost
2025-07-03 10:33:22,432 [INFO] WebApp:191 - Connection restablished
2025-07-03 10:34:06,996 [INFO] WebApp:194 - Connection lost
2025-07-03 10:34:07,626 [INFO] WebApp:191 - Connection restablished
2025-07-03 10:34:25,369 [INFO] WebApp:194 - Connection lost
2025-07-03 10:34:25,772 [INFO] WebApp:191 - Connection restablished
2025-07-03 10:49:52,976 [INFO] WebApp:194 - Connection lost
2025-07-03 10:49:54,399 [INFO] WebApp:191 - Connection restablished
2025-07-03 10:50:11,444 [INFO] WebApp:194 - Connection lost
2025-07-03 10:50:12,014 [INFO] WebApp:191 - Connection restablished
2025-07-03 11:42:53,615 [INFO] WebApp:194 - Connection lost
2025-07-03 11:42:54,328 [INFO] WebApp:191 - Connection restablished
2025-07-03 11:57:02,386 [INFO] WebApp:194 - Connection lost
2025-07-03 11:57:03,523 [INFO] WebApp:191 - Connection restablished
2025-07-03 11:59:19,536 [INFO] WebApp:194 - Connection lost
2025-07-03 11:59:20,491 [INFO] WebApp:191 - Connection restablished
2025-07-03 11:59:24,901 [INFO] WebApp:194 - Connection lost
2025-07-03 12:01:05,795 [INFO] WebApp:191 - Connection restablished
2025-07-03 12:01:06,533 [INFO] WebApp:194 - Connection lost
2025-07-03 12:01:08,537 [INFO] WebApp:191 - Connection restablished
2025-07-03 12:01:14,978 [INFO] WebApp:194 - Connection lost
2025-07-03 12:01:15,324 [INFO] WebApp:191 - Connection restablished
2025-07-03 12:07:09,675 [INFO] WebApp:194 - Connection lost
2025-07-03 13:12:23,999 [INFO] WebApp:191 - Connection restablished
2025-07-03 13:12:39,921 [INFO] WebApp:194 - Connection lost
2025-07-03 13:12:40,549 [INFO] WebApp:191 - Connection restablished
2025-07-03 13:15:22,552 [INFO] WebApp:194 - Connection lost
2025-07-03 13:15:31,968 [INFO] WebApp:191 - Connection restablished
2025-07-03 13:15:39,645 [INFO] WebApp:194 - Connection lost
2025-07-03 13:16:40,406 [INFO] WebApp:191 - Connection restablished
2025-07-03 13:27:13,984 [INFO] WebApp:194 - Connection lost
2025-07-03 13:27:15,154 [INFO] WebApp:191 - Connection restablished
2025-07-03 13:34:30,869 [INFO] WebApp:194 - Connection lost
2025-07-03 13:34:31,304 [INFO] WebApp:191 - Connection restablished
2025-07-03 13:41:38,748 [INFO] WebApp:194 - Connection lost
2025-07-03 13:41:47,195 [INFO] WebApp:191 - Connection restablished
2025-07-03 13:57:10,742 [INFO] WebApp:194 - Connection lost
2025-07-03 13:57:12,091 [INFO] WebApp:191 - Connection restablished
2025-07-03 14:07:04,712 [INFO] WebApp:194 - Connection lost
2025-07-03 14:07:05,399 [INFO] WebApp:191 - Connection restablished
2025-07-03 14:07:12,472 [INFO] WebApp:194 - Connection lost
2025-07-03 14:07:13,709 [INFO] WebApp:191 - Connection restablished
2025-07-03 14:12:30,145 [INFO] WebApp:194 - Connection lost
2025-07-03 14:12:31,174 [INFO] WebApp:191 - Connection restablished
2025-07-03 14:12:45,013 [INFO] WebApp:194 - Connection lost
2025-07-03 14:12:45,387 [INFO] WebApp:191 - Connection restablished
2025-07-03 14:12:57,926 [INFO] WebApp:194 - Connection lost
2025-07-03 14:12:58,322 [INFO] WebApp:191 - Connection restablished
2025-07-03 14:13:06,542 [INFO] WebApp:194 - Connection lost
2025-07-03 14:13:06,971 [INFO] WebApp:191 - Connection restablished
2025-07-03 14:22:10,747 [INFO] WebApp:194 - Connection lost
2025-07-03 14:22:11,602 [INFO] WebApp:191 - Connection restablished
2025-07-03 14:22:19,066 [INFO] WebApp:194 - Connection lost
2025-07-03 14:22:20,942 [INFO] WebApp:191 - Connection restablished
2025-07-03 14:35:38,813 [INFO] WebApp:194 - Connection lost
2025-07-03 14:35:39,884 [INFO] WebApp:191 - Connection restablished
2025-07-03 14:43:38,913 [INFO] WebApp:194 - Connection lost
2025-07-03 14:43:40,663 [INFO] WebApp:191 - Connection restablished
2025-07-03 15:01:25,782 [INFO] WebApp:194 - Connection lost
2025-07-03 15:01:26,368 [INFO] WebApp:191 - Connection restablished
2025-07-03 15:01:32,068 [INFO] WebApp:194 - Connection lost
2025-07-03 15:01:33,337 [INFO] WebApp:191 - Connection restablished
2025-07-03 15:10:43,004 [INFO] WebApp:194 - Connection lost
2025-07-03 15:10:43,530 [INFO] WebApp:191 - Connection restablished
2025-07-03 15:17:23,778 [INFO] WebApp:194 - Connection lost
2025-07-03 15:17:24,490 [INFO] WebApp:191 - Connection restablished
2025-07-03 15:41:53,922 [INFO] WebApp:194 - Connection lost
2025-07-03 15:41:55,145 [INFO] WebApp:191 - Connection restablished
2025-07-03 15:59:27,315 [INFO] WebApp:194 - Connection lost
2025-07-03 15:59:27,640 [INFO] WebApp:191 - Connection restablished
2025-07-03 15:59:33,938 [INFO] WebApp:194 - Connection lost
2025-07-03 15:59:34,442 [INFO] WebApp:191 - Connection restablished
2025-07-03 16:15:17,306 [INFO] WebApp:194 - Connection lost
2025-07-03 16:15:18,446 [INFO] WebApp:191 - Connection restablished
2025-07-03 16:15:23,241 [INFO] WebApp:194 - Connection lost
2025-07-03 16:15:25,953 [INFO] WebApp:191 - Connection restablished
2025-07-03 16:30:49,987 [INFO] WebApp:194 - Connection lost
2025-07-03 16:30:50,408 [INFO] WebApp:191 - Connection restablished
2025-07-03 16:43:08,258 [INFO] WebApp:194 - Connection lost
2025-07-03 16:43:10,165 [INFO] WebApp:191 - Connection restablished
2025-07-03 16:59:46,434 [INFO] WebApp:194 - Connection lost
2025-07-03 16:59:46,932 [INFO] WebApp:191 - Connection restablished
2025-07-03 16:59:53,086 [INFO] WebApp:194 - Connection lost
2025-07-03 16:59:55,366 [INFO] WebApp:191 - Connection restablished
2025-07-03 17:15:13,319 [INFO] WebApp:194 - Connection lost
2025-07-03 17:15:16,049 [INFO] WebApp:191 - Connection restablished
2025-07-03 17:31:21,458 [INFO] WebApp:194 - Connection lost
2025-07-03 17:31:23,534 [INFO] WebApp:191 - Connection restablished
2025-07-03 17:31:27,977 [INFO] WebApp:194 - Connection lost
2025-07-03 17:31:28,633 [INFO] WebApp:191 - Connection restablished
2025-07-03 17:42:32,448 [INFO] WebApp:194 - Connection lost
2025-07-03 17:42:32,959 [INFO] WebApp:191 - Connection restablished
2025-07-03 17:42:41,048 [INFO] WebApp:194 - Connection lost
2025-07-03 17:42:42,215 [INFO] WebApp:191 - Connection restablished
2025-07-03 17:55:42,307 [INFO] WebApp:194 - Connection lost
2025-07-03 17:55:43,117 [INFO] WebApp:191 - Connection restablished
2025-07-03 17:55:50,945 [INFO] WebApp:194 - Connection lost
2025-07-03 17:55:51,705 [INFO] WebApp:191 - Connection restablished
2025-07-03 17:56:42,238 [INFO] WebApp:194 - Connection lost
2025-07-03 17:56:42,692 [INFO] WebApp:191 - Connection restablished
2025-07-03 18:06:52,917 [INFO] WebApp:194 - Connection lost
2025-07-03 18:06:53,089 [INFO] WebApp:191 - Connection restablished
2025-07-03 18:07:22,509 [INFO] WebApp:194 - Connection lost
2025-07-03 18:07:26,028 [INFO] WebApp:191 - Connection restablished
2025-07-03 18:08:42,249 [INFO] WebApp:194 - Connection lost
2025-07-03 18:08:45,357 [INFO] WebApp:191 - Connection restablished
2025-07-03 18:09:09,921 [INFO] WebApp:194 - Connection lost
2025-07-03 18:09:12,066 [INFO] WebApp:191 - Connection restablished
2025-07-03 18:09:42,366 [INFO] WebApp:194 - Connection lost
2025-07-03 18:09:42,672 [INFO] WebApp:191 - Connection restablished
2025-07-03 18:11:43,829 [INFO] WebApp:194 - Connection lost
2025-07-03 18:11:44,073 [INFO] WebApp:191 - Connection restablished
2025-07-03 18:13:30,119 [INFO] WebApp:194 - Connection lost
2025-07-03 18:13:32,468 [INFO] WebApp:191 - Connection restablished
2025-07-03 18:15:20,685 [INFO] WebApp:194 - Connection lost
2025-07-03 18:15:21,671 [INFO] WebApp:191 - Connection restablished
2025-07-03 18:15:28,837 [INFO] WebApp:194 - Connection lost
2025-07-03 18:15:30,058 [INFO] WebApp:191 - Connection restablished
2025-07-03 18:25:41,832 [INFO] WebApp:194 - Connection lost
2025-07-03 18:25:42,278 [INFO] WebApp:191 - Connection restablished
2025-07-03 18:25:52,487 [INFO] WebApp:194 - Connection lost
2025-07-03 18:25:54,037 [INFO] WebApp:191 - Connection restablished
2025-07-03 18:32:13,778 [INFO] WebApp:194 - Connection lost
2025-07-03 18:32:14,923 [INFO] WebApp:191 - Connection restablished
2025-07-03 18:32:21,385 [INFO] WebApp:194 - Connection lost
2025-07-03 18:32:22,301 [INFO] WebApp:191 - Connection restablished
2025-07-03 18:42:30,246 [INFO] WebApp:194 - Connection lost
2025-07-03 18:42:30,737 [INFO] WebApp:191 - Connection restablished
2025-07-03 18:42:34,941 [INFO] WebApp:194 - Connection lost
2025-07-03 18:42:39,424 [INFO] WebApp:191 - Connection restablished
2025-07-03 18:42:43,559 [INFO] WebApp:194 - Connection lost
2025-07-03 18:42:43,861 [INFO] WebApp:191 - Connection restablished
2025-07-03 18:46:28,379 [INFO] WebApp:194 - Connection lost
2025-07-03 18:46:29,402 [INFO] WebApp:191 - Connection restablished
2025-07-03 18:48:14,318 [INFO] WebApp:194 - Connection lost
2025-07-03 18:48:15,898 [INFO] WebApp:191 - Connection restablished
2025-07-03 18:48:22,065 [INFO] WebApp:194 - Connection lost
2025-07-03 18:48:23,188 [INFO] WebApp:191 - Connection restablished
2025-07-03 18:49:14,347 [INFO] WebApp:194 - Connection lost
2025-07-03 18:49:29,377 [INFO] WebApp:191 - Connection restablished
2025-07-03 18:52:23,888 [INFO] WebApp:194 - Connection lost
2025-07-03 18:52:31,796 [INFO] WebApp:191 - Connection restablished
2025-07-03 18:52:47,425 [INFO] WebApp:194 - Connection lost
2025-07-03 18:52:54,196 [INFO] WebApp:191 - Connection restablished
2025-07-03 18:52:58,619 [INFO] WebApp:194 - Connection lost
2025-07-03 18:54:41,144 [INFO] WebApp:191 - Connection restablished
2025-07-03 19:04:50,197 [INFO] WebApp:194 - Connection lost
2025-07-03 19:04:58,111 [INFO] WebApp:191 - Connection restablished
2025-07-03 19:05:45,828 [INFO] WebApp:194 - Connection lost
2025-07-03 19:05:53,022 [INFO] WebApp:191 - Connection restablished
2025-07-03 19:05:57,463 [INFO] WebApp:194 - Connection lost
2025-07-03 19:06:00,644 [INFO] WebApp:191 - Connection restablished
2025-07-03 19:06:18,259 [INFO] WebApp:194 - Connection lost
2025-07-03 19:06:19,871 [INFO] WebApp:191 - Connection restablished
2025-07-03 19:06:22,716 [INFO] WebApp:194 - Connection lost
2025-07-03 19:06:23,235 [INFO] WebApp:191 - Connection restablished
2025-07-03 19:29:03,118 [INFO] WebApp:194 - Connection lost
2025-07-03 19:29:04,741 [INFO] WebApp:191 - Connection restablished
2025-07-03 19:29:07,462 [INFO] WebApp:194 - Connection lost
2025-07-03 19:29:10,494 [INFO] WebApp:191 - Connection restablished
2025-07-03 20:16:51,431 [INFO] NvicIntPanel:101 - NVIC parent = com.st.microxplorer.plugins.ip.nvic.MultiNvicIntPanel[,0,0,482x259,layout=javax.swing.BoxLayout,alignmentX=0.0,alignmentY=0.0,border=,flags=9,maximumSize=,minimumSize=,preferredSize=]
2025-07-03 20:17:38,842 [INFO] NvicIntPanel:101 - NVIC parent = com.st.microxplorer.plugins.ip.nvic.MultiNvicIntPanel[,0,0,0x0,invalid,layout=javax.swing.BoxLayout,alignmentX=0.0,alignmentY=0.0,border=,flags=9,maximumSize=,minimumSize=,preferredSize=]
2025-07-03 20:17:39,032 [INFO] I2cTimingTraitement:330 - 0x00000021
2025-07-03 20:17:39,145 [INFO] NvicIntPanel:101 - NVIC parent = com.st.microxplorer.plugins.ip.nvic.MultiNvicIntPanel[,0,0,0x0,invalid,layout=javax.swing.BoxLayout,alignmentX=0.0,alignmentY=0.0,border=,flags=9,maximumSize=,minimumSize=,preferredSize=]
2025-07-03 20:25:08,573 [INFO] I2cTimingTraitement:330 - 0x00100246
2025-07-03 20:32:00,324 [INFO] I2cTimingTraitement:330 - 0x00201C79
2025-07-03 20:32:41,737 [INFO] I2cTimingTraitement:330 - 0x004039F7
2025-07-03 20:33:19,470 [INFO] I2cTimingTraitement:330 - 0x004039F7
2025-07-03 20:33:27,167 [INFO] UtilMem:75 - End SaveConfig() Used Memory: 852716920 Bytes (1073741824)
2025-07-03 20:33:30,961 [INFO] UtilMem:75 - End SaveConfig() Used Memory: 587472824 Bytes (1073741824)
2025-07-03 20:33:33,177 [INFO] BlockDiagram:2775 - set Specific Code input for plugin: NVIC
2025-07-03 20:33:33,181 [INFO] BlockDiagram:2775 - set Specific Code input for plugin: USART
2025-07-03 20:33:33,182 [INFO] BlockDiagram:2775 - set Specific Code input for plugin: TIM1_8L4
2025-07-03 20:33:33,182 [INFO] BlockDiagram:2775 - set Specific Code input for plugin: TIM1_8L4
2025-07-03 20:33:33,182 [INFO] BlockDiagram:2775 - set Specific Code input for plugin: SYS
2025-07-03 20:33:33,182 [INFO] BlockDiagram:2775 - set Specific Code input for plugin: GPIO
2025-07-03 20:33:33,182 [INFO] BlockDiagram:2775 - set Specific Code input for plugin: ADC
2025-07-03 20:33:33,183 [INFO] BlockDiagram:2775 - set Specific Code input for plugin: RCC
2025-07-03 20:33:33,184 [INFO] BlockDiagram:2775 - set Specific Code input for plugin: I2C
2025-07-03 20:33:33,187 [INFO] CodeGenerator:882 - code generatio: config db path: /Applications/STM32CubeIDE.app/Contents/Eclipse/plugins/com.st.stm32cube.common.mx_6.14.0.202502271554//db/
2025-07-03 20:33:33,581 [INFO] CodeEngine:263 - oldGeneratedFile, /Users/pfsldo/Programacao/Microcontroller-based_locking_in_optics_experiments/lcdOnStm32/MXTmpFiles/license.tmp_save
2025-07-03 20:33:34,366 [INFO] CodeEngine:287 - Generated code: /Users/pfsldo/Programacao/Microcontroller-based_locking_in_optics_experiments/lcdOnStm32/MXTmpFiles/license.tmp
2025-07-03 20:33:34,567 [INFO] CodeEngine:263 - oldGeneratedFile, /Users/pfsldo/Programacao/Microcontroller-based_locking_in_optics_experiments/lcdOnStm32/MXTmpFiles/gpio.tmp_save
2025-07-03 20:33:34,811 [INFO] CodeEngine:287 - Generated code: /Users/pfsldo/Programacao/Microcontroller-based_locking_in_optics_experiments/lcdOnStm32/MXTmpFiles/gpio.tmp
2025-07-03 20:33:35,657 [INFO] CodeEngine:263 - oldGeneratedFile, /Users/pfsldo/Programacao/Microcontroller-based_locking_in_optics_experiments/lcdOnStm32/Core/Src/stm32l4xx_it.c_save
2025-07-03 20:33:35,921 [INFO] CodeEngine:287 - Generated code: /Users/pfsldo/Programacao/Microcontroller-based_locking_in_optics_experiments/lcdOnStm32/Core/Src/stm32l4xx_it.c
2025-07-03 20:33:35,925 [INFO] CodeEngine:263 - oldGeneratedFile, /Users/pfsldo/Programacao/Microcontroller-based_locking_in_optics_experiments/lcdOnStm32/Core/Inc/stm32l4xx_it.h_save
2025-07-03 20:33:36,025 [INFO] CodeEngine:287 - Generated code: /Users/pfsldo/Programacao/Microcontroller-based_locking_in_optics_experiments/lcdOnStm32/Core/Inc/stm32l4xx_it.h
2025-07-03 20:33:36,038 [INFO] CodeEngine:263 - oldGeneratedFile, /Users/pfsldo/Programacao/Microcontroller-based_locking_in_optics_experiments/lcdOnStm32/Core/Src/stm32l4xx_hal_msp.c_save
2025-07-03 20:33:36,312 [INFO] CodeEngine:287 - Generated code: /Users/pfsldo/Programacao/Microcontroller-based_locking_in_optics_experiments/lcdOnStm32/Core/Src/stm32l4xx_hal_msp.c
2025-07-03 20:33:36,316 [INFO] CodeEngine:263 - oldGeneratedFile, /Users/pfsldo/Programacao/Microcontroller-based_locking_in_optics_experiments/lcdOnStm32/MXTmpFiles/system.tmp_save
2025-07-03 20:33:36,540 [INFO] CodeEngine:287 - Generated code: /Users/pfsldo/Programacao/Microcontroller-based_locking_in_optics_experiments/lcdOnStm32/MXTmpFiles/system.tmp
2025-07-03 20:33:36,558 [INFO] CodeEngine:319 - oldGeneratedFile, /Users/pfsldo/Programacao/Microcontroller-based_locking_in_optics_experiments/lcdOnStm32/Core/Inc/stm32l4xx_hal_conf.h_save
2025-07-03 20:33:36,672 [INFO] CodeEngine:343 - Generated code: /Users/pfsldo/Programacao/Microcontroller-based_locking_in_optics_experiments/lcdOnStm32/Core/Inc/stm32l4xx_hal_conf.h
2025-07-03 20:33:36,791 [INFO] ApiDbMcu:508 - Load IP Config File for ADC1
2025-07-03 20:33:36,798 [INFO] ApiDbMcu:508 - Load IP Config File for I2C1
2025-07-03 20:33:36,816 [INFO] ApiDbMcu:508 - Load IP Config File for TIM1
2025-07-03 20:33:36,838 [INFO] ApiDbMcu:508 - Load IP Config File for TIM2
2025-07-03 20:33:36,852 [INFO] ApiDbMcu:508 - Load IP Config File for USART1
2025-07-03 20:33:36,858 [INFO] ApiDbMcu:508 - Load IP Config File for RCC
2025-07-03 20:33:36,863 [WARN] IPConfigManager:3747 - IP not found : TIM
2025-07-03 20:33:36,864 [WARN] CodeGenerator:4198 - IP not found : null
2025-07-03 20:33:36,868 [INFO] CodeEngine:263 - oldGeneratedFile, /Users/pfsldo/Programacao/Microcontroller-based_locking_in_optics_experiments/lcdOnStm32/Core/Inc/main.h_save
2025-07-03 20:33:37,046 [INFO] CodeEngine:287 - Generated code: /Users/pfsldo/Programacao/Microcontroller-based_locking_in_optics_experiments/lcdOnStm32/Core/Inc/main.h
2025-07-03 20:33:37,050 [INFO] CodeEngine:263 - oldGeneratedFile, /Users/pfsldo/Programacao/Microcontroller-based_locking_in_optics_experiments/lcdOnStm32/Core/Src/main.c_save
2025-07-03 20:33:37,399 [INFO] CodeEngine:287 - Generated code: /Users/pfsldo/Programacao/Microcontroller-based_locking_in_optics_experiments/lcdOnStm32/Core/Src/main.c
2025-07-03 20:33:37,747 [INFO] ProjectBuilder:3324 - Time for Copy HAL[1] : 111mS.
2025-07-03 20:33:37,760 [INFO] ProjectBuilder:4912 - Project Generator version: 4.6.0-B36
2025-07-03 20:33:37,977 [INFO] ConfigFileManager:1590 - The Die is : DIE464
2025-07-03 20:33:37,989 [INFO] ApiDbMcu:508 - Load IP Config File for FATFS
2025-07-03 20:33:38,005 [INFO] ApiDbMcu:508 - Load IP Config File for FREERTOS
2025-07-03 20:33:38,015 [INFO] ApiDbMcu:508 - Load IP Config File for TOUCHSENSING
2025-07-03 20:33:38,041 [INFO] ApiDbMcu:508 - Load IP Config File for USB_DEVICE
2025-07-03 20:33:46,837 [INFO] ProjectBuilder:5191 - Time for Generating toolchain IDE Files: 8857mS.
2025-07-03 20:33:46,870 [INFO] ProjectBuilder:3181 - Time for Copy CMSIS : 13mS.
2025-07-03 20:33:46,880 [INFO] ProjectBuilder:3181 - Time for Copy CMSIS : 0mS.
2025-07-03 21:07:38,172 [INFO] WebApp:194 - Connection lost
2025-07-03 21:07:45,992 [INFO] WebApp:191 - Connection restablished
2025-07-03 21:09:16,011 [INFO] WebApp:194 - Connection lost
2025-07-03 21:09:23,509 [INFO] WebApp:191 - Connection restablished
2025-07-03 21:09:55,434 [INFO] WebApp:194 - Connection lost
2025-07-03 21:10:00,717 [INFO] WebApp:191 - Connection restablished
2025-07-03 21:10:03,649 [INFO] WebApp:194 - Connection lost
2025-07-03 21:10:03,864 [INFO] WebApp:191 - Connection restablished
2025-07-03 21:10:42,581 [INFO] WebApp:194 - Connection lost
2025-07-03 21:10:53,815 [INFO] WebApp:191 - Connection restablished
2025-07-03 21:11:37,915 [INFO] WebApp:194 - Connection lost
2025-07-03 21:11:55,398 [INFO] WebApp:191 - Connection restablished
2025-07-03 21:15:46,451 [INFO] WebApp:194 - Connection lost
2025-07-03 21:58:51,764 [INFO] WebApp:191 - Connection restablished
2025-07-03 22:00:33,929 [INFO] WebApp:194 - Connection lost
2025-07-03 22:00:35,181 [INFO] WebApp:191 - Connection restablished
2025-07-03 22:16:07,995 [INFO] WebApp:194 - Connection lost
2025-07-03 22:16:08,591 [INFO] WebApp:191 - Connection restablished
2025-07-03 22:20:16,183 [INFO] WebApp:194 - Connection lost
2025-07-03 22:20:16,683 [INFO] WebApp:191 - Connection restablished
2025-07-03 22:20:24,290 [INFO] WebApp:194 - Connection lost
2025-07-03 22:20:25,471 [INFO] WebApp:191 - Connection restablished
2025-07-03 22:20:34,804 [INFO] WebApp:194 - Connection lost
2025-07-03 22:20:39,049 [INFO] WebApp:191 - Connection restablished
2025-07-03 22:20:46,704 [INFO] WebApp:194 - Connection lost
2025-07-03 22:20:46,741 [INFO] WebApp:191 - Connection restablished
2025-07-03 22:20:55,408 [INFO] WebApp:194 - Connection lost
2025-07-03 22:21:00,012 [INFO] WebApp:191 - Connection restablished
2025-07-03 22:21:03,963 [INFO] WebApp:194 - Connection lost
2025-07-03 22:21:04,846 [INFO] WebApp:191 - Connection restablished
2025-07-03 22:21:19,111 [INFO] WebApp:194 - Connection lost
2025-07-03 22:21:20,762 [INFO] WebApp:191 - Connection restablished
2025-07-03 22:22:32,468 [INFO] WebApp:194 - Connection lost
2025-07-03 22:22:37,561 [INFO] WebApp:191 - Connection restablished
2025-07-03 23:45:25,280 [INFO] WebApp:194 - Connection lost
2025-07-03 23:45:28,935 [INFO] WebApp:191 - Connection restablished
2025-07-03 23:46:19,403 [INFO] WebApp:194 - Connection lost
2025-07-03 23:46:20,041 [INFO] WebApp:191 - Connection restablished
2025-07-03 23:46:31,995 [INFO] WebApp:194 - Connection lost
2025-07-03 23:46:32,461 [INFO] WebApp:191 - Connection restablished
2025-07-03 23:46:41,712 [INFO] WebApp:194 - Connection lost
2025-07-03 23:46:43,160 [INFO] WebApp:191 - Connection restablished
