2025-05-12 00:33:16,558 [INFO] WebApp:194 - Connection lost
2025-05-12 00:33:18,285 [INFO] WebApp:191 - Connection restablished
2025-05-12 00:33:27,115 [INFO] WebApp:194 - Connection lost
2025-05-12 00:33:27,619 [INFO] WebApp:191 - Connection restablished
2025-05-12 00:49:01,271 [INFO] WebApp:194 - Connection lost
2025-05-12 00:49:03,781 [INFO] WebApp:191 - Connection restablished
2025-05-12 00:50:24,241 [INFO] WebApp:194 - Connection lost
2025-05-12 00:50:25,952 [INFO] WebApp:191 - Connection restablished
2025-05-12 00:50:26,161 [INFO] WebApp:194 - Connection lost
2025-05-12 00:50:28,038 [INFO] WebApp:191 - Connection restablished
2025-05-12 01:06:00,573 [INFO] WebApp:194 - Connection lost
2025-05-12 01:06:02,932 [INFO] WebApp:191 - Connection restablished
2025-05-12 01:06:03,516 [INFO] WebApp:194 - Connection lost
2025-05-12 01:06:04,028 [INFO] WebApp:191 - Connection restablished
2025-05-12 01:22:19,046 [INFO] WebApp:194 - Connection lost
2025-05-12 01:22:24,037 [INFO] WebApp:191 - Connection restablished
2025-05-12 01:38:13,594 [INFO] WebApp:194 - Connection lost
2025-05-12 01:38:14,448 [INFO] WebApp:191 - Connection restablished
2025-05-12 01:54:36,725 [INFO] WebApp:194 - Connection lost
2025-05-12 01:54:37,519 [INFO] WebApp:191 - Connection restablished
2025-05-12 02:10:54,570 [INFO] WebApp:194 - Connection lost
2025-05-12 02:10:55,706 [INFO] WebApp:191 - Connection restablished
2025-05-12 02:12:07,443 [INFO] WebApp:194 - Connection lost
2025-05-12 02:12:07,896 [INFO] WebApp:191 - Connection restablished
2025-05-12 02:27:40,946 [INFO] WebApp:194 - Connection lost
2025-05-12 02:27:42,124 [INFO] WebApp:191 - Connection restablished
2025-05-12 02:34:03,179 [INFO] WebApp:194 - Connection lost
2025-05-12 02:34:03,578 [INFO] WebApp:191 - Connection restablished
2025-05-12 02:50:25,228 [INFO] WebApp:194 - Connection lost
2025-05-12 02:50:25,740 [INFO] WebApp:191 - Connection restablished
2025-05-12 03:06:39,418 [INFO] WebApp:194 - Connection lost
2025-05-12 03:06:49,107 [INFO] WebApp:191 - Connection restablished
2025-05-12 03:22:49,642 [INFO] WebApp:194 - Connection lost
2025-05-12 03:22:50,180 [INFO] WebApp:191 - Connection restablished
2025-05-12 03:35:02,826 [INFO] WebApp:194 - Connection lost
2025-05-12 03:35:03,698 [INFO] WebApp:191 - Connection restablished
2025-05-12 03:51:20,517 [INFO] WebApp:194 - Connection lost
2025-05-12 03:51:21,284 [INFO] WebApp:191 - Connection restablished
2025-05-12 04:07:40,513 [INFO] WebApp:194 - Connection lost
2025-05-12 04:07:41,566 [INFO] WebApp:191 - Connection restablished
2025-05-12 04:23:44,918 [INFO] WebApp:194 - Connection lost
2025-05-12 04:23:45,545 [INFO] WebApp:191 - Connection restablished
2025-05-12 04:24:58,378 [INFO] WebApp:194 - Connection lost
2025-05-12 04:25:01,154 [INFO] WebApp:191 - Connection restablished
2025-05-12 04:36:02,748 [INFO] WebApp:194 - Connection lost
2025-05-12 04:36:03,516 [INFO] WebApp:191 - Connection restablished
2025-05-12 04:36:06,011 [INFO] WebApp:194 - Connection lost
2025-05-12 04:36:07,159 [INFO] WebApp:191 - Connection restablished
2025-05-12 04:52:29,633 [INFO] WebApp:194 - Connection lost
2025-05-12 04:52:30,032 [INFO] WebApp:191 - Connection restablished
2025-05-12 04:52:32,539 [INFO] WebApp:194 - Connection lost
2025-05-12 04:52:34,068 [INFO] WebApp:191 - Connection restablished
2025-05-12 05:08:53,743 [INFO] WebApp:194 - Connection lost
2025-05-12 05:08:56,519 [INFO] WebApp:191 - Connection restablished
2025-05-12 05:25:04,689 [INFO] WebApp:194 - Connection lost
2025-05-12 05:25:05,117 [INFO] WebApp:191 - Connection restablished
2025-05-12 05:37:02,937 [INFO] WebApp:194 - Connection lost
2025-05-12 05:37:03,624 [INFO] WebApp:191 - Connection restablished
2025-05-12 05:53:21,254 [INFO] WebApp:194 - Connection lost
2025-05-12 05:53:26,903 [INFO] WebApp:191 - Connection restablished
2025-05-12 06:09:39,101 [INFO] WebApp:194 - Connection lost
2025-05-12 06:09:40,138 [INFO] WebApp:191 - Connection restablished
2025-05-12 06:25:57,759 [INFO] WebApp:194 - Connection lost
2025-05-12 06:25:58,236 [INFO] WebApp:191 - Connection restablished
2025-05-12 06:38:02,856 [INFO] WebApp:194 - Connection lost
2025-05-12 06:38:03,764 [INFO] WebApp:191 - Connection restablished
2025-05-12 06:54:22,048 [INFO] WebApp:194 - Connection lost
2025-05-12 06:54:22,441 [INFO] WebApp:191 - Connection restablished
2025-05-12 06:54:25,287 [INFO] WebApp:194 - Connection lost
2025-05-12 06:54:25,749 [INFO] WebApp:191 - Connection restablished
2025-05-12 07:10:44,434 [INFO] WebApp:194 - Connection lost
2025-05-12 07:10:48,723 [INFO] WebApp:191 - Connection restablished
2025-05-12 07:26:55,353 [INFO] WebApp:194 - Connection lost
2025-05-12 07:26:55,897 [INFO] WebApp:191 - Connection restablished
2025-05-12 07:27:33,883 [INFO] WebApp:194 - Connection lost
2025-05-12 07:27:36,569 [INFO] WebApp:191 - Connection restablished
2025-05-12 07:27:39,262 [INFO] WebApp:194 - Connection lost
2025-05-12 07:27:42,926 [INFO] WebApp:191 - Connection restablished
2025-05-12 07:55:17,950 [INFO] WebApp:194 - Connection lost
2025-05-12 07:55:19,271 [INFO] WebApp:191 - Connection restablished
2025-05-12 07:56:34,473 [INFO] WebApp:194 - Connection lost
2025-05-12 07:56:35,957 [INFO] WebApp:191 - Connection restablished
2025-05-12 08:00:20,934 [INFO] WebApp:194 - Connection lost
2025-05-12 08:00:21,612 [INFO] WebApp:191 - Connection restablished
2025-05-12 08:00:29,546 [INFO] WebApp:194 - Connection lost
2025-05-12 08:00:30,945 [INFO] WebApp:191 - Connection restablished
2025-05-12 08:00:33,289 [INFO] WebApp:194 - Connection lost
2025-05-12 08:00:33,867 [INFO] WebApp:191 - Connection restablished
2025-05-12 08:16:03,319 [INFO] WebApp:194 - Connection lost
2025-05-12 08:16:08,009 [INFO] WebApp:191 - Connection restablished
2025-05-12 08:21:19,287 [INFO] WebApp:194 - Connection lost
2025-05-12 08:21:20,305 [INFO] WebApp:191 - Connection restablished
2025-05-12 08:37:40,077 [INFO] WebApp:194 - Connection lost
2025-05-12 08:37:40,533 [INFO] WebApp:191 - Connection restablished
2025-05-12 08:40:04,352 [INFO] WebApp:194 - Connection lost
2025-05-12 08:40:05,016 [INFO] WebApp:191 - Connection restablished
2025-05-12 08:45:15,865 [INFO] WebApp:194 - Connection lost
2025-05-12 08:45:16,348 [INFO] WebApp:191 - Connection restablished
2025-05-12 08:47:05,794 [INFO] WebApp:194 - Connection lost
2025-05-12 08:47:08,243 [INFO] WebApp:191 - Connection restablished
2025-05-12 09:02:38,356 [INFO] WebApp:194 - Connection lost
2025-05-12 09:02:39,470 [INFO] WebApp:191 - Connection restablished
2025-05-12 09:06:12,323 [INFO] WebApp:194 - Connection lost
2025-05-12 09:06:12,968 [INFO] WebApp:191 - Connection restablished
2025-05-12 09:06:20,891 [INFO] WebApp:194 - Connection lost
2025-05-12 09:06:21,587 [INFO] WebApp:191 - Connection restablished
2025-05-12 09:15:02,220 [INFO] WebApp:194 - Connection lost
2025-05-12 09:15:02,586 [INFO] WebApp:191 - Connection restablished
2025-05-12 09:17:33,963 [INFO] WebApp:194 - Connection lost
2025-05-12 09:17:36,293 [INFO] WebApp:191 - Connection restablished
2025-05-12 09:17:44,164 [INFO] WebApp:194 - Connection lost
2025-05-12 09:17:47,454 [INFO] WebApp:191 - Connection restablished
2025-05-12 09:19:32,096 [INFO] WebApp:194 - Connection lost
2025-05-12 09:19:33,580 [INFO] WebApp:191 - Connection restablished
2025-05-12 09:21:22,251 [INFO] WebApp:194 - Connection lost
2025-05-12 09:21:24,011 [INFO] WebApp:191 - Connection restablished
2025-05-12 09:22:18,322 [INFO] WebApp:194 - Connection lost
2025-05-12 09:22:19,462 [INFO] WebApp:191 - Connection restablished
2025-05-12 09:37:48,237 [INFO] WebApp:194 - Connection lost
2025-05-12 09:37:48,824 [INFO] WebApp:191 - Connection restablished
2025-05-12 09:41:03,807 [INFO] WebApp:194 - Connection lost
2025-05-12 09:41:04,456 [INFO] WebApp:191 - Connection restablished
2025-05-12 09:42:55,527 [INFO] WebApp:194 - Connection lost
2025-05-12 09:42:55,868 [INFO] WebApp:191 - Connection restablished
2025-05-12 10:14:43,741 [INFO] WebApp:194 - Connection lost
2025-05-12 10:14:44,410 [INFO] WebApp:191 - Connection restablished
2025-05-12 10:30:59,275 [INFO] WebApp:194 - Connection lost
2025-05-12 10:30:59,918 [INFO] WebApp:191 - Connection restablished
2025-05-12 10:31:01,223 [INFO] WebApp:194 - Connection lost
2025-05-12 10:31:03,385 [INFO] WebApp:191 - Connection restablished
2025-05-12 10:42:03,900 [INFO] WebApp:194 - Connection lost
2025-05-12 10:42:04,508 [INFO] WebApp:191 - Connection restablished
2025-05-12 10:44:11,048 [INFO] WebApp:194 - Connection lost
2025-05-12 10:44:17,935 [INFO] WebApp:191 - Connection restablished
2025-05-12 10:46:04,970 [INFO] WebApp:194 - Connection lost
2025-05-12 10:46:05,785 [INFO] WebApp:191 - Connection restablished
2025-05-12 10:49:14,831 [INFO] WebApp:194 - Connection lost
2025-05-12 10:49:15,417 [INFO] WebApp:191 - Connection restablished
2025-05-12 10:50:52,841 [INFO] WebApp:194 - Connection lost
2025-05-12 10:50:53,186 [INFO] WebApp:191 - Connection restablished
2025-05-12 10:51:01,325 [INFO] WebApp:194 - Connection lost
2025-05-12 10:51:03,199 [INFO] WebApp:191 - Connection restablished
2025-05-12 10:52:50,395 [INFO] WebApp:194 - Connection lost
2025-05-12 10:52:50,638 [INFO] WebApp:191 - Connection restablished
2025-05-12 10:54:39,556 [INFO] WebApp:194 - Connection lost
2025-05-12 10:54:39,927 [INFO] WebApp:191 - Connection restablished
2025-05-12 11:10:12,873 [INFO] WebApp:194 - Connection lost
2025-05-12 11:10:15,391 [INFO] WebApp:191 - Connection restablished
2025-05-12 11:13:11,676 [INFO] WebApp:194 - Connection lost
2025-05-12 11:13:14,495 [INFO] WebApp:191 - Connection restablished
2025-05-12 11:14:59,782 [INFO] WebApp:194 - Connection lost
2025-05-12 11:15:00,554 [INFO] WebApp:191 - Connection restablished
2025-05-12 11:19:03,932 [INFO] WebApp:194 - Connection lost
2025-05-12 11:19:05,714 [INFO] WebApp:191 - Connection restablished
2025-05-12 11:19:12,393 [INFO] WebApp:194 - Connection lost
2025-05-12 11:19:13,414 [INFO] WebApp:191 - Connection restablished
2025-05-12 11:20:55,178 [INFO] WebApp:194 - Connection lost
2025-05-12 11:20:56,811 [INFO] WebApp:191 - Connection restablished
2025-05-12 11:22:43,150 [INFO] WebApp:194 - Connection lost
2025-05-12 11:22:44,583 [INFO] WebApp:191 - Connection restablished
2025-05-12 11:23:03,722 [INFO] WebApp:194 - Connection lost
2025-05-12 11:23:05,162 [INFO] WebApp:191 - Connection restablished
2025-05-12 11:24:49,116 [INFO] WebApp:194 - Connection lost
2025-05-12 11:24:49,906 [INFO] WebApp:191 - Connection restablished
2025-05-12 11:26:31,742 [INFO] WebApp:194 - Connection lost
2025-05-12 11:26:32,490 [INFO] WebApp:191 - Connection restablished
2025-05-12 11:26:44,114 [INFO] WebApp:194 - Connection lost
2025-05-12 11:26:44,820 [INFO] WebApp:191 - Connection restablished
2025-05-12 11:28:32,300 [INFO] WebApp:194 - Connection lost
2025-05-12 11:28:34,014 [INFO] WebApp:191 - Connection restablished
2025-05-12 11:29:29,419 [INFO] WebApp:194 - Connection lost
2025-05-12 11:29:30,908 [INFO] WebApp:191 - Connection restablished
2025-05-12 11:29:32,779 [INFO] WebApp:194 - Connection lost
2025-05-12 11:29:33,681 [INFO] WebApp:191 - Connection restablished
2025-05-12 11:31:16,557 [INFO] WebApp:194 - Connection lost
2025-05-12 11:31:16,782 [INFO] WebApp:191 - Connection restablished
2025-05-12 11:33:04,392 [INFO] WebApp:194 - Connection lost
2025-05-12 11:33:04,682 [INFO] WebApp:191 - Connection restablished
2025-05-12 11:34:54,394 [INFO] WebApp:194 - Connection lost
2025-05-12 11:34:56,010 [INFO] WebApp:191 - Connection restablished
2025-05-12 11:37:14,582 [INFO] WebApp:194 - Connection lost
2025-05-12 11:37:16,420 [INFO] WebApp:191 - Connection restablished
2025-05-12 11:39:01,682 [INFO] WebApp:194 - Connection lost
2025-05-12 11:39:02,507 [INFO] WebApp:191 - Connection restablished
2025-05-12 11:39:09,555 [INFO] WebApp:194 - Connection lost
2025-05-12 11:39:10,256 [INFO] WebApp:191 - Connection restablished
2025-05-12 11:42:37,939 [INFO] WebApp:194 - Connection lost
2025-05-12 11:42:38,193 [INFO] WebApp:191 - Connection restablished
2025-05-12 11:42:47,134 [INFO] WebApp:194 - Connection lost
2025-05-12 11:42:48,819 [INFO] WebApp:191 - Connection restablished
2025-05-12 11:42:58,988 [INFO] WebApp:194 - Connection lost
2025-05-12 11:43:03,270 [INFO] WebApp:191 - Connection restablished
2025-05-12 11:43:03,298 [INFO] WebApp:194 - Connection lost
2025-05-12 11:43:04,052 [INFO] WebApp:191 - Connection restablished
2025-05-12 11:43:10,808 [INFO] WebApp:194 - Connection lost
2025-05-12 11:43:11,689 [INFO] WebApp:191 - Connection restablished
2025-05-12 11:43:11,788 [INFO] WebApp:194 - Connection lost
2025-05-12 11:43:12,398 [INFO] WebApp:191 - Connection restablished
2025-05-12 11:43:19,267 [INFO] WebApp:194 - Connection lost
2025-05-12 11:43:19,800 [INFO] WebApp:191 - Connection restablished
2025-05-12 11:44:49,549 [INFO] WebApp:194 - Connection lost
2025-05-12 11:44:52,249 [INFO] WebApp:191 - Connection restablished
2025-05-12 11:46:39,805 [INFO] WebApp:194 - Connection lost
2025-05-12 11:46:41,410 [INFO] WebApp:191 - Connection restablished
2025-05-12 11:47:46,750 [INFO] WebApp:194 - Connection lost
2025-05-12 11:47:48,017 [INFO] WebApp:191 - Connection restablished
2025-05-12 13:10:44,362 [INFO] I2cTimingTraitement:330 - 0x00100D14
2025-05-12 13:11:14,021 [INFO] Gpio:277 - dependency for GPIO [ADC1, I2C1, SYS, TIM1, TIM2, USART1]
2025-05-12 13:12:10,909 [INFO] UtilMem:75 - End SaveConfig() Used Memory: 829894160 Bytes (1073741824)
2025-05-12 13:12:13,575 [INFO] UtilMem:75 - End SaveConfig() Used Memory: 914205032 Bytes (1073741824)
2025-05-12 13:12:18,204 [INFO] UtilMem:75 - End SaveConfig() Used Memory: 805939480 Bytes (1073741824)
2025-05-12 13:12:19,330 [INFO] BlockDiagram:2775 - set Specific Code input for plugin: NVIC
2025-05-12 13:12:19,331 [INFO] BlockDiagram:2775 - set Specific Code input for plugin: USART
2025-05-12 13:12:19,332 [INFO] BlockDiagram:2775 - set Specific Code input for plugin: TIM1_8L4
2025-05-12 13:12:19,332 [INFO] BlockDiagram:2775 - set Specific Code input for plugin: TIM1_8L4
2025-05-12 13:12:19,332 [INFO] BlockDiagram:2775 - set Specific Code input for plugin: SYS
2025-05-12 13:12:19,335 [INFO] BlockDiagram:2775 - set Specific Code input for plugin: GPIO
2025-05-12 13:12:19,336 [INFO] BlockDiagram:2775 - set Specific Code input for plugin: ADC
2025-05-12 13:12:19,336 [INFO] BlockDiagram:2775 - set Specific Code input for plugin: RCC
2025-05-12 13:12:19,336 [INFO] BlockDiagram:2775 - set Specific Code input for plugin: I2C
2025-05-12 13:12:19,339 [INFO] CodeGenerator:882 - code generatio: config db path: /Applications/STM32CubeIDE.app/Contents/Eclipse/plugins/com.st.stm32cube.common.mx_6.14.0.202502271554//db/
2025-05-12 13:12:19,680 [INFO] CodeEngine:263 - oldGeneratedFile, /Users/pfsldo/Programacao/Microcontroller-based_locking_in_optics_experiments/lcdOnStm32/MXTmpFiles/license.tmp_save
2025-05-12 13:12:20,233 [INFO] CodeEngine:287 - Generated code: /Users/pfsldo/Programacao/Microcontroller-based_locking_in_optics_experiments/lcdOnStm32/MXTmpFiles/license.tmp
2025-05-12 13:12:20,405 [INFO] CodeEngine:263 - oldGeneratedFile, /Users/pfsldo/Programacao/Microcontroller-based_locking_in_optics_experiments/lcdOnStm32/MXTmpFiles/gpio.tmp_save
2025-05-12 13:12:20,665 [INFO] CodeEngine:287 - Generated code: /Users/pfsldo/Programacao/Microcontroller-based_locking_in_optics_experiments/lcdOnStm32/MXTmpFiles/gpio.tmp
2025-05-12 13:12:21,264 [INFO] CodeEngine:263 - oldGeneratedFile, /Users/pfsldo/Programacao/Microcontroller-based_locking_in_optics_experiments/lcdOnStm32/Core/Src/stm32l4xx_it.c_save
2025-05-12 13:12:21,719 [INFO] CodeEngine:287 - Generated code: /Users/pfsldo/Programacao/Microcontroller-based_locking_in_optics_experiments/lcdOnStm32/Core/Src/stm32l4xx_it.c
2025-05-12 13:12:21,729 [INFO] CodeEngine:263 - oldGeneratedFile, /Users/pfsldo/Programacao/Microcontroller-based_locking_in_optics_experiments/lcdOnStm32/Core/Inc/stm32l4xx_it.h_save
2025-05-12 13:12:21,875 [INFO] CodeEngine:287 - Generated code: /Users/pfsldo/Programacao/Microcontroller-based_locking_in_optics_experiments/lcdOnStm32/Core/Inc/stm32l4xx_it.h
2025-05-12 13:12:21,899 [INFO] CodeEngine:263 - oldGeneratedFile, /Users/pfsldo/Programacao/Microcontroller-based_locking_in_optics_experiments/lcdOnStm32/Core/Src/stm32l4xx_hal_msp.c_save
2025-05-12 13:12:22,308 [INFO] CodeEngine:287 - Generated code: /Users/pfsldo/Programacao/Microcontroller-based_locking_in_optics_experiments/lcdOnStm32/Core/Src/stm32l4xx_hal_msp.c
2025-05-12 13:12:22,315 [INFO] CodeEngine:263 - oldGeneratedFile, /Users/pfsldo/Programacao/Microcontroller-based_locking_in_optics_experiments/lcdOnStm32/MXTmpFiles/system.tmp_save
2025-05-12 13:12:22,487 [INFO] CodeEngine:287 - Generated code: /Users/pfsldo/Programacao/Microcontroller-based_locking_in_optics_experiments/lcdOnStm32/MXTmpFiles/system.tmp
2025-05-12 13:12:22,505 [INFO] CodeEngine:319 - oldGeneratedFile, /Users/pfsldo/Programacao/Microcontroller-based_locking_in_optics_experiments/lcdOnStm32/Core/Inc/stm32l4xx_hal_conf.h_save
2025-05-12 13:12:22,633 [INFO] CodeEngine:343 - Generated code: /Users/pfsldo/Programacao/Microcontroller-based_locking_in_optics_experiments/lcdOnStm32/Core/Inc/stm32l4xx_hal_conf.h
2025-05-12 13:12:22,698 [WARN] IPConfigManager:3747 - IP not found : TIM
2025-05-12 13:12:22,701 [WARN] CodeGenerator:4198 - IP not found : null
2025-05-12 13:12:22,716 [INFO] CodeEngine:263 - oldGeneratedFile, /Users/pfsldo/Programacao/Microcontroller-based_locking_in_optics_experiments/lcdOnStm32/Core/Inc/main.h_save
2025-05-12 13:12:23,397 [INFO] CodeEngine:287 - Generated code: /Users/pfsldo/Programacao/Microcontroller-based_locking_in_optics_experiments/lcdOnStm32/Core/Inc/main.h
2025-05-12 13:12:23,494 [INFO] CodeEngine:263 - oldGeneratedFile, /Users/pfsldo/Programacao/Microcontroller-based_locking_in_optics_experiments/lcdOnStm32/Core/Src/main.c_save
2025-05-12 13:12:24,352 [INFO] CodeEngine:287 - Generated code: /Users/pfsldo/Programacao/Microcontroller-based_locking_in_optics_experiments/lcdOnStm32/Core/Src/main.c
2025-05-12 13:12:25,270 [INFO] ProjectBuilder:3324 - Time for Copy HAL[1] : 472mS.
2025-05-12 13:12:25,293 [INFO] ProjectBuilder:4912 - Project Generator version: 4.6.0-B36
2025-05-12 13:12:25,494 [INFO] ConfigFileManager:1590 - The Die is : DIE464
2025-05-12 13:12:29,779 [INFO] ProjectBuilder:5191 - Time for Generating toolchain IDE Files: 4481mS.
2025-05-12 13:12:29,782 [INFO] ProjectBuilder:3181 - Time for Copy CMSIS : 0mS.
2025-05-12 13:12:29,786 [INFO] ProjectBuilder:3181 - Time for Copy CMSIS : 0mS.
2025-05-12 13:16:38,048 [INFO] NvicIntPanel:101 - NVIC parent = com.st.microxplorer.plugins.ip.nvic.MultiNvicIntPanel[,2,25,604x219,layout=javax.swing.BoxLayout,alignmentX=0.0,alignmentY=0.0,border=,flags=9,maximumSize=,minimumSize=,preferredSize=]
2025-05-12 13:17:05,588 [INFO] Gpio:277 - dependency for GPIO [I2C1, SYS, TIM1, TIM2, USART1]
2025-05-12 13:17:05,931 [INFO] NvicIntPanel:101 - NVIC parent = com.st.microxplorer.plugins.ip.nvic.MultiNvicIntPanel[,0,0,0x0,invalid,layout=javax.swing.BoxLayout,alignmentX=0.0,alignmentY=0.0,border=,flags=9,maximumSize=,minimumSize=,preferredSize=]
2025-05-12 13:17:17,829 [INFO] UtilMem:75 - End SaveConfig() Used Memory: 956032928 Bytes (1073741824)
2025-05-12 13:17:21,108 [INFO] UtilMem:75 - End SaveConfig() Used Memory: 720965696 Bytes (1073741824)
2025-05-12 13:17:22,173 [INFO] BlockDiagram:2775 - set Specific Code input for plugin: NVIC
2025-05-12 13:17:22,175 [INFO] BlockDiagram:2775 - set Specific Code input for plugin: USART
2025-05-12 13:17:22,175 [INFO] BlockDiagram:2775 - set Specific Code input for plugin: TIM1_8L4
2025-05-12 13:17:22,175 [INFO] BlockDiagram:2775 - set Specific Code input for plugin: TIM1_8L4
2025-05-12 13:17:22,175 [INFO] BlockDiagram:2775 - set Specific Code input for plugin: SYS
2025-05-12 13:17:22,175 [INFO] BlockDiagram:2775 - set Specific Code input for plugin: GPIO
2025-05-12 13:17:22,175 [INFO] BlockDiagram:2775 - set Specific Code input for plugin: RCC
2025-05-12 13:17:22,175 [INFO] BlockDiagram:2775 - set Specific Code input for plugin: I2C
2025-05-12 13:17:22,178 [INFO] CodeGenerator:882 - code generatio: config db path: /Applications/STM32CubeIDE.app/Contents/Eclipse/plugins/com.st.stm32cube.common.mx_6.14.0.202502271554//db/
2025-05-12 13:17:22,403 [INFO] CodeEngine:263 - oldGeneratedFile, /Users/pfsldo/Programacao/Microcontroller-based_locking_in_optics_experiments/lcdOnStm32/MXTmpFiles/license.tmp_save
2025-05-12 13:17:22,769 [INFO] CodeEngine:287 - Generated code: /Users/pfsldo/Programacao/Microcontroller-based_locking_in_optics_experiments/lcdOnStm32/MXTmpFiles/license.tmp
2025-05-12 13:17:22,880 [INFO] CodeEngine:263 - oldGeneratedFile, /Users/pfsldo/Programacao/Microcontroller-based_locking_in_optics_experiments/lcdOnStm32/MXTmpFiles/gpio.tmp_save
2025-05-12 13:17:23,115 [INFO] CodeEngine:287 - Generated code: /Users/pfsldo/Programacao/Microcontroller-based_locking_in_optics_experiments/lcdOnStm32/MXTmpFiles/gpio.tmp
2025-05-12 13:17:23,526 [INFO] CodeEngine:263 - oldGeneratedFile, /Users/pfsldo/Programacao/Microcontroller-based_locking_in_optics_experiments/lcdOnStm32/Core/Src/stm32l4xx_it.c_save
2025-05-12 13:17:23,794 [INFO] CodeEngine:287 - Generated code: /Users/pfsldo/Programacao/Microcontroller-based_locking_in_optics_experiments/lcdOnStm32/Core/Src/stm32l4xx_it.c
2025-05-12 13:17:23,797 [INFO] CodeEngine:263 - oldGeneratedFile, /Users/pfsldo/Programacao/Microcontroller-based_locking_in_optics_experiments/lcdOnStm32/Core/Inc/stm32l4xx_it.h_save
2025-05-12 13:17:23,952 [INFO] CodeEngine:287 - Generated code: /Users/pfsldo/Programacao/Microcontroller-based_locking_in_optics_experiments/lcdOnStm32/Core/Inc/stm32l4xx_it.h
2025-05-12 13:17:23,980 [INFO] CodeEngine:263 - oldGeneratedFile, /Users/pfsldo/Programacao/Microcontroller-based_locking_in_optics_experiments/lcdOnStm32/Core/Src/stm32l4xx_hal_msp.c_save
2025-05-12 13:17:24,465 [INFO] CodeEngine:287 - Generated code: /Users/pfsldo/Programacao/Microcontroller-based_locking_in_optics_experiments/lcdOnStm32/Core/Src/stm32l4xx_hal_msp.c
2025-05-12 13:17:24,468 [INFO] CodeEngine:263 - oldGeneratedFile, /Users/pfsldo/Programacao/Microcontroller-based_locking_in_optics_experiments/lcdOnStm32/MXTmpFiles/system.tmp_save
2025-05-12 13:17:24,607 [INFO] CodeEngine:287 - Generated code: /Users/pfsldo/Programacao/Microcontroller-based_locking_in_optics_experiments/lcdOnStm32/MXTmpFiles/system.tmp
2025-05-12 13:17:24,622 [INFO] CodeEngine:319 - oldGeneratedFile, /Users/pfsldo/Programacao/Microcontroller-based_locking_in_optics_experiments/lcdOnStm32/Core/Inc/stm32l4xx_hal_conf.h_save
2025-05-12 13:17:24,767 [INFO] CodeEngine:343 - Generated code: /Users/pfsldo/Programacao/Microcontroller-based_locking_in_optics_experiments/lcdOnStm32/Core/Inc/stm32l4xx_hal_conf.h
2025-05-12 13:17:24,836 [WARN] IPConfigManager:3747 - IP not found : TIM
2025-05-12 13:17:24,837 [WARN] CodeGenerator:4198 - IP not found : null
2025-05-12 13:17:24,845 [INFO] CodeEngine:263 - oldGeneratedFile, /Users/pfsldo/Programacao/Microcontroller-based_locking_in_optics_experiments/lcdOnStm32/Core/Inc/main.h_save
2025-05-12 13:17:25,110 [INFO] CodeEngine:287 - Generated code: /Users/pfsldo/Programacao/Microcontroller-based_locking_in_optics_experiments/lcdOnStm32/Core/Inc/main.h
2025-05-12 13:17:25,113 [INFO] CodeEngine:263 - oldGeneratedFile, /Users/pfsldo/Programacao/Microcontroller-based_locking_in_optics_experiments/lcdOnStm32/Core/Src/main.c_save
2025-05-12 13:17:25,419 [INFO] CodeEngine:287 - Generated code: /Users/pfsldo/Programacao/Microcontroller-based_locking_in_optics_experiments/lcdOnStm32/Core/Src/main.c
2025-05-12 13:17:25,769 [INFO] ProjectBuilder:3324 - Time for Copy HAL[1] : 127mS.
2025-05-12 13:17:25,773 [INFO] ProjectBuilder:4912 - Project Generator version: 4.6.0-B36
2025-05-12 13:17:25,928 [INFO] ConfigFileManager:1590 - The Die is : DIE464
2025-05-12 13:17:30,850 [ERROR] ConfigurationRetriever:142 - IOException on connection: Connect timed out
2025-05-12 13:17:32,908 [INFO] ProjectBuilder:5191 - Time for Generating toolchain IDE Files: 7124mS.
2025-05-12 13:17:33,031 [INFO] ProjectBuilder:3181 - Time for Copy CMSIS : 7mS.
2025-05-12 13:17:33,036 [INFO] ProjectBuilder:3181 - Time for Copy CMSIS : 0mS.
2025-05-12 13:46:30,587 [INFO] UtilMem:75 - End SaveConfig() Used Memory: 722640208 Bytes (1073741824)
2025-05-12 13:46:32,722 [INFO] UtilMem:75 - End SaveConfig() Used Memory: 796884480 Bytes (1073741824)
2025-05-12 13:46:34,697 [INFO] BlockDiagram:2775 - set Specific Code input for plugin: NVIC
2025-05-12 13:46:34,718 [INFO] BlockDiagram:2775 - set Specific Code input for plugin: USART
2025-05-12 13:46:34,729 [INFO] BlockDiagram:2775 - set Specific Code input for plugin: TIM1_8L4
2025-05-12 13:46:34,731 [INFO] BlockDiagram:2775 - set Specific Code input for plugin: TIM1_8L4
2025-05-12 13:46:34,731 [INFO] BlockDiagram:2775 - set Specific Code input for plugin: SYS
2025-05-12 13:46:34,735 [INFO] BlockDiagram:2775 - set Specific Code input for plugin: GPIO
2025-05-12 13:46:34,736 [INFO] BlockDiagram:2775 - set Specific Code input for plugin: RCC
2025-05-12 13:46:34,736 [INFO] BlockDiagram:2775 - set Specific Code input for plugin: I2C
2025-05-12 13:46:34,743 [INFO] CodeGenerator:882 - code generatio: config db path: /Applications/STM32CubeIDE.app/Contents/Eclipse/plugins/com.st.stm32cube.common.mx_6.14.0.202502271554//db/
2025-05-12 13:46:35,009 [INFO] CodeEngine:263 - oldGeneratedFile, /Users/pfsldo/Programacao/Microcontroller-based_locking_in_optics_experiments/lcdOnStm32/MXTmpFiles/license.tmp_save
2025-05-12 13:46:35,460 [INFO] CodeEngine:287 - Generated code: /Users/pfsldo/Programacao/Microcontroller-based_locking_in_optics_experiments/lcdOnStm32/MXTmpFiles/license.tmp
2025-05-12 13:46:35,620 [INFO] CodeEngine:263 - oldGeneratedFile, /Users/pfsldo/Programacao/Microcontroller-based_locking_in_optics_experiments/lcdOnStm32/MXTmpFiles/gpio.tmp_save
2025-05-12 13:46:35,859 [INFO] CodeEngine:287 - Generated code: /Users/pfsldo/Programacao/Microcontroller-based_locking_in_optics_experiments/lcdOnStm32/MXTmpFiles/gpio.tmp
2025-05-12 13:46:36,259 [INFO] CodeEngine:263 - oldGeneratedFile, /Users/pfsldo/Programacao/Microcontroller-based_locking_in_optics_experiments/lcdOnStm32/Core/Src/stm32l4xx_it.c_save
2025-05-12 13:46:36,657 [INFO] CodeEngine:287 - Generated code: /Users/pfsldo/Programacao/Microcontroller-based_locking_in_optics_experiments/lcdOnStm32/Core/Src/stm32l4xx_it.c
2025-05-12 13:46:36,660 [INFO] CodeEngine:263 - oldGeneratedFile, /Users/pfsldo/Programacao/Microcontroller-based_locking_in_optics_experiments/lcdOnStm32/Core/Inc/stm32l4xx_it.h_save
2025-05-12 13:46:36,793 [INFO] CodeEngine:287 - Generated code: /Users/pfsldo/Programacao/Microcontroller-based_locking_in_optics_experiments/lcdOnStm32/Core/Inc/stm32l4xx_it.h
2025-05-12 13:46:36,803 [INFO] CodeEngine:263 - oldGeneratedFile, /Users/pfsldo/Programacao/Microcontroller-based_locking_in_optics_experiments/lcdOnStm32/Core/Src/stm32l4xx_hal_msp.c_save
2025-05-12 13:46:37,108 [INFO] CodeEngine:287 - Generated code: /Users/pfsldo/Programacao/Microcontroller-based_locking_in_optics_experiments/lcdOnStm32/Core/Src/stm32l4xx_hal_msp.c
2025-05-12 13:46:37,111 [INFO] CodeEngine:263 - oldGeneratedFile, /Users/pfsldo/Programacao/Microcontroller-based_locking_in_optics_experiments/lcdOnStm32/MXTmpFiles/system.tmp_save
2025-05-12 13:46:37,220 [INFO] CodeEngine:287 - Generated code: /Users/pfsldo/Programacao/Microcontroller-based_locking_in_optics_experiments/lcdOnStm32/MXTmpFiles/system.tmp
2025-05-12 13:46:37,226 [INFO] CodeEngine:319 - oldGeneratedFile, /Users/pfsldo/Programacao/Microcontroller-based_locking_in_optics_experiments/lcdOnStm32/Core/Inc/stm32l4xx_hal_conf.h_save
2025-05-12 13:46:37,335 [INFO] CodeEngine:343 - Generated code: /Users/pfsldo/Programacao/Microcontroller-based_locking_in_optics_experiments/lcdOnStm32/Core/Inc/stm32l4xx_hal_conf.h
2025-05-12 13:46:37,370 [WARN] IPConfigManager:3747 - IP not found : TIM
2025-05-12 13:46:37,371 [WARN] CodeGenerator:4198 - IP not found : null
2025-05-12 13:46:37,374 [INFO] CodeEngine:263 - oldGeneratedFile, /Users/pfsldo/Programacao/Microcontroller-based_locking_in_optics_experiments/lcdOnStm32/Core/Inc/main.h_save
2025-05-12 13:46:37,541 [INFO] CodeEngine:287 - Generated code: /Users/pfsldo/Programacao/Microcontroller-based_locking_in_optics_experiments/lcdOnStm32/Core/Inc/main.h
2025-05-12 13:46:37,544 [INFO] CodeEngine:263 - oldGeneratedFile, /Users/pfsldo/Programacao/Microcontroller-based_locking_in_optics_experiments/lcdOnStm32/Core/Src/main.c_save
2025-05-12 13:46:37,758 [INFO] CodeEngine:287 - Generated code: /Users/pfsldo/Programacao/Microcontroller-based_locking_in_optics_experiments/lcdOnStm32/Core/Src/main.c
2025-05-12 13:46:38,042 [INFO] ProjectBuilder:3324 - Time for Copy HAL[1] : 86mS.
2025-05-12 13:46:38,051 [INFO] ProjectBuilder:4912 - Project Generator version: 4.6.0-B36
2025-05-12 13:46:38,165 [INFO] ConfigFileManager:1590 - The Die is : DIE464
2025-05-12 13:46:43,485 [INFO] ProjectBuilder:5191 - Time for Generating toolchain IDE Files: 5389mS.
2025-05-12 13:46:43,515 [INFO] ProjectBuilder:3181 - Time for Copy CMSIS : 3mS.
2025-05-12 13:46:43,523 [INFO] ProjectBuilder:3181 - Time for Copy CMSIS : 0mS.
2025-05-12 13:48:50,124 [INFO] UtilMem:75 - End SaveConfig() Used Memory: 821180072 Bytes (1073741824)
2025-05-12 13:48:51,386 [INFO] UtilMem:75 - End SaveConfig() Used Memory: 885665448 Bytes (1073741824)
2025-05-12 13:48:51,667 [INFO] BlockDiagram:2775 - set Specific Code input for plugin: NVIC
2025-05-12 13:48:51,667 [INFO] BlockDiagram:2775 - set Specific Code input for plugin: USART
2025-05-12 13:48:51,667 [INFO] BlockDiagram:2775 - set Specific Code input for plugin: TIM1_8L4
2025-05-12 13:48:51,667 [INFO] BlockDiagram:2775 - set Specific Code input for plugin: TIM1_8L4
2025-05-12 13:48:51,667 [INFO] BlockDiagram:2775 - set Specific Code input for plugin: SYS
2025-05-12 13:48:51,668 [INFO] BlockDiagram:2775 - set Specific Code input for plugin: GPIO
2025-05-12 13:48:51,669 [INFO] BlockDiagram:2775 - set Specific Code input for plugin: RCC
2025-05-12 13:48:51,670 [INFO] BlockDiagram:2775 - set Specific Code input for plugin: I2C
2025-05-12 13:48:51,673 [INFO] CodeGenerator:882 - code generatio: config db path: /Applications/STM32CubeIDE.app/Contents/Eclipse/plugins/com.st.stm32cube.common.mx_6.14.0.202502271554//db/
2025-05-12 13:48:51,813 [INFO] CodeEngine:263 - oldGeneratedFile, /Users/pfsldo/Programacao/Microcontroller-based_locking_in_optics_experiments/lcdOnStm32/MXTmpFiles/license.tmp_save
2025-05-12 13:48:52,088 [INFO] CodeEngine:287 - Generated code: /Users/pfsldo/Programacao/Microcontroller-based_locking_in_optics_experiments/lcdOnStm32/MXTmpFiles/license.tmp
2025-05-12 13:48:52,171 [INFO] CodeEngine:263 - oldGeneratedFile, /Users/pfsldo/Programacao/Microcontroller-based_locking_in_optics_experiments/lcdOnStm32/MXTmpFiles/gpio.tmp_save
2025-05-12 13:48:52,298 [INFO] CodeEngine:287 - Generated code: /Users/pfsldo/Programacao/Microcontroller-based_locking_in_optics_experiments/lcdOnStm32/MXTmpFiles/gpio.tmp
2025-05-12 13:48:52,710 [INFO] CodeEngine:263 - oldGeneratedFile, /Users/pfsldo/Programacao/Microcontroller-based_locking_in_optics_experiments/lcdOnStm32/Core/Src/stm32l4xx_it.c_save
2025-05-12 13:48:52,819 [INFO] CodeEngine:287 - Generated code: /Users/pfsldo/Programacao/Microcontroller-based_locking_in_optics_experiments/lcdOnStm32/Core/Src/stm32l4xx_it.c
2025-05-12 13:48:52,823 [INFO] CodeEngine:263 - oldGeneratedFile, /Users/pfsldo/Programacao/Microcontroller-based_locking_in_optics_experiments/lcdOnStm32/Core/Inc/stm32l4xx_it.h_save
2025-05-12 13:48:52,891 [INFO] CodeEngine:287 - Generated code: /Users/pfsldo/Programacao/Microcontroller-based_locking_in_optics_experiments/lcdOnStm32/Core/Inc/stm32l4xx_it.h
2025-05-12 13:48:52,904 [INFO] CodeEngine:263 - oldGeneratedFile, /Users/pfsldo/Programacao/Microcontroller-based_locking_in_optics_experiments/lcdOnStm32/Core/Src/stm32l4xx_hal_msp.c_save
2025-05-12 13:48:53,046 [INFO] CodeEngine:287 - Generated code: /Users/pfsldo/Programacao/Microcontroller-based_locking_in_optics_experiments/lcdOnStm32/Core/Src/stm32l4xx_hal_msp.c
2025-05-12 13:48:53,048 [INFO] CodeEngine:263 - oldGeneratedFile, /Users/pfsldo/Programacao/Microcontroller-based_locking_in_optics_experiments/lcdOnStm32/MXTmpFiles/system.tmp_save
2025-05-12 13:48:53,103 [INFO] CodeEngine:287 - Generated code: /Users/pfsldo/Programacao/Microcontroller-based_locking_in_optics_experiments/lcdOnStm32/MXTmpFiles/system.tmp
2025-05-12 13:48:53,109 [INFO] CodeEngine:319 - oldGeneratedFile, /Users/pfsldo/Programacao/Microcontroller-based_locking_in_optics_experiments/lcdOnStm32/Core/Inc/stm32l4xx_hal_conf.h_save
2025-05-12 13:48:53,168 [INFO] CodeEngine:343 - Generated code: /Users/pfsldo/Programacao/Microcontroller-based_locking_in_optics_experiments/lcdOnStm32/Core/Inc/stm32l4xx_hal_conf.h
2025-05-12 13:48:53,187 [WARN] IPConfigManager:3747 - IP not found : TIM
2025-05-12 13:48:53,187 [WARN] CodeGenerator:4198 - IP not found : null
2025-05-12 13:48:53,191 [INFO] CodeEngine:263 - oldGeneratedFile, /Users/pfsldo/Programacao/Microcontroller-based_locking_in_optics_experiments/lcdOnStm32/Core/Inc/main.h_save
2025-05-12 13:48:53,267 [INFO] CodeEngine:287 - Generated code: /Users/pfsldo/Programacao/Microcontroller-based_locking_in_optics_experiments/lcdOnStm32/Core/Inc/main.h
2025-05-12 13:48:53,272 [INFO] CodeEngine:263 - oldGeneratedFile, /Users/pfsldo/Programacao/Microcontroller-based_locking_in_optics_experiments/lcdOnStm32/Core/Src/main.c_save
2025-05-12 13:48:53,412 [INFO] CodeEngine:287 - Generated code: /Users/pfsldo/Programacao/Microcontroller-based_locking_in_optics_experiments/lcdOnStm32/Core/Src/main.c
2025-05-12 13:48:54,345 [INFO] ProjectBuilder:3324 - Time for Copy HAL[1] : 380mS.
2025-05-12 13:48:54,391 [INFO] ProjectBuilder:4912 - Project Generator version: 4.6.0-B36
2025-05-12 13:48:54,694 [INFO] ConfigFileManager:1590 - The Die is : DIE464
2025-05-12 13:48:58,393 [INFO] ProjectBuilder:5191 - Time for Generating toolchain IDE Files: 4003mS.
2025-05-12 13:48:58,397 [INFO] ProjectBuilder:3181 - Time for Copy CMSIS : 1mS.
2025-05-12 13:48:58,399 [INFO] ProjectBuilder:3181 - Time for Copy CMSIS : 0mS.
2025-05-12 14:29:25,098 [INFO] Gpio:277 - dependency for GPIO [I2C1, SYS, TIM1, TIM2, USART1]
2025-05-12 14:30:08,483 [INFO] NvicIntPanel:101 - NVIC parent = com.st.microxplorer.plugins.ip.nvic.MultiNvicIntPanel[,2,25,580x176,layout=javax.swing.BoxLayout,alignmentX=0.0,alignmentY=0.0,border=,flags=9,maximumSize=,minimumSize=,preferredSize=]
2025-05-12 14:30:10,257 [INFO] Gpio:277 - dependency for GPIO [I2C1, SYS, TIM1, TIM2, USART1]
2025-05-12 14:30:10,951 [INFO] Gpio:277 - dependency for GPIO [I2C1, SYS, TIM1, TIM2, USART1]
2025-05-12 14:30:11,753 [INFO] Gpio:277 - dependency for GPIO [I2C1, SYS, TIM1, TIM2, USART1]
2025-05-12 14:30:20,303 [INFO] UtilMem:75 - End SaveConfig() Used Memory: 789721680 Bytes (1073741824)
2025-05-12 14:30:22,825 [INFO] UtilMem:75 - End SaveConfig() Used Memory: 866437152 Bytes (1073741824)
2025-05-12 14:30:23,065 [INFO] BlockDiagram:2775 - set Specific Code input for plugin: NVIC
2025-05-12 14:30:23,066 [INFO] BlockDiagram:2775 - set Specific Code input for plugin: USART
2025-05-12 14:30:23,067 [INFO] BlockDiagram:2775 - set Specific Code input for plugin: TIM1_8L4
2025-05-12 14:30:23,068 [INFO] BlockDiagram:2775 - set Specific Code input for plugin: TIM1_8L4
2025-05-12 14:30:23,068 [INFO] BlockDiagram:2775 - set Specific Code input for plugin: SYS
2025-05-12 14:30:23,068 [INFO] BlockDiagram:2775 - set Specific Code input for plugin: GPIO
2025-05-12 14:30:23,069 [INFO] BlockDiagram:2775 - set Specific Code input for plugin: RCC
2025-05-12 14:30:23,069 [INFO] BlockDiagram:2775 - set Specific Code input for plugin: I2C
2025-05-12 14:30:23,070 [INFO] CodeGenerator:882 - code generatio: config db path: /Applications/STM32CubeIDE.app/Contents/Eclipse/plugins/com.st.stm32cube.common.mx_6.14.0.202502271554//db/
2025-05-12 14:30:23,233 [INFO] CodeEngine:263 - oldGeneratedFile, /Users/pfsldo/Programacao/Microcontroller-based_locking_in_optics_experiments/lcdOnStm32/MXTmpFiles/license.tmp_save
2025-05-12 14:30:23,879 [INFO] CodeEngine:287 - Generated code: /Users/pfsldo/Programacao/Microcontroller-based_locking_in_optics_experiments/lcdOnStm32/MXTmpFiles/license.tmp
2025-05-12 14:30:24,005 [INFO] CodeEngine:263 - oldGeneratedFile, /Users/pfsldo/Programacao/Microcontroller-based_locking_in_optics_experiments/lcdOnStm32/MXTmpFiles/gpio.tmp_save
2025-05-12 14:30:24,255 [INFO] CodeEngine:287 - Generated code: /Users/pfsldo/Programacao/Microcontroller-based_locking_in_optics_experiments/lcdOnStm32/MXTmpFiles/gpio.tmp
2025-05-12 14:30:24,722 [INFO] CodeEngine:263 - oldGeneratedFile, /Users/pfsldo/Programacao/Microcontroller-based_locking_in_optics_experiments/lcdOnStm32/Core/Src/stm32l4xx_it.c_save
2025-05-12 14:30:25,093 [INFO] CodeEngine:287 - Generated code: /Users/pfsldo/Programacao/Microcontroller-based_locking_in_optics_experiments/lcdOnStm32/Core/Src/stm32l4xx_it.c
2025-05-12 14:30:25,098 [INFO] CodeEngine:263 - oldGeneratedFile, /Users/pfsldo/Programacao/Microcontroller-based_locking_in_optics_experiments/lcdOnStm32/Core/Inc/stm32l4xx_it.h_save
2025-05-12 14:30:25,206 [INFO] CodeEngine:287 - Generated code: /Users/pfsldo/Programacao/Microcontroller-based_locking_in_optics_experiments/lcdOnStm32/Core/Inc/stm32l4xx_it.h
2025-05-12 14:30:25,223 [INFO] CodeEngine:263 - oldGeneratedFile, /Users/pfsldo/Programacao/Microcontroller-based_locking_in_optics_experiments/lcdOnStm32/Core/Src/stm32l4xx_hal_msp.c_save
2025-05-12 14:30:25,535 [INFO] CodeEngine:287 - Generated code: /Users/pfsldo/Programacao/Microcontroller-based_locking_in_optics_experiments/lcdOnStm32/Core/Src/stm32l4xx_hal_msp.c
2025-05-12 14:30:25,544 [INFO] CodeEngine:263 - oldGeneratedFile, /Users/pfsldo/Programacao/Microcontroller-based_locking_in_optics_experiments/lcdOnStm32/MXTmpFiles/system.tmp_save
2025-05-12 14:30:25,640 [INFO] CodeEngine:287 - Generated code: /Users/pfsldo/Programacao/Microcontroller-based_locking_in_optics_experiments/lcdOnStm32/MXTmpFiles/system.tmp
2025-05-12 14:30:25,651 [INFO] CodeEngine:319 - oldGeneratedFile, /Users/pfsldo/Programacao/Microcontroller-based_locking_in_optics_experiments/lcdOnStm32/Core/Inc/stm32l4xx_hal_conf.h_save
2025-05-12 14:30:25,759 [INFO] CodeEngine:343 - Generated code: /Users/pfsldo/Programacao/Microcontroller-based_locking_in_optics_experiments/lcdOnStm32/Core/Inc/stm32l4xx_hal_conf.h
2025-05-12 14:30:25,790 [WARN] IPConfigManager:3747 - IP not found : TIM
2025-05-12 14:30:25,791 [WARN] CodeGenerator:4198 - IP not found : null
2025-05-12 14:30:25,800 [INFO] CodeEngine:263 - oldGeneratedFile, /Users/pfsldo/Programacao/Microcontroller-based_locking_in_optics_experiments/lcdOnStm32/Core/Inc/main.h_save
2025-05-12 14:30:25,960 [INFO] CodeEngine:287 - Generated code: /Users/pfsldo/Programacao/Microcontroller-based_locking_in_optics_experiments/lcdOnStm32/Core/Inc/main.h
2025-05-12 14:30:25,966 [INFO] CodeEngine:263 - oldGeneratedFile, /Users/pfsldo/Programacao/Microcontroller-based_locking_in_optics_experiments/lcdOnStm32/Core/Src/main.c_save
2025-05-12 14:30:26,152 [INFO] CodeEngine:287 - Generated code: /Users/pfsldo/Programacao/Microcontroller-based_locking_in_optics_experiments/lcdOnStm32/Core/Src/main.c
2025-05-12 14:30:27,004 [INFO] ProjectBuilder:3324 - Time for Copy HAL[1] : 283mS.
2025-05-12 14:30:27,043 [INFO] ProjectBuilder:4912 - Project Generator version: 4.6.0-B36
2025-05-12 14:30:27,371 [INFO] ConfigFileManager:1590 - The Die is : DIE464
2025-05-12 14:30:31,390 [INFO] ProjectBuilder:5191 - Time for Generating toolchain IDE Files: 4343mS.
2025-05-12 14:30:31,394 [INFO] ProjectBuilder:3181 - Time for Copy CMSIS : 0mS.
2025-05-12 14:30:31,399 [INFO] ProjectBuilder:3181 - Time for Copy CMSIS : 0mS.
2025-05-12 14:47:15,019 [INFO] Gpio:277 - dependency for GPIO [I2C1, SYS, TIM1, TIM2, USART1]
2025-05-12 14:49:51,020 [INFO] Gpio:277 - dependency for GPIO [I2C1, SYS, TIM1, TIM2, USART1]
2025-05-12 14:49:51,318 [INFO] NvicIntPanel:101 - NVIC parent = com.st.microxplorer.plugins.ip.nvic.MultiNvicIntPanel[,0,0,0x0,invalid,layout=javax.swing.BoxLayout,alignmentX=0.0,alignmentY=0.0,border=,flags=9,maximumSize=,minimumSize=,preferredSize=]
2025-05-12 14:49:55,771 [INFO] Gpio:277 - dependency for GPIO [I2C1, SYS, TIM1, TIM2, USART1]
2025-05-12 14:49:56,115 [INFO] NvicIntPanel:101 - NVIC parent = com.st.microxplorer.plugins.ip.nvic.MultiNvicIntPanel[,0,0,0x0,invalid,layout=javax.swing.BoxLayout,alignmentX=0.0,alignmentY=0.0,border=,flags=9,maximumSize=,minimumSize=,preferredSize=]
2025-05-12 14:50:43,120 [INFO] Gpio:277 - dependency for GPIO [I2C1, SYS, TIM1, TIM2, USART1]
2025-05-12 14:50:45,309 [INFO] UtilMem:75 - End SaveConfig() Used Memory: 772385936 Bytes (1073741824)
2025-05-12 14:50:47,843 [INFO] UtilMem:75 - End SaveConfig() Used Memory: 850056800 Bytes (1073741824)
2025-05-12 14:50:48,721 [INFO] BlockDiagram:2775 - set Specific Code input for plugin: NVIC
2025-05-12 14:50:48,722 [INFO] BlockDiagram:2775 - set Specific Code input for plugin: USART
2025-05-12 14:50:48,722 [INFO] BlockDiagram:2775 - set Specific Code input for plugin: TIM1_8L4
2025-05-12 14:50:48,722 [INFO] BlockDiagram:2775 - set Specific Code input for plugin: TIM1_8L4
2025-05-12 14:50:48,722 [INFO] BlockDiagram:2775 - set Specific Code input for plugin: SYS
2025-05-12 14:50:48,722 [INFO] BlockDiagram:2775 - set Specific Code input for plugin: GPIO
2025-05-12 14:50:48,722 [INFO] BlockDiagram:2775 - set Specific Code input for plugin: RCC
2025-05-12 14:50:48,722 [INFO] BlockDiagram:2775 - set Specific Code input for plugin: I2C
2025-05-12 14:50:48,725 [INFO] CodeGenerator:882 - code generatio: config db path: /Applications/STM32CubeIDE.app/Contents/Eclipse/plugins/com.st.stm32cube.common.mx_6.14.0.202502271554//db/
2025-05-12 14:50:49,288 [INFO] CodeEngine:263 - oldGeneratedFile, /Users/pfsldo/Programacao/Microcontroller-based_locking_in_optics_experiments/lcdOnStm32/MXTmpFiles/license.tmp_save
2025-05-12 14:50:49,904 [INFO] CodeEngine:287 - Generated code: /Users/pfsldo/Programacao/Microcontroller-based_locking_in_optics_experiments/lcdOnStm32/MXTmpFiles/license.tmp
2025-05-12 14:50:50,017 [INFO] CodeEngine:263 - oldGeneratedFile, /Users/pfsldo/Programacao/Microcontroller-based_locking_in_optics_experiments/lcdOnStm32/MXTmpFiles/gpio.tmp_save
2025-05-12 14:50:50,281 [INFO] CodeEngine:287 - Generated code: /Users/pfsldo/Programacao/Microcontroller-based_locking_in_optics_experiments/lcdOnStm32/MXTmpFiles/gpio.tmp
2025-05-12 14:50:50,949 [INFO] CodeEngine:263 - oldGeneratedFile, /Users/pfsldo/Programacao/Microcontroller-based_locking_in_optics_experiments/lcdOnStm32/Core/Src/stm32l4xx_it.c_save
2025-05-12 14:50:51,553 [INFO] CodeEngine:287 - Generated code: /Users/pfsldo/Programacao/Microcontroller-based_locking_in_optics_experiments/lcdOnStm32/Core/Src/stm32l4xx_it.c
2025-05-12 14:50:51,564 [INFO] CodeEngine:263 - oldGeneratedFile, /Users/pfsldo/Programacao/Microcontroller-based_locking_in_optics_experiments/lcdOnStm32/Core/Inc/stm32l4xx_it.h_save
2025-05-12 14:50:51,730 [INFO] CodeEngine:287 - Generated code: /Users/pfsldo/Programacao/Microcontroller-based_locking_in_optics_experiments/lcdOnStm32/Core/Inc/stm32l4xx_it.h
2025-05-12 14:50:51,744 [INFO] CodeEngine:263 - oldGeneratedFile, /Users/pfsldo/Programacao/Microcontroller-based_locking_in_optics_experiments/lcdOnStm32/Core/Src/stm32l4xx_hal_msp.c_save
2025-05-12 14:50:52,205 [INFO] CodeEngine:287 - Generated code: /Users/pfsldo/Programacao/Microcontroller-based_locking_in_optics_experiments/lcdOnStm32/Core/Src/stm32l4xx_hal_msp.c
2025-05-12 14:50:52,285 [INFO] CodeEngine:263 - oldGeneratedFile, /Users/pfsldo/Programacao/Microcontroller-based_locking_in_optics_experiments/lcdOnStm32/MXTmpFiles/system.tmp_save
2025-05-12 14:50:52,419 [INFO] CodeEngine:287 - Generated code: /Users/pfsldo/Programacao/Microcontroller-based_locking_in_optics_experiments/lcdOnStm32/MXTmpFiles/system.tmp
2025-05-12 14:50:52,430 [INFO] CodeEngine:319 - oldGeneratedFile, /Users/pfsldo/Programacao/Microcontroller-based_locking_in_optics_experiments/lcdOnStm32/Core/Inc/stm32l4xx_hal_conf.h_save
2025-05-12 14:50:52,555 [INFO] CodeEngine:343 - Generated code: /Users/pfsldo/Programacao/Microcontroller-based_locking_in_optics_experiments/lcdOnStm32/Core/Inc/stm32l4xx_hal_conf.h
2025-05-12 14:50:52,615 [WARN] IPConfigManager:3747 - IP not found : TIM
2025-05-12 14:50:52,616 [WARN] CodeGenerator:4198 - IP not found : null
2025-05-12 14:50:52,627 [INFO] CodeEngine:263 - oldGeneratedFile, /Users/pfsldo/Programacao/Microcontroller-based_locking_in_optics_experiments/lcdOnStm32/Core/Inc/main.h_save
2025-05-12 14:50:52,836 [INFO] CodeEngine:287 - Generated code: /Users/pfsldo/Programacao/Microcontroller-based_locking_in_optics_experiments/lcdOnStm32/Core/Inc/main.h
2025-05-12 14:50:52,847 [INFO] CodeEngine:263 - oldGeneratedFile, /Users/pfsldo/Programacao/Microcontroller-based_locking_in_optics_experiments/lcdOnStm32/Core/Src/main.c_save
2025-05-12 14:50:53,055 [INFO] CodeEngine:287 - Generated code: /Users/pfsldo/Programacao/Microcontroller-based_locking_in_optics_experiments/lcdOnStm32/Core/Src/main.c
2025-05-12 14:50:55,046 [INFO] ProjectBuilder:3324 - Time for Copy HAL[1] : 104mS.
2025-05-12 14:50:55,072 [INFO] ProjectBuilder:4912 - Project Generator version: 4.6.0-B36
2025-05-12 14:50:55,336 [INFO] ConfigFileManager:1590 - The Die is : DIE464
2025-05-12 14:51:01,944 [INFO] ProjectBuilder:5191 - Time for Generating toolchain IDE Files: 6844mS.
2025-05-12 14:51:01,970 [INFO] ProjectBuilder:3181 - Time for Copy CMSIS : 4mS.
2025-05-12 14:51:01,977 [INFO] ProjectBuilder:3181 - Time for Copy CMSIS : 0mS.
2025-05-12 15:53:15,207 [INFO] Gpio:277 - dependency for GPIO [I2C1, SYS, TIM1, TIM2, USART1]
2025-05-12 15:53:15,601 [INFO] NvicIntPanel:101 - NVIC parent = com.st.microxplorer.plugins.ip.nvic.MultiNvicIntPanel[,0,0,0x0,invalid,layout=javax.swing.BoxLayout,alignmentX=0.0,alignmentY=0.0,border=,flags=9,maximumSize=,minimumSize=,preferredSize=]
2025-05-12 15:53:15,901 [INFO] I2cTimingTraitement:330 - 0x00100D14
2025-05-12 15:55:09,819 [INFO] Gpio:277 - dependency for GPIO [I2C1, SYS, TIM1, TIM2, USART1]
2025-05-12 15:55:10,113 [INFO] NvicIntPanel:101 - NVIC parent = com.st.microxplorer.plugins.ip.nvic.MultiNvicIntPanel[,0,0,0x0,invalid,layout=javax.swing.BoxLayout,alignmentX=0.0,alignmentY=0.0,border=,flags=9,maximumSize=,minimumSize=,preferredSize=]
2025-05-12 15:56:01,441 [INFO] ParamManager:896 - [Generic UI] PropertyChangeEvent: TAB_STATUS_CHANGED , "dont care", "never mind"
2025-05-12 15:56:01,486 [INFO] ADCParametersView:116 -                Rank 1 : false
2025-05-12 15:56:01,490 [INFO] ADCParametersView:116 -                Rank 1 : false
2025-05-12 15:56:01,492 [INFO] ADCParametersView:116 -                Rank 1 : false
2025-05-12 15:56:01,496 [INFO] ADCParametersView:116 -                Rank 1 : false
2025-05-12 15:56:01,496 [INFO] ADCParametersView:116 -                Rank 1 : false
2025-05-12 15:56:01,497 [INFO] ADCParametersView:116 -                Rank 1 : false
2025-05-12 15:56:01,498 [INFO] ADCParametersView:116 -                Rank 1 : false
2025-05-12 15:56:01,499 [INFO] ADCParametersView:116 -                Rank 1 : false
2025-05-12 15:56:01,501 [INFO] ADCParametersView:116 -                Rank 1 : false
2025-05-12 15:56:01,503 [INFO] ADCParametersView:116 -                Rank 1 : false
2025-05-12 15:56:01,506 [INFO] ADCParametersView:116 -                Rank 1 : false
2025-05-12 15:56:01,508 [INFO] ADCParametersView:116 -                Rank 1 : false
2025-05-12 15:56:01,510 [INFO] ADCParametersView:116 -                Rank 1 : false
2025-05-12 15:56:01,511 [INFO] ADCParametersView:116 -                Rank 1 : false
2025-05-12 15:56:01,511 [INFO] ADCParametersView:116 -                Rank 1 : false
2025-05-12 15:56:01,512 [INFO] ADCParametersView:116 -                Rank 1 : false
2025-05-12 15:56:01,513 [INFO] ADCParametersView:116 -                Rank 1 : false
2025-05-12 15:56:01,513 [INFO] ADCParametersView:116 -                Rank 1 : false
2025-05-12 15:56:01,514 [INFO] ADCParametersView:116 -                Rank 1 : false
2025-05-12 15:56:01,514 [INFO] ADCParametersView:116 -                Rank 1 : false
2025-05-12 15:56:01,531 [INFO] ParamManager:896 - [Generic UI] PropertyChangeEvent: TAB_STATUS_CHANGED , "dont care", "never mind"
2025-05-12 15:56:01,616 [INFO] ADCParametersView:116 -                Rank 1 : false
2025-05-12 15:56:01,840 [INFO] ADCParametersView:116 -                Rank 1 : false
2025-05-12 15:56:01,841 [INFO] ADCParametersView:116 -                Rank 1 : false
2025-05-12 15:56:01,841 [INFO] ADCParametersView:116 -                Rank 1 : false
2025-05-12 15:56:01,841 [INFO] ADCParametersView:116 -                Rank 1 : false
2025-05-12 15:56:01,842 [INFO] ADCParametersView:116 -                Rank 1 : false
2025-05-12 15:56:01,843 [INFO] ADCParametersView:116 -                Rank 1 : false
2025-05-12 15:56:01,847 [INFO] ADCParametersView:116 -                Rank 1 : false
2025-05-12 15:56:01,848 [INFO] ADCParametersView:116 -                Rank 1 : false
2025-05-12 15:56:01,848 [INFO] ADCParametersView:116 -                Rank 1 : false
2025-05-12 15:56:01,848 [INFO] ADCParametersView:116 -                Rank 1 : false
2025-05-12 15:56:01,849 [INFO] ADCParametersView:116 -                Rank 1 : false
2025-05-12 15:56:01,849 [INFO] ADCParametersView:116 -                Rank 1 : false
2025-05-12 15:56:01,849 [INFO] ADCParametersView:116 -                Rank 1 : false
2025-05-12 15:56:01,849 [INFO] ADCParametersView:116 -                Rank 1 : false
2025-05-12 15:56:01,850 [INFO] ADCParametersView:116 -                Rank 1 : false
2025-05-12 15:56:01,851 [INFO] ADCParametersView:116 -                Rank 1 : false
2025-05-12 15:56:01,851 [INFO] ADCParametersView:116 -                Rank 1 : false
2025-05-12 15:56:01,855 [INFO] ADCParametersView:116 -                Rank 1 : false
2025-05-12 15:56:01,859 [INFO] ADCParametersView:116 -                Rank 1 : false
2025-05-12 15:56:01,866 [INFO] ADCParametersView:116 -                Rank 1 : false
2025-05-12 15:56:01,896 [INFO] ADCParametersView:116 -                Rank 1 : false
2025-05-12 15:56:02,156 [INFO] NvicIntPanel:101 - NVIC parent = com.st.microxplorer.plugins.ip.nvic.MultiNvicIntPanel[,0,0,0x0,invalid,layout=javax.swing.BoxLayout,alignmentX=0.0,alignmentY=0.0,border=,flags=9,maximumSize=,minimumSize=,preferredSize=]
2025-05-12 15:56:02,322 [INFO] NvicIntPanel:101 - NVIC parent = com.st.microxplorer.plugins.ip.nvic.MultiNvicIntPanel[,0,0,0x0,invalid,layout=javax.swing.BoxLayout,alignmentX=0.0,alignmentY=0.0,border=,flags=9,maximumSize=,minimumSize=,preferredSize=]
2025-05-12 15:56:02,532 [INFO] NvicIntPanel:101 - NVIC parent = com.st.microxplorer.plugins.ip.nvic.MultiNvicIntPanel[,0,0,0x0,invalid,layout=javax.swing.BoxLayout,alignmentX=0.0,alignmentY=0.0,border=,flags=9,maximumSize=,minimumSize=,preferredSize=]
2025-05-12 15:56:02,625 [INFO] ADCParametersView:116 -                Rank 1 : false
2025-05-12 15:56:02,627 [INFO] ADCParametersView:116 -                Rank 1 : false
2025-05-12 15:56:02,629 [INFO] ADCParametersView:116 -                Rank 1 : false
2025-05-12 15:56:02,631 [INFO] ADCParametersView:116 -                Rank 1 : false
2025-05-12 15:56:02,632 [INFO] ADCParametersView:116 -                Rank 1 : false
2025-05-12 15:56:02,634 [INFO] ADCParametersView:116 -                Rank 1 : false
2025-05-12 15:56:02,635 [INFO] ADCParametersView:116 -                Rank 1 : false
2025-05-12 15:56:02,635 [INFO] ADCParametersView:116 -                Rank 1 : false
2025-05-12 15:56:02,636 [INFO] ADCParametersView:116 -                Rank 1 : false
2025-05-12 15:56:02,636 [INFO] ADCParametersView:116 -                Rank 1 : false
2025-05-12 15:56:02,636 [INFO] ADCParametersView:116 -                Rank 1 : false
2025-05-12 15:56:02,637 [INFO] ADCParametersView:116 -                Rank 1 : false
2025-05-12 15:56:02,637 [INFO] ADCParametersView:116 -                Rank 1 : false
2025-05-12 15:56:02,637 [INFO] ADCParametersView:116 -                Rank 1 : false
2025-05-12 15:56:02,637 [INFO] ADCParametersView:116 -                Rank 1 : false
2025-05-12 15:56:02,638 [INFO] ADCParametersView:116 -                Rank 1 : false
2025-05-12 15:56:02,638 [INFO] ADCParametersView:116 -                Rank 1 : false
2025-05-12 15:56:02,638 [INFO] ADCParametersView:116 -                Rank 1 : false
2025-05-12 15:56:02,638 [INFO] ADCParametersView:116 -                Rank 1 : false
2025-05-12 15:56:02,639 [INFO] ADCParametersView:116 -                Rank 1 : false
2025-05-12 15:56:02,681 [INFO] ADCParametersView:116 -                Rank 1 : false
2025-05-12 15:56:02,747 [INFO] ADCParametersView:116 -                Rank 1 : false
2025-05-12 15:56:02,748 [INFO] ADCParametersView:116 -                Rank 1 : false
2025-05-12 15:56:02,749 [INFO] ADCParametersView:116 -                Rank 1 : false
2025-05-12 15:56:02,749 [INFO] ADCParametersView:116 -                Rank 1 : false
2025-05-12 15:56:02,750 [INFO] ADCParametersView:116 -                Rank 1 : false
2025-05-12 15:56:02,750 [INFO] ADCParametersView:116 -                Rank 1 : false
2025-05-12 15:56:02,750 [INFO] ADCParametersView:116 -                Rank 1 : false
2025-05-12 15:56:02,751 [INFO] ADCParametersView:116 -                Rank 1 : false
2025-05-12 15:56:02,751 [INFO] ADCParametersView:116 -                Rank 1 : false
2025-05-12 15:56:02,751 [INFO] ADCParametersView:116 -                Rank 1 : false
2025-05-12 15:56:02,751 [INFO] ADCParametersView:116 -                Rank 1 : false
2025-05-12 15:56:02,751 [INFO] ADCParametersView:116 -                Rank 1 : false
2025-05-12 15:56:02,752 [INFO] ADCParametersView:116 -                Rank 1 : false
2025-05-12 15:56:02,752 [INFO] ADCParametersView:116 -                Rank 1 : false
2025-05-12 15:56:02,752 [INFO] ADCParametersView:116 -                Rank 1 : false
2025-05-12 15:56:02,753 [INFO] ADCParametersView:116 -                Rank 1 : false
2025-05-12 15:56:02,753 [INFO] ADCParametersView:116 -                Rank 1 : false
2025-05-12 15:56:02,753 [INFO] ADCParametersView:116 -                Rank 1 : false
2025-05-12 15:56:02,753 [INFO] ADCParametersView:116 -                Rank 1 : false
2025-05-12 15:56:02,754 [INFO] ADCParametersView:116 -                Rank 1 : false
2025-05-12 15:56:02,796 [INFO] ADCParametersView:116 -                Rank 1 : false
2025-05-12 15:56:24,289 [INFO] UtilMem:75 - End SaveConfig() Used Memory: 899631888 Bytes (1073741824)
2025-05-12 15:56:26,772 [INFO] UtilMem:75 - End SaveConfig() Used Memory: 715920760 Bytes (1073741824)
2025-05-12 15:56:28,983 [INFO] BlockDiagram:2775 - set Specific Code input for plugin: NVIC
2025-05-12 15:56:29,009 [INFO] BlockDiagram:2775 - set Specific Code input for plugin: USART
2025-05-12 15:56:29,021 [INFO] BlockDiagram:2775 - set Specific Code input for plugin: TIM1_8L4
2025-05-12 15:56:29,025 [INFO] BlockDiagram:2775 - set Specific Code input for plugin: TIM1_8L4
2025-05-12 15:56:29,029 [INFO] BlockDiagram:2775 - set Specific Code input for plugin: SYS
2025-05-12 15:56:29,034 [INFO] BlockDiagram:2775 - set Specific Code input for plugin: GPIO
2025-05-12 15:56:29,036 [INFO] BlockDiagram:2775 - set Specific Code input for plugin: ADC
2025-05-12 15:56:29,038 [INFO] BlockDiagram:2775 - set Specific Code input for plugin: RCC
2025-05-12 15:56:29,038 [INFO] BlockDiagram:2775 - set Specific Code input for plugin: I2C
2025-05-12 15:56:29,043 [INFO] CodeGenerator:882 - code generatio: config db path: /Applications/STM32CubeIDE.app/Contents/Eclipse/plugins/com.st.stm32cube.common.mx_6.14.0.202502271554//db/
2025-05-12 15:56:29,290 [INFO] CodeEngine:263 - oldGeneratedFile, /Users/pfsldo/Programacao/Microcontroller-based_locking_in_optics_experiments/lcdOnStm32/MXTmpFiles/license.tmp_save
2025-05-12 15:56:29,852 [INFO] CodeEngine:287 - Generated code: /Users/pfsldo/Programacao/Microcontroller-based_locking_in_optics_experiments/lcdOnStm32/MXTmpFiles/license.tmp
2025-05-12 15:56:29,977 [INFO] CodeEngine:263 - oldGeneratedFile, /Users/pfsldo/Programacao/Microcontroller-based_locking_in_optics_experiments/lcdOnStm32/MXTmpFiles/gpio.tmp_save
2025-05-12 15:56:30,232 [INFO] CodeEngine:287 - Generated code: /Users/pfsldo/Programacao/Microcontroller-based_locking_in_optics_experiments/lcdOnStm32/MXTmpFiles/gpio.tmp
2025-05-12 15:56:30,744 [INFO] CodeEngine:263 - oldGeneratedFile, /Users/pfsldo/Programacao/Microcontroller-based_locking_in_optics_experiments/lcdOnStm32/Core/Src/stm32l4xx_it.c_save
2025-05-12 15:56:31,096 [INFO] CodeEngine:287 - Generated code: /Users/pfsldo/Programacao/Microcontroller-based_locking_in_optics_experiments/lcdOnStm32/Core/Src/stm32l4xx_it.c
2025-05-12 15:56:31,099 [INFO] CodeEngine:263 - oldGeneratedFile, /Users/pfsldo/Programacao/Microcontroller-based_locking_in_optics_experiments/lcdOnStm32/Core/Inc/stm32l4xx_it.h_save
2025-05-12 15:56:31,201 [INFO] CodeEngine:287 - Generated code: /Users/pfsldo/Programacao/Microcontroller-based_locking_in_optics_experiments/lcdOnStm32/Core/Inc/stm32l4xx_it.h
2025-05-12 15:56:31,223 [INFO] CodeEngine:263 - oldGeneratedFile, /Users/pfsldo/Programacao/Microcontroller-based_locking_in_optics_experiments/lcdOnStm32/Core/Src/stm32l4xx_hal_msp.c_save
2025-05-12 15:56:31,550 [INFO] CodeEngine:287 - Generated code: /Users/pfsldo/Programacao/Microcontroller-based_locking_in_optics_experiments/lcdOnStm32/Core/Src/stm32l4xx_hal_msp.c
2025-05-12 15:56:31,552 [INFO] CodeEngine:263 - oldGeneratedFile, /Users/pfsldo/Programacao/Microcontroller-based_locking_in_optics_experiments/lcdOnStm32/MXTmpFiles/system.tmp_save
2025-05-12 15:56:31,659 [INFO] CodeEngine:287 - Generated code: /Users/pfsldo/Programacao/Microcontroller-based_locking_in_optics_experiments/lcdOnStm32/MXTmpFiles/system.tmp
2025-05-12 15:56:31,672 [INFO] CodeEngine:319 - oldGeneratedFile, /Users/pfsldo/Programacao/Microcontroller-based_locking_in_optics_experiments/lcdOnStm32/Core/Inc/stm32l4xx_hal_conf.h_save
2025-05-12 15:56:31,785 [INFO] CodeEngine:343 - Generated code: /Users/pfsldo/Programacao/Microcontroller-based_locking_in_optics_experiments/lcdOnStm32/Core/Inc/stm32l4xx_hal_conf.h
2025-05-12 15:56:31,823 [WARN] IPConfigManager:3747 - IP not found : TIM
2025-05-12 15:56:31,823 [WARN] CodeGenerator:4198 - IP not found : null
2025-05-12 15:56:31,827 [INFO] CodeEngine:263 - oldGeneratedFile, /Users/pfsldo/Programacao/Microcontroller-based_locking_in_optics_experiments/lcdOnStm32/Core/Inc/main.h_save
2025-05-12 15:56:31,992 [INFO] CodeEngine:287 - Generated code: /Users/pfsldo/Programacao/Microcontroller-based_locking_in_optics_experiments/lcdOnStm32/Core/Inc/main.h
2025-05-12 15:56:31,995 [INFO] CodeEngine:263 - oldGeneratedFile, /Users/pfsldo/Programacao/Microcontroller-based_locking_in_optics_experiments/lcdOnStm32/Core/Src/main.c_save
2025-05-12 15:56:32,202 [INFO] CodeEngine:287 - Generated code: /Users/pfsldo/Programacao/Microcontroller-based_locking_in_optics_experiments/lcdOnStm32/Core/Src/main.c
2025-05-12 15:56:33,399 [INFO] ProjectBuilder:3324 - Time for Copy HAL[1] : 105mS.
2025-05-12 15:56:33,431 [INFO] ProjectBuilder:4912 - Project Generator version: 4.6.0-B36
2025-05-12 15:56:33,782 [INFO] ConfigFileManager:1590 - The Die is : DIE464
2025-05-12 15:56:37,570 [INFO] ProjectBuilder:5191 - Time for Generating toolchain IDE Files: 4138mS.
2025-05-12 15:56:37,580 [INFO] ProjectBuilder:3181 - Time for Copy CMSIS : 3mS.
2025-05-12 15:56:38,109 [INFO] ProjectBuilder:3181 - Time for Copy CMSIS : 39mS.
2025-05-12 15:57:20,581 [INFO] ADCParametersView:116 -                Rank 1 : false
2025-05-12 15:57:20,599 [INFO] ADCParametersView:116 -                Rank 1 : false
2025-05-12 15:57:20,603 [INFO] ADCParametersView:116 -                Rank 1 : false
2025-05-12 15:57:20,603 [INFO] ADCParametersView:116 -                Rank 1 : false
2025-05-12 15:57:20,604 [INFO] ADCParametersView:116 -                Rank 1 : false
2025-05-12 15:57:20,604 [INFO] ADCParametersView:116 -                Rank 1 : false
2025-05-12 15:57:20,604 [INFO] ADCParametersView:116 -                Rank 1 : false
2025-05-12 15:57:20,604 [INFO] ADCParametersView:116 -                Rank 1 : false
2025-05-12 15:57:20,605 [INFO] ADCParametersView:116 -                Rank 1 : false
2025-05-12 15:57:20,605 [INFO] ADCParametersView:116 -                Rank 1 : false
2025-05-12 15:57:20,605 [INFO] ADCParametersView:116 -                Rank 1 : false
2025-05-12 15:57:20,605 [INFO] ADCParametersView:116 -                Rank 1 : false
2025-05-12 15:57:20,606 [INFO] ADCParametersView:116 -                Rank 1 : false
2025-05-12 15:57:20,606 [INFO] ADCParametersView:116 -                Rank 1 : false
2025-05-12 15:57:20,606 [INFO] ADCParametersView:116 -                Rank 1 : false
2025-05-12 15:57:20,606 [INFO] ADCParametersView:116 -                Rank 1 : false
2025-05-12 15:57:20,606 [INFO] ADCParametersView:116 -                Rank 1 : false
2025-05-12 15:57:20,606 [INFO] ADCParametersView:116 -                Rank 1 : false
2025-05-12 15:57:20,606 [INFO] ADCParametersView:116 -                Rank 1 : false
2025-05-12 15:57:20,607 [INFO] ADCParametersView:116 -                Rank 1 : false
2025-05-12 15:57:20,786 [INFO] ADCParametersView:116 -                Rank 1 : false
2025-05-12 16:10:51,706 [INFO] UtilMem:75 - End SaveConfig() Used Memory: 985440216 Bytes (1073741824)
2025-05-12 16:10:54,309 [INFO] BlockDiagram:2775 - set Specific Code input for plugin: NVIC
2025-05-12 16:10:54,312 [INFO] BlockDiagram:2775 - set Specific Code input for plugin: USART
2025-05-12 16:10:54,312 [INFO] BlockDiagram:2775 - set Specific Code input for plugin: TIM1_8L4
2025-05-12 16:10:54,313 [INFO] BlockDiagram:2775 - set Specific Code input for plugin: TIM1_8L4
2025-05-12 16:10:54,313 [INFO] BlockDiagram:2775 - set Specific Code input for plugin: SYS
2025-05-12 16:10:54,317 [INFO] BlockDiagram:2775 - set Specific Code input for plugin: GPIO
2025-05-12 16:10:54,317 [INFO] BlockDiagram:2775 - set Specific Code input for plugin: ADC
2025-05-12 16:10:54,319 [INFO] BlockDiagram:2775 - set Specific Code input for plugin: RCC
2025-05-12 16:10:54,319 [INFO] BlockDiagram:2775 - set Specific Code input for plugin: I2C
2025-05-12 16:10:54,321 [INFO] CodeGenerator:882 - code generatio: config db path: /Applications/STM32CubeIDE.app/Contents/Eclipse/plugins/com.st.stm32cube.common.mx_6.14.0.202502271554//db/
2025-05-12 16:10:54,812 [INFO] CodeEngine:263 - oldGeneratedFile, /Users/pfsldo/Programacao/Microcontroller-based_locking_in_optics_experiments/lcdOnStm32/MXTmpFiles/license.tmp_save
2025-05-12 16:10:55,564 [INFO] CodeEngine:287 - Generated code: /Users/pfsldo/Programacao/Microcontroller-based_locking_in_optics_experiments/lcdOnStm32/MXTmpFiles/license.tmp
2025-05-12 16:10:55,785 [INFO] CodeEngine:263 - oldGeneratedFile, /Users/pfsldo/Programacao/Microcontroller-based_locking_in_optics_experiments/lcdOnStm32/MXTmpFiles/gpio.tmp_save
2025-05-12 16:10:56,047 [INFO] CodeEngine:287 - Generated code: /Users/pfsldo/Programacao/Microcontroller-based_locking_in_optics_experiments/lcdOnStm32/MXTmpFiles/gpio.tmp
2025-05-12 16:10:56,716 [INFO] CodeEngine:263 - oldGeneratedFile, /Users/pfsldo/Programacao/Microcontroller-based_locking_in_optics_experiments/lcdOnStm32/Core/Src/stm32l4xx_it.c_save
2025-05-12 16:10:57,075 [INFO] CodeEngine:287 - Generated code: /Users/pfsldo/Programacao/Microcontroller-based_locking_in_optics_experiments/lcdOnStm32/Core/Src/stm32l4xx_it.c
2025-05-12 16:10:57,079 [INFO] CodeEngine:263 - oldGeneratedFile, /Users/pfsldo/Programacao/Microcontroller-based_locking_in_optics_experiments/lcdOnStm32/Core/Inc/stm32l4xx_it.h_save
2025-05-12 16:10:57,210 [INFO] CodeEngine:287 - Generated code: /Users/pfsldo/Programacao/Microcontroller-based_locking_in_optics_experiments/lcdOnStm32/Core/Inc/stm32l4xx_it.h
2025-05-12 16:10:57,224 [INFO] CodeEngine:263 - oldGeneratedFile, /Users/pfsldo/Programacao/Microcontroller-based_locking_in_optics_experiments/lcdOnStm32/Core/Src/stm32l4xx_hal_msp.c_save
2025-05-12 16:10:57,506 [INFO] CodeEngine:287 - Generated code: /Users/pfsldo/Programacao/Microcontroller-based_locking_in_optics_experiments/lcdOnStm32/Core/Src/stm32l4xx_hal_msp.c
2025-05-12 16:10:57,509 [INFO] CodeEngine:263 - oldGeneratedFile, /Users/pfsldo/Programacao/Microcontroller-based_locking_in_optics_experiments/lcdOnStm32/MXTmpFiles/system.tmp_save
2025-05-12 16:10:57,622 [INFO] CodeEngine:287 - Generated code: /Users/pfsldo/Programacao/Microcontroller-based_locking_in_optics_experiments/lcdOnStm32/MXTmpFiles/system.tmp
2025-05-12 16:10:57,634 [INFO] CodeEngine:319 - oldGeneratedFile, /Users/pfsldo/Programacao/Microcontroller-based_locking_in_optics_experiments/lcdOnStm32/Core/Inc/stm32l4xx_hal_conf.h_save
2025-05-12 16:10:57,742 [INFO] CodeEngine:343 - Generated code: /Users/pfsldo/Programacao/Microcontroller-based_locking_in_optics_experiments/lcdOnStm32/Core/Inc/stm32l4xx_hal_conf.h
2025-05-12 16:10:57,777 [WARN] IPConfigManager:3747 - IP not found : TIM
2025-05-12 16:10:57,778 [WARN] CodeGenerator:4198 - IP not found : null
2025-05-12 16:10:57,785 [INFO] CodeEngine:263 - oldGeneratedFile, /Users/pfsldo/Programacao/Microcontroller-based_locking_in_optics_experiments/lcdOnStm32/Core/Inc/main.h_save
2025-05-12 16:10:57,950 [INFO] CodeEngine:287 - Generated code: /Users/pfsldo/Programacao/Microcontroller-based_locking_in_optics_experiments/lcdOnStm32/Core/Inc/main.h
2025-05-12 16:10:57,953 [INFO] CodeEngine:263 - oldGeneratedFile, /Users/pfsldo/Programacao/Microcontroller-based_locking_in_optics_experiments/lcdOnStm32/Core/Src/main.c_save
2025-05-12 16:10:58,142 [INFO] CodeEngine:287 - Generated code: /Users/pfsldo/Programacao/Microcontroller-based_locking_in_optics_experiments/lcdOnStm32/Core/Src/main.c
2025-05-12 16:10:58,733 [INFO] ProjectBuilder:3324 - Time for Copy HAL[1] : 123mS.
2025-05-12 16:10:59,059 [INFO] ProjectBuilder:4912 - Project Generator version: 4.6.0-B36
2025-05-12 16:10:59,437 [INFO] ConfigFileManager:1590 - The Die is : DIE464
2025-05-12 16:11:04,203 [INFO] ProjectBuilder:5191 - Time for Generating toolchain IDE Files: 5157mS.
2025-05-12 16:11:04,207 [INFO] ProjectBuilder:3181 - Time for Copy CMSIS : 1mS.
2025-05-12 16:11:04,212 [INFO] ProjectBuilder:3181 - Time for Copy CMSIS : 0mS.
2025-05-12 17:36:23,936 [INFO] WebApp:194 - Connection lost
2025-05-12 17:36:26,133 [INFO] WebApp:191 - Connection restablished
2025-05-12 17:36:30,963 [INFO] WebApp:194 - Connection lost
2025-05-12 17:36:32,348 [INFO] WebApp:191 - Connection restablished
2025-05-12 17:52:48,683 [INFO] WebApp:194 - Connection lost
2025-05-12 17:52:50,149 [INFO] WebApp:191 - Connection restablished
2025-05-12 17:52:55,125 [INFO] WebApp:194 - Connection lost
2025-05-12 17:52:58,531 [INFO] WebApp:191 - Connection restablished
2025-05-12 18:09:24,648 [INFO] WebApp:194 - Connection lost
2025-05-12 18:09:25,286 [INFO] WebApp:191 - Connection restablished
2025-05-12 18:09:31,348 [INFO] WebApp:194 - Connection lost
2025-05-12 18:09:34,075 [INFO] WebApp:191 - Connection restablished
2025-05-12 18:10:06,388 [INFO] WebApp:194 - Connection lost
2025-05-12 18:10:07,101 [INFO] WebApp:191 - Connection restablished
2025-05-12 18:26:35,370 [INFO] WebApp:194 - Connection lost
2025-05-12 18:26:35,875 [INFO] WebApp:191 - Connection restablished
2025-05-12 18:26:42,066 [INFO] WebApp:194 - Connection lost
2025-05-12 18:26:51,363 [INFO] WebApp:191 - Connection restablished
2025-05-12 18:26:56,144 [INFO] WebApp:194 - Connection lost
2025-05-12 18:26:56,617 [INFO] WebApp:191 - Connection restablished
2025-05-12 18:42:05,038 [INFO] WebApp:194 - Connection lost
2025-05-12 18:42:05,080 [INFO] WebApp:191 - Connection restablished
2025-05-12 18:42:06,950 [INFO] WebApp:194 - Connection lost
2025-05-12 18:42:08,911 [INFO] WebApp:191 - Connection restablished
2025-05-12 18:42:10,538 [INFO] WebApp:194 - Connection lost
2025-05-12 18:42:13,508 [INFO] WebApp:191 - Connection restablished
2025-05-12 19:00:30,058 [INFO] WebApp:194 - Connection lost
2025-05-12 19:00:38,129 [INFO] WebApp:191 - Connection restablished
2025-05-12 19:00:38,506 [INFO] WebApp:194 - Connection lost
2025-05-12 19:00:38,968 [INFO] WebApp:191 - Connection restablished
2025-05-12 19:16:11,792 [INFO] WebApp:194 - Connection lost
2025-05-12 19:16:12,373 [INFO] WebApp:191 - Connection restablished
2025-05-12 19:21:06,321 [INFO] WebApp:194 - Connection lost
2025-05-12 19:21:07,802 [INFO] WebApp:191 - Connection restablished
2025-05-12 19:21:10,948 [INFO] WebApp:194 - Connection lost
2025-05-12 19:21:11,748 [INFO] WebApp:191 - Connection restablished
2025-05-12 19:23:12,449 [INFO] WebApp:194 - Connection lost
2025-05-12 19:23:12,966 [INFO] WebApp:191 - Connection restablished
2025-05-12 19:38:48,965 [INFO] WebApp:194 - Connection lost
2025-05-12 19:38:49,549 [INFO] WebApp:191 - Connection restablished
2025-05-12 19:43:12,773 [INFO] WebApp:194 - Connection lost
2025-05-12 19:43:13,156 [INFO] WebApp:191 - Connection restablished
2025-05-12 19:44:58,988 [INFO] WebApp:194 - Connection lost
2025-05-12 19:45:01,159 [INFO] WebApp:191 - Connection restablished
2025-05-12 20:00:32,989 [INFO] WebApp:194 - Connection lost
2025-05-12 20:00:34,979 [INFO] WebApp:191 - Connection restablished
2025-05-12 20:16:51,723 [INFO] WebApp:194 - Connection lost
2025-05-12 20:16:54,394 [INFO] WebApp:191 - Connection restablished
2025-05-12 20:22:07,520 [INFO] WebApp:194 - Connection lost
2025-05-12 20:22:08,779 [INFO] WebApp:191 - Connection restablished
2025-05-12 20:38:20,429 [INFO] WebApp:194 - Connection lost
2025-05-12 20:38:20,887 [INFO] WebApp:191 - Connection restablished
2025-05-12 20:47:07,346 [INFO] WebApp:194 - Connection lost
2025-05-12 20:47:11,560 [INFO] WebApp:191 - Connection restablished
2025-05-12 22:25:19,256 [INFO] WebApp:194 - Connection lost
2025-05-12 22:25:20,574 [INFO] WebApp:191 - Connection restablished
2025-05-12 22:25:45,939 [INFO] WebApp:194 - Connection lost
2025-05-12 22:25:46,930 [INFO] WebApp:191 - Connection restablished
2025-05-12 22:26:34,366 [INFO] WebApp:194 - Connection lost
2025-05-12 22:26:35,065 [INFO] WebApp:191 - Connection restablished
2025-05-12 22:26:36,728 [INFO] WebApp:194 - Connection lost
2025-05-12 22:26:37,935 [INFO] WebApp:191 - Connection restablished
2025-05-12 22:26:46,796 [INFO] WebApp:194 - Connection lost
2025-05-12 22:26:47,613 [INFO] WebApp:191 - Connection restablished
2025-05-12 22:27:14,422 [INFO] WebApp:194 - Connection lost
2025-05-12 22:27:14,823 [INFO] WebApp:191 - Connection restablished
2025-05-12 22:27:40,508 [INFO] WebApp:194 - Connection lost
2025-05-12 22:27:40,966 [INFO] WebApp:191 - Connection restablished
2025-05-12 22:29:00,023 [INFO] WebApp:194 - Connection lost
2025-05-12 22:29:01,512 [INFO] WebApp:191 - Connection restablished
2025-05-12 22:29:13,566 [INFO] WebApp:194 - Connection lost
2025-05-12 22:29:15,174 [INFO] WebApp:191 - Connection restablished
2025-05-12 22:29:16,546 [INFO] WebApp:194 - Connection lost
2025-05-12 22:29:17,345 [INFO] WebApp:191 - Connection restablished
2025-05-12 22:30:40,621 [INFO] WebApp:194 - Connection lost
2025-05-12 22:30:41,808 [INFO] WebApp:191 - Connection restablished
2025-05-12 22:34:34,319 [INFO] WebApp:194 - Connection lost
2025-05-12 22:34:34,888 [INFO] WebApp:191 - Connection restablished
2025-05-12 22:50:07,545 [INFO] WebApp:194 - Connection lost
2025-05-12 22:50:08,034 [INFO] WebApp:191 - Connection restablished
2025-05-12 23:06:25,185 [INFO] WebApp:194 - Connection lost
2025-05-12 23:06:25,754 [INFO] WebApp:191 - Connection restablished
2025-05-12 23:22:47,377 [INFO] WebApp:194 - Connection lost
2025-05-12 23:22:48,241 [INFO] WebApp:191 - Connection restablished
2025-05-12 23:39:00,122 [INFO] WebApp:194 - Connection lost
2025-05-12 23:39:00,811 [INFO] WebApp:191 - Connection restablished
2025-05-12 23:47:59,798 [INFO] WebApp:194 - Connection lost
2025-05-12 23:48:00,453 [INFO] WebApp:191 - Connection restablished
