2025-05-13 00:04:14,551 [INFO] WebApp:194 - Connection lost
2025-05-13 00:04:16,451 [INFO] WebApp:191 - Connection restablished
2025-05-13 00:20:25,142 [INFO] WebApp:194 - Connection lost
2025-05-13 00:20:25,794 [INFO] WebApp:191 - Connection restablished
2025-05-13 00:31:44,219 [INFO] WebApp:194 - Connection lost
2025-05-13 00:31:44,779 [INFO] WebApp:191 - Connection restablished
2025-05-13 00:47:36,757 [INFO] WebApp:194 - Connection lost
2025-05-13 00:47:39,244 [INFO] WebApp:191 - Connection restablished
2025-05-13 01:04:21,833 [INFO] WebApp:194 - Connection lost
2025-05-13 01:04:22,976 [INFO] WebApp:191 - Connection restablished
2025-05-13 01:20:34,874 [INFO] WebApp:194 - Connection lost
2025-05-13 01:20:35,338 [INFO] WebApp:191 - Connection restablished
2025-05-13 01:32:44,034 [INFO] WebApp:194 - Connection lost
2025-05-13 01:32:44,824 [INFO] WebApp:191 - Connection restablished
2025-05-13 01:48:59,909 [INFO] WebApp:194 - Connection lost
2025-05-13 01:49:00,482 [INFO] WebApp:191 - Connection restablished
2025-05-13 02:05:11,889 [INFO] WebApp:194 - Connection lost
2025-05-13 02:05:13,537 [INFO] WebApp:191 - Connection restablished
2025-05-13 02:20:56,812 [INFO] WebApp:194 - Connection lost
2025-05-13 02:21:03,851 [INFO] WebApp:191 - Connection restablished
2025-05-13 02:24:18,468 [INFO] WebApp:194 - Connection lost
2025-05-13 02:24:19,690 [INFO] WebApp:191 - Connection restablished
2025-05-13 02:33:43,819 [INFO] WebApp:194 - Connection lost
2025-05-13 02:33:44,536 [INFO] WebApp:191 - Connection restablished
2025-05-13 02:49:55,273 [INFO] WebApp:194 - Connection lost
2025-05-13 02:49:56,142 [INFO] WebApp:191 - Connection restablished
2025-05-13 03:06:07,801 [INFO] WebApp:194 - Connection lost
2025-05-13 03:06:08,328 [INFO] WebApp:191 - Connection restablished
2025-05-13 03:22:26,039 [INFO] WebApp:194 - Connection lost
2025-05-13 03:22:26,797 [INFO] WebApp:191 - Connection restablished
2025-05-13 03:22:28,463 [INFO] WebApp:194 - Connection lost
2025-05-13 03:22:31,075 [INFO] WebApp:191 - Connection restablished
2025-05-13 03:34:43,856 [INFO] WebApp:194 - Connection lost
2025-05-13 03:34:44,258 [INFO] WebApp:191 - Connection restablished
2025-05-13 03:50:56,262 [INFO] WebApp:194 - Connection lost
2025-05-13 03:50:56,924 [INFO] WebApp:191 - Connection restablished
2025-05-13 04:06:44,639 [INFO] WebApp:194 - Connection lost
2025-05-13 04:06:45,797 [INFO] WebApp:191 - Connection restablished
2025-05-13 04:22:57,043 [INFO] WebApp:194 - Connection lost
2025-05-13 04:22:57,779 [INFO] WebApp:191 - Connection restablished
2025-05-13 04:24:53,043 [INFO] WebApp:194 - Connection lost
2025-05-13 04:24:53,742 [INFO] WebApp:191 - Connection restablished
2025-05-13 04:25:02,064 [INFO] WebApp:194 - Connection lost
2025-05-13 04:25:03,044 [INFO] WebApp:191 - Connection restablished
2025-05-13 04:35:44,315 [INFO] WebApp:194 - Connection lost
2025-05-13 04:35:44,786 [INFO] WebApp:191 - Connection restablished
2025-05-13 04:52:00,786 [INFO] WebApp:194 - Connection lost
2025-05-13 04:52:01,510 [INFO] WebApp:191 - Connection restablished
2025-05-13 05:08:13,328 [INFO] WebApp:194 - Connection lost
2025-05-13 05:08:13,700 [INFO] WebApp:191 - Connection restablished
2025-05-13 05:24:31,285 [INFO] WebApp:194 - Connection lost
2025-05-13 05:24:32,544 [INFO] WebApp:191 - Connection restablished
2025-05-13 05:36:45,301 [INFO] WebApp:194 - Connection lost
2025-05-13 05:36:46,229 [INFO] WebApp:191 - Connection restablished
2025-05-13 05:53:03,659 [INFO] WebApp:194 - Connection lost
2025-05-13 05:53:07,020 [INFO] WebApp:191 - Connection restablished
2025-05-13 06:09:16,276 [INFO] WebApp:194 - Connection lost
2025-05-13 06:09:18,664 [INFO] WebApp:191 - Connection restablished
2025-05-13 06:24:08,312 [INFO] WebApp:194 - Connection lost
2025-05-13 06:24:08,835 [INFO] WebApp:191 - Connection restablished
2025-05-13 06:37:45,495 [INFO] WebApp:194 - Connection lost
2025-05-13 06:37:47,117 [INFO] WebApp:191 - Connection restablished
2025-05-13 06:54:08,946 [INFO] WebApp:194 - Connection lost
2025-05-13 06:54:09,427 [INFO] WebApp:191 - Connection restablished
2025-05-13 07:10:21,442 [INFO] WebApp:194 - Connection lost
2025-05-13 07:10:23,181 [INFO] WebApp:191 - Connection restablished
2025-05-13 07:26:25,177 [INFO] WebApp:194 - Connection lost
2025-05-13 07:26:25,670 [INFO] WebApp:191 - Connection restablished
2025-05-13 07:26:28,117 [INFO] WebApp:194 - Connection lost
2025-05-13 07:26:33,848 [INFO] WebApp:191 - Connection restablished
2025-05-13 07:38:46,095 [INFO] WebApp:194 - Connection lost
2025-05-13 07:38:46,737 [INFO] WebApp:191 - Connection restablished
2025-05-13 07:38:49,254 [INFO] WebApp:194 - Connection lost
2025-05-13 07:38:55,138 [INFO] WebApp:191 - Connection restablished
2025-05-13 07:55:01,794 [INFO] WebApp:194 - Connection lost
2025-05-13 07:55:03,208 [INFO] WebApp:191 - Connection restablished
2025-05-13 07:57:09,740 [INFO] WebApp:194 - Connection lost
2025-05-13 07:57:10,349 [INFO] WebApp:191 - Connection restablished
2025-05-13 07:57:18,051 [INFO] WebApp:194 - Connection lost
2025-05-13 07:57:18,467 [INFO] WebApp:191 - Connection restablished
2025-05-13 07:57:44,751 [INFO] WebApp:194 - Connection lost
2025-05-13 07:57:53,451 [INFO] WebApp:191 - Connection restablished
2025-05-13 07:57:53,490 [INFO] WebApp:194 - Connection lost
2025-05-13 07:57:54,417 [INFO] WebApp:191 - Connection restablished
2025-05-13 07:58:07,285 [INFO] WebApp:194 - Connection lost
2025-05-13 07:58:07,831 [INFO] WebApp:191 - Connection restablished
2025-05-13 07:58:19,667 [INFO] WebApp:194 - Connection lost
2025-05-13 07:58:20,220 [INFO] WebApp:191 - Connection restablished
2025-05-13 07:58:24,229 [INFO] WebApp:194 - Connection lost
2025-05-13 07:58:27,177 [INFO] WebApp:191 - Connection restablished
2025-05-13 07:58:27,979 [INFO] WebApp:194 - Connection lost
2025-05-13 07:58:29,153 [INFO] WebApp:191 - Connection restablished
2025-05-13 08:14:13,774 [INFO] WebApp:194 - Connection lost
2025-05-13 08:14:14,306 [INFO] WebApp:191 - Connection restablished
2025-05-13 08:14:15,804 [INFO] WebApp:194 - Connection lost
2025-05-13 08:14:17,060 [INFO] WebApp:191 - Connection restablished
2025-05-13 08:30:15,947 [INFO] WebApp:194 - Connection lost
2025-05-13 08:30:22,491 [INFO] WebApp:191 - Connection restablished
2025-05-13 08:39:45,957 [INFO] WebApp:194 - Connection lost
2025-05-13 08:39:47,028 [INFO] WebApp:191 - Connection restablished
2025-05-13 08:56:00,611 [INFO] WebApp:194 - Connection lost
2025-05-13 08:56:01,693 [INFO] WebApp:191 - Connection restablished
2025-05-13 09:12:13,780 [INFO] WebApp:194 - Connection lost
2025-05-13 09:12:14,262 [INFO] WebApp:191 - Connection restablished
2025-05-13 09:15:01,958 [INFO] WebApp:194 - Connection lost
2025-05-13 09:15:02,333 [INFO] WebApp:191 - Connection restablished
2025-05-13 09:30:46,276 [INFO] WebApp:194 - Connection lost
2025-05-13 09:30:46,754 [INFO] WebApp:191 - Connection restablished
2025-05-13 09:40:45,992 [INFO] WebApp:194 - Connection lost
2025-05-13 09:40:46,556 [INFO] WebApp:191 - Connection restablished
2025-05-13 09:56:57,116 [INFO] WebApp:194 - Connection lost
2025-05-13 09:56:58,083 [INFO] WebApp:191 - Connection restablished
2025-05-13 10:13:08,990 [INFO] WebApp:194 - Connection lost
2025-05-13 10:13:10,027 [INFO] WebApp:191 - Connection restablished
2025-05-13 10:29:01,961 [INFO] WebApp:194 - Connection lost
2025-05-13 10:29:02,678 [INFO] WebApp:191 - Connection restablished
2025-05-13 10:29:04,938 [INFO] WebApp:194 - Connection lost
2025-05-13 10:29:06,538 [INFO] WebApp:191 - Connection restablished
2025-05-13 10:41:45,842 [INFO] WebApp:194 - Connection lost
2025-05-13 10:41:46,860 [INFO] WebApp:191 - Connection restablished
2025-05-13 10:41:49,008 [INFO] WebApp:194 - Connection lost
2025-05-13 10:41:49,778 [INFO] WebApp:191 - Connection restablished
2025-05-13 10:45:02,129 [INFO] WebApp:194 - Connection lost
2025-05-13 10:45:02,490 [INFO] WebApp:191 - Connection restablished
2025-05-13 10:45:10,296 [INFO] WebApp:194 - Connection lost
2025-05-13 10:45:11,233 [INFO] WebApp:191 - Connection restablished
2025-05-13 10:46:55,717 [INFO] WebApp:194 - Connection lost
2025-05-13 10:46:56,628 [INFO] WebApp:191 - Connection restablished
2025-05-13 10:48:44,134 [INFO] WebApp:194 - Connection lost
2025-05-13 10:48:47,037 [INFO] WebApp:191 - Connection restablished
2025-05-13 10:48:53,759 [INFO] WebApp:194 - Connection lost
2025-05-13 10:48:54,920 [INFO] WebApp:191 - Connection restablished
2025-05-13 11:04:27,172 [INFO] WebApp:194 - Connection lost
2025-05-13 11:04:29,553 [INFO] WebApp:191 - Connection restablished
2025-05-13 11:04:30,432 [INFO] WebApp:194 - Connection lost
2025-05-13 11:04:32,846 [INFO] WebApp:191 - Connection restablished
2025-05-13 11:20:45,642 [INFO] WebApp:194 - Connection lost
2025-05-13 11:20:46,264 [INFO] WebApp:191 - Connection restablished
2025-05-13 11:37:09,284 [INFO] WebApp:194 - Connection lost
2025-05-13 11:37:14,230 [INFO] WebApp:191 - Connection restablished
2025-05-13 11:42:45,660 [INFO] WebApp:194 - Connection lost
2025-05-13 11:42:46,369 [INFO] WebApp:191 - Connection restablished
2025-05-13 11:45:14,255 [INFO] WebApp:194 - Connection lost
2025-05-13 11:45:14,923 [INFO] WebApp:191 - Connection restablished
2025-05-13 11:47:42,696 [INFO] WebApp:194 - Connection lost
2025-05-13 11:47:43,036 [INFO] WebApp:191 - Connection restablished
2025-05-13 11:47:56,786 [INFO] WebApp:194 - Connection lost
2025-05-13 11:47:57,686 [INFO] WebApp:191 - Connection restablished
2025-05-13 11:49:42,523 [INFO] WebApp:194 - Connection lost
2025-05-13 11:49:43,210 [INFO] WebApp:191 - Connection restablished
2025-05-13 11:51:32,465 [INFO] WebApp:194 - Connection lost
2025-05-13 11:51:36,652 [INFO] WebApp:191 - Connection restablished
2025-05-13 11:51:41,849 [INFO] WebApp:194 - Connection lost
2025-05-13 11:51:46,157 [INFO] WebApp:191 - Connection restablished
2025-05-13 11:53:27,392 [INFO] WebApp:194 - Connection lost
2025-05-13 11:53:32,217 [INFO] WebApp:191 - Connection restablished
2025-05-13 11:53:35,818 [INFO] WebApp:194 - Connection lost
2025-05-13 11:53:39,588 [INFO] WebApp:191 - Connection restablished
2025-05-13 11:56:23,721 [INFO] WebApp:194 - Connection lost
2025-05-13 11:56:26,362 [INFO] WebApp:191 - Connection restablished
2025-05-13 11:58:12,595 [INFO] WebApp:194 - Connection lost
2025-05-13 11:58:15,177 [INFO] WebApp:191 - Connection restablished
2025-05-13 12:01:02,250 [INFO] WebApp:194 - Connection lost
2025-05-13 12:01:03,545 [INFO] WebApp:191 - Connection restablished
2025-05-13 12:02:29,070 [INFO] WebApp:194 - Connection lost
2025-05-13 12:02:30,814 [INFO] WebApp:191 - Connection restablished
2025-05-13 14:27:00,762 [INFO] I2cTimingTraitement:330 - 0x00100D14
2025-05-13 14:27:21,921 [INFO] NvicIntPanel:101 - NVIC parent = com.st.microxplorer.plugins.ip.nvic.MultiNvicIntPanel[,0,0,0x0,invalid,layout=javax.swing.BoxLayout,alignmentX=0.0,alignmentY=0.0,border=,flags=9,maximumSize=,minimumSize=,preferredSize=]
2025-05-13 14:27:22,378 [INFO] NvicIntPanel:101 - NVIC parent = com.st.microxplorer.plugins.ip.nvic.MultiNvicIntPanel[,0,0,0x0,invalid,layout=javax.swing.BoxLayout,alignmentX=0.0,alignmentY=0.0,border=,flags=9,maximumSize=,minimumSize=,preferredSize=]
2025-05-13 14:30:11,067 [INFO] UtilMem:75 - End SaveConfig() Used Memory: 921829096 Bytes (1073741824)
2025-05-13 14:30:14,562 [INFO] UtilMem:75 - End SaveConfig() Used Memory: 772787624 Bytes (1073741824)
2025-05-13 14:30:15,451 [INFO] BlockDiagram:2775 - set Specific Code input for plugin: NVIC
2025-05-13 14:30:15,451 [INFO] BlockDiagram:2775 - set Specific Code input for plugin: USART
2025-05-13 14:30:15,451 [INFO] BlockDiagram:2775 - set Specific Code input for plugin: TIM1_8L4
2025-05-13 14:30:15,451 [INFO] BlockDiagram:2775 - set Specific Code input for plugin: TIM1_8L4
2025-05-13 14:30:15,451 [INFO] BlockDiagram:2775 - set Specific Code input for plugin: SYS
2025-05-13 14:30:15,452 [INFO] BlockDiagram:2775 - set Specific Code input for plugin: GPIO
2025-05-13 14:30:15,452 [INFO] BlockDiagram:2775 - set Specific Code input for plugin: ADC
2025-05-13 14:30:15,452 [INFO] BlockDiagram:2775 - set Specific Code input for plugin: RCC
2025-05-13 14:30:15,452 [INFO] BlockDiagram:2775 - set Specific Code input for plugin: I2C
2025-05-13 14:30:15,453 [INFO] CodeGenerator:882 - code generatio: config db path: /Applications/STM32CubeIDE.app/Contents/Eclipse/plugins/com.st.stm32cube.common.mx_6.14.0.202502271554//db/
2025-05-13 14:30:15,668 [INFO] CodeEngine:263 - oldGeneratedFile, /Users/pfsldo/Programacao/Microcontroller-based_locking_in_optics_experiments/lcdOnStm32/MXTmpFiles/license.tmp_save
2025-05-13 14:30:16,116 [INFO] CodeEngine:287 - Generated code: /Users/pfsldo/Programacao/Microcontroller-based_locking_in_optics_experiments/lcdOnStm32/MXTmpFiles/license.tmp
2025-05-13 14:30:16,223 [INFO] CodeEngine:263 - oldGeneratedFile, /Users/pfsldo/Programacao/Microcontroller-based_locking_in_optics_experiments/lcdOnStm32/MXTmpFiles/gpio.tmp_save
2025-05-13 14:30:16,457 [INFO] CodeEngine:287 - Generated code: /Users/pfsldo/Programacao/Microcontroller-based_locking_in_optics_experiments/lcdOnStm32/MXTmpFiles/gpio.tmp
2025-05-13 14:30:17,391 [INFO] CodeEngine:263 - oldGeneratedFile, /Users/pfsldo/Programacao/Microcontroller-based_locking_in_optics_experiments/lcdOnStm32/Core/Src/stm32l4xx_it.c_save
2025-05-13 14:30:18,063 [INFO] CodeEngine:287 - Generated code: /Users/pfsldo/Programacao/Microcontroller-based_locking_in_optics_experiments/lcdOnStm32/Core/Src/stm32l4xx_it.c
2025-05-13 14:30:18,066 [INFO] CodeEngine:263 - oldGeneratedFile, /Users/pfsldo/Programacao/Microcontroller-based_locking_in_optics_experiments/lcdOnStm32/Core/Inc/stm32l4xx_it.h_save
2025-05-13 14:30:18,284 [INFO] CodeEngine:287 - Generated code: /Users/pfsldo/Programacao/Microcontroller-based_locking_in_optics_experiments/lcdOnStm32/Core/Inc/stm32l4xx_it.h
2025-05-13 14:30:18,297 [INFO] CodeEngine:263 - oldGeneratedFile, /Users/pfsldo/Programacao/Microcontroller-based_locking_in_optics_experiments/lcdOnStm32/Core/Src/stm32l4xx_hal_msp.c_save
2025-05-13 14:30:18,730 [INFO] CodeEngine:287 - Generated code: /Users/pfsldo/Programacao/Microcontroller-based_locking_in_optics_experiments/lcdOnStm32/Core/Src/stm32l4xx_hal_msp.c
2025-05-13 14:30:18,734 [INFO] CodeEngine:263 - oldGeneratedFile, /Users/pfsldo/Programacao/Microcontroller-based_locking_in_optics_experiments/lcdOnStm32/MXTmpFiles/system.tmp_save
2025-05-13 14:30:18,852 [INFO] CodeEngine:287 - Generated code: /Users/pfsldo/Programacao/Microcontroller-based_locking_in_optics_experiments/lcdOnStm32/MXTmpFiles/system.tmp
2025-05-13 14:30:18,862 [INFO] CodeEngine:319 - oldGeneratedFile, /Users/pfsldo/Programacao/Microcontroller-based_locking_in_optics_experiments/lcdOnStm32/Core/Inc/stm32l4xx_hal_conf.h_save
2025-05-13 14:30:18,985 [INFO] CodeEngine:343 - Generated code: /Users/pfsldo/Programacao/Microcontroller-based_locking_in_optics_experiments/lcdOnStm32/Core/Inc/stm32l4xx_hal_conf.h
2025-05-13 14:30:19,031 [WARN] IPConfigManager:3747 - IP not found : TIM
2025-05-13 14:30:19,032 [WARN] CodeGenerator:4198 - IP not found : null
2025-05-13 14:30:19,041 [INFO] CodeEngine:263 - oldGeneratedFile, /Users/pfsldo/Programacao/Microcontroller-based_locking_in_optics_experiments/lcdOnStm32/Core/Inc/main.h_save
2025-05-13 14:30:20,343 [INFO] CodeEngine:287 - Generated code: /Users/pfsldo/Programacao/Microcontroller-based_locking_in_optics_experiments/lcdOnStm32/Core/Inc/main.h
2025-05-13 14:30:20,766 [INFO] CodeEngine:263 - oldGeneratedFile, /Users/pfsldo/Programacao/Microcontroller-based_locking_in_optics_experiments/lcdOnStm32/Core/Src/main.c_save
2025-05-13 14:30:21,283 [INFO] CodeEngine:287 - Generated code: /Users/pfsldo/Programacao/Microcontroller-based_locking_in_optics_experiments/lcdOnStm32/Core/Src/main.c
2025-05-13 14:30:22,062 [INFO] ProjectBuilder:3324 - Time for Copy HAL[1] : 105mS.
2025-05-13 14:30:22,071 [INFO] ProjectBuilder:4912 - Project Generator version: 4.6.0-B36
2025-05-13 14:30:22,231 [INFO] ConfigFileManager:1590 - The Die is : DIE464
2025-05-13 14:30:27,205 [INFO] ProjectBuilder:5191 - Time for Generating toolchain IDE Files: 5131mS.
2025-05-13 14:30:27,212 [INFO] ProjectBuilder:3181 - Time for Copy CMSIS : 3mS.
2025-05-13 14:30:27,237 [INFO] ProjectBuilder:3181 - Time for Copy CMSIS : 1mS.
2025-05-13 15:57:41,432 [INFO] WebApp:194 - Connection lost
2025-05-13 15:57:43,664 [INFO] WebApp:191 - Connection restablished
2025-05-13 16:46:23,620 [INFO] WebApp:194 - Connection lost
2025-05-13 16:49:53,421 [INFO] WebApp:191 - Connection restablished
2025-05-13 16:49:53,912 [INFO] WebApp:194 - Connection lost
2025-05-13 16:49:54,284 [INFO] WebApp:191 - Connection restablished
2025-05-13 17:01:03,279 [INFO] WebApp:194 - Connection lost
2025-05-13 17:01:08,865 [INFO] WebApp:191 - Connection restablished
2025-05-13 17:01:15,013 [INFO] WebApp:194 - Connection lost
2025-05-13 17:01:16,043 [INFO] WebApp:191 - Connection restablished
2025-05-13 17:16:48,448 [INFO] WebApp:194 - Connection lost
2025-05-13 17:16:50,500 [INFO] WebApp:191 - Connection restablished
2025-05-13 17:18:54,983 [INFO] WebApp:194 - Connection lost
2025-05-13 17:19:01,124 [INFO] WebApp:191 - Connection restablished
2025-05-13 17:19:03,620 [INFO] WebApp:194 - Connection lost
2025-05-13 17:19:04,062 [INFO] WebApp:191 - Connection restablished
2025-05-13 17:20:49,703 [INFO] WebApp:194 - Connection lost
2025-05-13 17:20:50,208 [INFO] WebApp:191 - Connection restablished
2025-05-13 17:36:21,813 [INFO] WebApp:194 - Connection lost
2025-05-13 17:36:26,282 [INFO] WebApp:191 - Connection restablished
2025-05-13 17:41:09,157 [INFO] WebApp:194 - Connection lost
2025-05-13 17:41:09,816 [INFO] WebApp:191 - Connection restablished
2025-05-13 17:41:17,469 [INFO] WebApp:194 - Connection lost
2025-05-13 17:41:19,164 [INFO] WebApp:191 - Connection restablished
2025-05-13 17:56:51,183 [INFO] WebApp:194 - Connection lost
2025-05-13 17:56:54,839 [INFO] WebApp:191 - Connection restablished
2025-05-13 18:13:13,920 [INFO] WebApp:194 - Connection lost
2025-05-13 18:13:15,787 [INFO] WebApp:191 - Connection restablished
2025-05-13 18:29:26,822 [INFO] WebApp:194 - Connection lost
2025-05-13 18:29:27,263 [INFO] WebApp:191 - Connection restablished
2025-05-13 18:30:22,987 [INFO] WebApp:194 - Connection lost
2025-05-13 18:30:23,424 [INFO] WebApp:191 - Connection restablished
2025-05-13 18:31:54,412 [INFO] WebApp:194 - Connection lost
2025-05-13 18:31:55,485 [INFO] WebApp:191 - Connection restablished
2025-05-13 18:47:28,007 [INFO] WebApp:194 - Connection lost
2025-05-13 18:47:28,537 [INFO] WebApp:191 - Connection restablished
2025-05-13 18:48:15,461 [INFO] WebApp:194 - Connection lost
2025-05-13 18:48:15,840 [INFO] WebApp:191 - Connection restablished
2025-05-13 18:51:01,594 [INFO] WebApp:194 - Connection lost
2025-05-13 18:51:01,926 [INFO] WebApp:191 - Connection restablished
2025-05-13 18:58:22,893 [INFO] WebApp:194 - Connection lost
2025-05-13 18:58:23,277 [INFO] WebApp:191 - Connection restablished
2025-05-13 19:14:35,005 [INFO] WebApp:194 - Connection lost
2025-05-13 19:14:35,898 [INFO] WebApp:191 - Connection restablished
2025-05-13 19:16:42,158 [INFO] WebApp:194 - Connection lost
2025-05-13 19:16:42,594 [INFO] WebApp:191 - Connection restablished
2025-05-13 19:16:55,252 [INFO] WebApp:194 - Connection lost
2025-05-13 19:16:55,571 [INFO] WebApp:191 - Connection restablished
2025-05-13 19:18:36,616 [INFO] WebApp:194 - Connection lost
2025-05-13 19:18:37,902 [INFO] WebApp:191 - Connection restablished
2025-05-13 19:20:24,176 [INFO] WebApp:194 - Connection lost
2025-05-13 19:20:24,850 [INFO] WebApp:191 - Connection restablished
2025-05-13 19:20:33,481 [INFO] WebApp:194 - Connection lost
2025-05-13 19:20:33,733 [INFO] WebApp:191 - Connection restablished
2025-05-13 19:36:09,533 [INFO] WebApp:194 - Connection lost
2025-05-13 19:36:10,217 [INFO] WebApp:191 - Connection restablished
2025-05-13 19:38:28,374 [INFO] WebApp:194 - Connection lost
2025-05-13 19:38:29,069 [INFO] WebApp:191 - Connection restablished
2025-05-13 19:54:01,767 [INFO] WebApp:194 - Connection lost
2025-05-13 19:54:02,482 [INFO] WebApp:191 - Connection restablished
2025-05-13 19:59:22,734 [INFO] WebApp:194 - Connection lost
2025-05-13 19:59:23,432 [INFO] WebApp:191 - Connection restablished
2025-05-13 19:59:27,642 [INFO] WebApp:194 - Connection lost
2025-05-13 19:59:31,936 [INFO] WebApp:191 - Connection restablished
2025-05-13 20:01:38,387 [INFO] WebApp:194 - Connection lost
2025-05-13 20:01:38,739 [INFO] WebApp:191 - Connection restablished
2025-05-13 20:17:11,783 [INFO] WebApp:194 - Connection lost
2025-05-13 20:17:12,704 [INFO] WebApp:191 - Connection restablished
2025-05-13 20:33:25,635 [INFO] WebApp:194 - Connection lost
2025-05-13 20:33:26,863 [INFO] WebApp:191 - Connection restablished
2025-05-13 20:33:28,372 [INFO] WebApp:194 - Connection lost
2025-05-13 20:33:28,726 [INFO] WebApp:191 - Connection restablished
2025-05-13 20:49:41,178 [INFO] WebApp:194 - Connection lost
2025-05-13 20:49:41,610 [INFO] WebApp:191 - Connection restablished
2025-05-13 21:00:22,645 [INFO] WebApp:194 - Connection lost
2025-05-13 21:00:23,514 [INFO] WebApp:191 - Connection restablished
2025-05-13 21:16:39,546 [INFO] WebApp:194 - Connection lost
2025-05-13 21:16:45,773 [INFO] WebApp:191 - Connection restablished
2025-05-13 21:32:43,818 [INFO] WebApp:194 - Connection lost
2025-05-13 21:32:44,897 [INFO] WebApp:191 - Connection restablished
2025-05-13 21:49:11,739 [INFO] WebApp:194 - Connection lost
2025-05-13 21:49:12,340 [INFO] WebApp:191 - Connection restablished
2025-05-13 21:51:25,113 [INFO] WebApp:194 - Connection lost
2025-05-13 21:51:25,719 [INFO] WebApp:191 - Connection restablished
2025-05-13 22:01:23,074 [INFO] WebApp:194 - Connection lost
2025-05-13 22:01:23,959 [INFO] WebApp:191 - Connection restablished
2025-05-13 22:17:41,054 [INFO] WebApp:194 - Connection lost
2025-05-13 22:17:41,958 [INFO] WebApp:191 - Connection restablished
2025-05-13 22:34:13,643 [INFO] WebApp:194 - Connection lost
2025-05-13 22:34:14,096 [INFO] WebApp:191 - Connection restablished
2025-05-13 22:50:25,212 [INFO] WebApp:194 - Connection lost
2025-05-13 22:50:31,148 [INFO] WebApp:191 - Connection restablished
2025-05-13 23:02:22,994 [INFO] WebApp:194 - Connection lost
2025-05-13 23:02:24,265 [INFO] WebApp:191 - Connection restablished
2025-05-13 23:07:01,792 [INFO] WebApp:194 - Connection lost
2025-05-13 23:07:02,263 [INFO] WebApp:191 - Connection restablished
2025-05-13 23:07:16,295 [INFO] WebApp:194 - Connection lost
2025-05-13 23:07:17,082 [INFO] WebApp:191 - Connection restablished
2025-05-13 23:07:30,365 [INFO] WebApp:194 - Connection lost
2025-05-13 23:07:32,096 [INFO] WebApp:191 - Connection restablished
2025-05-13 23:07:39,745 [INFO] WebApp:194 - Connection lost
2025-05-13 23:07:45,937 [INFO] WebApp:191 - Connection restablished
2025-05-13 23:23:20,638 [INFO] WebApp:194 - Connection lost
2025-05-13 23:23:21,167 [INFO] WebApp:191 - Connection restablished
2025-05-13 23:39:36,123 [INFO] WebApp:194 - Connection lost
2025-05-13 23:39:41,688 [INFO] WebApp:191 - Connection restablished
2025-05-13 23:52:04,720 [INFO] WebApp:194 - Connection lost
2025-05-13 23:52:05,298 [INFO] WebApp:191 - Connection restablished
